1 [139761453156224] INFO perfrun.launcher <> - Launcher main begin
2 [139761453156224] INFO perfrun.launcher <> - MessageCatalogInit finished
2 [139761453156224] INFO perfrun.launcher <> - Launcher instance created
2 [139761453156224] INFO perfrun.launcher <> - argc = 7; cmdline = /home/brianlee/intel/oneapi/vtune/2024.1/bin64/amplxe-runss --ui-output-format xml --ui-output-fd 14 --option-file /home/brianlee/Documents/asc/OpenCAEPoro/OpenCAEPoro/OpenCAE/r006io/config/runsa.options 
104 [139761453156224] INFO perfrun.launcher <> - create msngr2::ICliToolContext
105 [139761453156224] INFO perfrun.launcher <> - create file finder object
105 [139761453156224] INFO perfrun.launcher <> - create a result directory: pattern = /home/brianlee/Documents/asc/OpenCAEPoro/OpenCAEPoro/OpenCAE/r006io pid = 4294967295
106 [139761453156224] INFO perfrun.sdk <> - checked that the directory /home/brianlee/Documents/asc/OpenCAEPoro/OpenCAEPoro/OpenCAE/r006io is a local directory
106 [139761453156224] INFO perfrun.sdk <> - the directory /home/brianlee/Documents/asc/OpenCAEPoro/OpenCAEPoro/OpenCAE/r006io is a local directory with FS type ID 2435016766
106 [139761453156224] INFO perfrun.launcher <> - create data directory = /home/brianlee/Documents/asc/OpenCAEPoro/OpenCAEPoro/OpenCAE/r006io/data.0
107 [139761453156224] INFO perfrun.launcher <> - Creating the master collection flag
110 [139761453156224] INFO perfrun.launcher <> - Done creating the master collection flag
112 [139761230546624] INFO perfrun.launcher <> - plugin [remoteplug] was disabled because it doesn't support the given collection type.
112 [139761230546624] INFO perfrun.system <> - online nodes : 0
112 [139761230546624] INFO perfrun.system <> - nodes with cpus : 0
112 [139761230546624] INFO perfrun.system <> - nodes with memory : 0
114 [139761230546624] INFO perfrun.sdk <> - Allocating TMU :/home/brianlee/Documents/asc/OpenCAEPoro/OpenCAEPoro/OpenCAE/r006io/data.0/systemcollector-2576065-fedora.sc
115 [139761230546624] INFO perfrun.launcher <> - plugin [ptracecollector] was disabled because it doesn't support the given collection type.
115 [139761230546624] INFO perfrun.launcher <> - plugin [gpu] was disabled because it doesn't support the given collection type.
115 [139761230546624] INFO perfrun.launcher <> - plugin [] was disabled because it doesn't support the given collection type.
115 [139761230546624] INFO perfrun.launcher <> - plugin [] was disabled because it doesn't support the given collection type.
115 [139761230546624] INFO perfrun.launcher <> - plugin [] was disabled because it doesn't support the given collection type.
115 [139761230546624] INFO perfrun.mrte <> - system-wide mode is 0
115 [139761230546624] INFO perfrun.mrte <> - Getting  mrte profiling environment ...
124 [139761230546624] INFO perfrun.mrte <> - INTEL_MRTE_DATA_DIR=/home/brianlee/Documents/asc/OpenCAEPoro/OpenCAEPoro/OpenCAE/r006io/data.0
124 [139761230546624] INFO perfrun.mrte <> - INTEL_MRTE_HOST_NAME=fedora
124 [139761230546624] INFO perfrun.mrte <> - JAVA_TOOL_OPTIONS=-agentlib:amplxe_samplingmrte_javaprof_1.0 -Dsun.boot.library.path=/home/brianlee/intel/oneapi/vtune/2024.1/lib32/runtime:/home/brianlee/intel/oneapi/vtune/2024.1/lib64/runtime
124 [139761230546624] INFO perfrun.mrte <> - LD_LIBRARY_PATH=/home/brianlee/intel/oneapi/vtune/2024.1/lib32/runtime:/home/brianlee/intel/oneapi/vtune/2024.1/lib64/runtime:/home/brianlee/intel/oneapi/tbb/2021.12/env/../lib/intel64/gcc4.8:/home/brianlee/intel/oneapi/mpi/2021.12/opt/mpi/libfabric/lib:/home/brianlee/intel/oneapi/mpi/2021.12/lib:/home/brianlee/intel/oneapi/mkl/2024.1/lib:/home/brianlee/intel/oneapi/ippcp/2021.11/lib/:/home/brianlee/intel/oneapi/ipp/2021.11/lib:/home/brianlee/intel/oneapi/dpl/2022.5/lib:/home/brianlee/intel/oneapi/dnnl/2024.1/lib:/home/brianlee/intel/oneapi/debugger/2024.1/opt/debugger/lib:/home/brianlee/intel/oneapi/dal/2024.2/lib:/home/brianlee/intel/oneapi/compiler/2024.1/opt/oclfpga/host/linux64/lib:/home/brianlee/intel/oneapi/compiler/2024.1/opt/compiler/lib:/home/brianlee/intel/oneapi/compiler/2024.1/lib:/home/brianlee/intel/oneapi/ccl/2021.12/lib/
124 [139761230546624] INFO perfrun.mrte <> - CORECLR_ENABLE_PROFILING=1
124 [139761230546624] INFO perfrun.mrte <> - CORECLR_PROFILER={AA5E4821-E3B1-479c-B7FF-5AD047D22CED}
124 [139761230546624] INFO perfrun.mrte <> - CORECLR_PROFILER_PATH=/home/brianlee/intel/oneapi/vtune/2024.1/lib64/libamplxe_samplingmrte_clrprof_1.0.so
124 [139761230546624] INFO perfrun.mrte <> - INTEL_MRTE_PROFILER_MODE=mixed
124 [139761230546624] INFO perfrun.mrte <> - Data directory: /home/brianlee/Documents/asc/OpenCAEPoro/OpenCAEPoro/OpenCAE/r006io/data.0
124 [139761230546624] INFO perfrun.mrte <> - Mrte plugin is initialized
124 [139761230546624] INFO perfrun.launcher <> - plugin [emon] was disabled because it doesn't support the given collection type.
124 [139761230546624] INFO perfrun.launcher <> - plugin [cuscol] was disabled because it doesn't support the given collection type.
124 [139761230546624] INFO perfrun.launcher <> - plugin [stdsrc] was disabled because it doesn't support the given collection type.
124 [139761230546624] INFO perfrun.launcher <> - plugin [sep] was disabled because it doesn't support the given collection type.
124 [139761230546624] INFO perfrun.launcher <> - plugin [vtsspp] was disabled because it doesn't support the given collection type.
124 [139761230546624] INFO perfrun.perfcollector <> - Platform type = 148
124 [139761230546624] INFO perfrun.sdk <> - Reading value (0) from file: /proc/sys/kernel/perf_event_paranoid
124 [139761230546624] INFO perfrun.perfcollector <> - checking access to: /home/brianlee/intel/oneapi/vtune/2024.1/bin64/amplxe-perf-priv
124 [139761230546624] INFO perfrun.perfcollector <> - dir found: /sys/bus/event_source/devices/software
124 [139761230546624] INFO perfrun.perfcollector <> - format: pmu format subdir doesn't exist
124 [139761230546624] INFO perfrun.perfcollector <> - hwInfo: not set, pmuFam: software
124 [139761230546624] INFO perfrun.perfcollector <> - pmu added: family: software, id: 0
124 [139761230546624] INFO perfrun.perfcollector <> - dir found: /sys/bus/event_source/devices/uncore_imc_free_running_1
124 [139761230546624] INFO perfrun.perfcollector <> - format: event config:0-7 mask:0-7
124 [139761230546624] INFO perfrun.perfcollector <> - format: umask config:8-15 mask:8-15
124 [139761230546624] INFO perfrun.perfcollector <> - hwInfo: not set, pmuFam: uncore_imc_free_running
124 [139761230546624] INFO perfrun.perfcollector <> - pmu added: family: uncore_imc_free_running, id: 1
125 [139761230546624] INFO perfrun.perfcollector <> - dir found: /sys/bus/event_source/devices/uncore_arb_0
125 [139761230546624] INFO perfrun.perfcollector <> - format: event config:0-7 mask:0-7
125 [139761230546624] INFO perfrun.perfcollector <> - format: edge config:18 mask:18
125 [139761230546624] INFO perfrun.perfcollector <> - format: inv config:23 mask:23
125 [139761230546624] INFO perfrun.perfcollector <> - format: umask config:8-15 mask:8-15
125 [139761230546624] INFO perfrun.perfcollector <> - format: cmask config:24-28 mask:24-28
125 [139761230546624] INFO perfrun.perfcollector <> - hwInfo: not set, pmuFam: uncore_arb
125 [139761230546624] INFO perfrun.perfcollector <> - pmu added: family: uncore_arb, id: 0
125 [139761230546624] INFO perfrun.perfcollector <> - dir found: /sys/bus/event_source/devices/cpu_core
125 [139761230546624] INFO perfrun.perfcollector <> - format: event config:0-7 mask:0-7
125 [139761230546624] INFO perfrun.perfcollector <> - format: pc config:19 mask:19
125 [139761230546624] INFO perfrun.perfcollector <> - format: edge config:18 mask:18
125 [139761230546624] INFO perfrun.perfcollector <> - format: offcore_rsp config1:0-63 mask:0-63
125 [139761230546624] INFO perfrun.perfcollector <> - format: ldlat config1:0-15 mask:0-15
125 [139761230546624] INFO perfrun.perfcollector <> - format: inv config:23 mask:23
125 [139761230546624] INFO perfrun.perfcollector <> - format: umask config:8-15 mask:8-15
125 [139761230546624] INFO perfrun.perfcollector <> - format: frontend config1:0-23 mask:0-23
125 [139761230546624] INFO perfrun.perfcollector <> - format: cmask config:24-31 mask:24-31
125 [139761230546624] INFO perfrun.perfcollector <> - hwInfo: PERF_CPU_CORE_PMU_DETAILS
125 [139761230546624] INFO perfrun.perfcollector <> - pmu added: family: cpu_core, id: 0
125 [139761230546624] INFO perfrun.perfcollector <> - dir found: /sys/bus/event_source/devices/uncore_clock
125 [139761230546624] INFO perfrun.perfcollector <> - format: event config:0-7 mask:0-7
125 [139761230546624] INFO perfrun.perfcollector <> - hwInfo: not set, pmuFam: uncore_clock
125 [139761230546624] INFO perfrun.perfcollector <> - pmu added: family: uncore_clock, id: 0
125 [139761230546624] INFO perfrun.perfcollector <> - dir found: /sys/bus/event_source/devices/uncore_imc_1
125 [139761230546624] INFO perfrun.perfcollector <> - format: event config:0-7 mask:0-7
125 [139761230546624] INFO perfrun.perfcollector <> - format: edge config:18 mask:18
125 [139761230546624] INFO perfrun.perfcollector <> - format: chmask config:8-11 mask:8-11
125 [139761230546624] INFO perfrun.perfcollector <> - hwInfo: PERF_IMC_PMU_DETAILS
125 [139761230546624] INFO perfrun.perfcollector <> - pmu added: family: uncore_imc, id: 1
125 [139761230546624] INFO perfrun.perfcollector <> - dir found: /sys/bus/event_source/devices/power
125 [139761230546624] INFO perfrun.perfcollector <> - format: event config:0-7 mask:0-7
125 [139761230546624] INFO perfrun.perfcollector <> - hwInfo: not set, pmuFam: power
125 [139761230546624] INFO perfrun.perfcollector <> - pmu added: family: power, id: 0
125 [139761230546624] INFO perfrun.perfcollector <> - dir found: /sys/bus/event_source/devices/uprobe
125 [139761230546624] INFO perfrun.perfcollector <> - format: ref_ctr_offset config:32-63 mask:32-63
125 [139761230546624] INFO perfrun.perfcollector <> - format: retprobe config:0 mask:0
125 [139761230546624] INFO perfrun.perfcollector <> - hwInfo: not set, pmuFam: uprobe
125 [139761230546624] INFO perfrun.perfcollector <> - pmu added: family: uprobe, id: 0
125 [139761230546624] INFO perfrun.perfcollector <> - dir found: /sys/bus/event_source/devices/intel_bts
125 [139761230546624] INFO perfrun.perfcollector <> - format: pmu format subdir doesn't exist
125 [139761230546624] INFO perfrun.perfcollector <> - hwInfo: not set, pmuFam: intel_bts
125 [139761230546624] INFO perfrun.perfcollector <> - pmu added: family: intel_bts, id: 0
125 [139761230546624] INFO perfrun.perfcollector <> - dir found: /sys/bus/event_source/devices/cpu_atom
125 [139761230546624] INFO perfrun.perfcollector <> - format: event config:0-7 mask:0-7
125 [139761230546624] INFO perfrun.perfcollector <> - format: pc config:19 mask:19
125 [139761230546624] INFO perfrun.perfcollector <> - format: edge config:18 mask:18
125 [139761230546624] INFO perfrun.perfcollector <> - format: offcore_rsp config1:0-63 mask:0-63
125 [139761230546624] INFO perfrun.perfcollector <> - format: ldlat config1:0-15 mask:0-15
125 [139761230546624] INFO perfrun.perfcollector <> - format: inv config:23 mask:23
125 [139761230546624] INFO perfrun.perfcollector <> - format: umask config:8-15 mask:8-15
125 [139761230546624] INFO perfrun.perfcollector <> - format: cmask config:24-31 mask:24-31
125 [139761230546624] INFO perfrun.perfcollector <> - hwInfo: PERF_CPU_ATOM_PMU_DETAILS
125 [139761230546624] INFO perfrun.perfcollector <> - pmu added: family: cpu_atom, id: 0
125 [139761230546624] INFO perfrun.perfcollector <> - dir found: /sys/bus/event_source/devices/cstate_core
126 [139761230546624] INFO perfrun.perfcollector <> - format: event config:0-63 mask:0-63
126 [139761230546624] INFO perfrun.perfcollector <> - hwInfo: not set, pmuFam: cstate_core
126 [139761230546624] INFO perfrun.perfcollector <> - pmu added: family: cstate_core, id: 0
126 [139761230546624] INFO perfrun.perfcollector <> - dir found: /sys/bus/event_source/devices/uncore_cbox_2
126 [139761230546624] INFO perfrun.perfcollector <> - format: event config:0-7 mask:0-7
126 [139761230546624] INFO perfrun.perfcollector <> - format: edge config:18 mask:18
126 [139761230546624] INFO perfrun.perfcollector <> - format: threshold config:24-29 mask:24-29
126 [139761230546624] INFO perfrun.perfcollector <> - format: inv config:23 mask:23
126 [139761230546624] INFO perfrun.perfcollector <> - format: umask config:8-15 mask:8-15
126 [139761230546624] INFO perfrun.perfcollector <> - hwInfo: PERF_CBOX_PMU_DETAILS
126 [139761230546624] INFO perfrun.perfcollector <> - pmu added: family: uncore_cbox, id: 2
126 [139761230546624] INFO perfrun.perfcollector <> - dir found: /sys/bus/event_source/devices/breakpoint
126 [139761230546624] INFO perfrun.perfcollector <> - format: pmu format subdir doesn't exist
126 [139761230546624] INFO perfrun.perfcollector <> - hwInfo: not set, pmuFam: breakpoint
126 [139761230546624] INFO perfrun.perfcollector <> - pmu added: family: breakpoint, id: 0
126 [139761230546624] INFO perfrun.perfcollector <> - dir found: /sys/bus/event_source/devices/uncore_arb_1
126 [139761230546624] INFO perfrun.perfcollector <> - format: event config:0-7 mask:0-7
126 [139761230546624] INFO perfrun.perfcollector <> - format: edge config:18 mask:18
126 [139761230546624] INFO perfrun.perfcollector <> - format: inv config:23 mask:23
126 [139761230546624] INFO perfrun.perfcollector <> - format: umask config:8-15 mask:8-15
126 [139761230546624] INFO perfrun.perfcollector <> - format: cmask config:24-28 mask:24-28
126 [139761230546624] INFO perfrun.perfcollector <> - hwInfo: not set, pmuFam: uncore_arb
126 [139761230546624] INFO perfrun.perfcollector <> - pmu added: family: uncore_arb, id: 1
126 [139761230546624] INFO perfrun.perfcollector <> - dir found: /sys/bus/event_source/devices/uncore_cbox_0
126 [139761230546624] INFO perfrun.perfcollector <> - format: event config:0-7 mask:0-7
126 [139761230546624] INFO perfrun.perfcollector <> - format: edge config:18 mask:18
126 [139761230546624] INFO perfrun.perfcollector <> - format: threshold config:24-29 mask:24-29
126 [139761230546624] INFO perfrun.perfcollector <> - format: inv config:23 mask:23
126 [139761230546624] INFO perfrun.perfcollector <> - format: umask config:8-15 mask:8-15
126 [139761230546624] INFO perfrun.perfcollector <> - hwInfo: PERF_CBOX_PMU_DETAILS
126 [139761230546624] INFO perfrun.perfcollector <> - pmu added: family: uncore_cbox, id: 0
126 [139761230546624] INFO perfrun.perfcollector <> - dir found: /sys/bus/event_source/devices/tracepoint
126 [139761230546624] INFO perfrun.perfcollector <> - format: pmu format subdir doesn't exist
126 [139761230546624] INFO perfrun.perfcollector <> - hwInfo: not set, pmuFam: tracepoint
126 [139761230546624] INFO perfrun.perfcollector <> - pmu added: family: tracepoint, id: 0
126 [139761230546624] INFO perfrun.perfcollector <> - dir found: /sys/bus/event_source/devices/cstate_pkg
126 [139761230546624] INFO perfrun.perfcollector <> - format: event config:0-63 mask:0-63
126 [139761230546624] INFO perfrun.perfcollector <> - hwInfo: not set, pmuFam: cstate_pkg
126 [139761230546624] INFO perfrun.perfcollector <> - pmu added: family: cstate_pkg, id: 0
126 [139761230546624] INFO perfrun.perfcollector <> - dir found: /sys/bus/event_source/devices/uncore_imc_free_running_0
126 [139761230546624] INFO perfrun.perfcollector <> - format: event config:0-7 mask:0-7
126 [139761230546624] INFO perfrun.perfcollector <> - format: umask config:8-15 mask:8-15
126 [139761230546624] INFO perfrun.perfcollector <> - hwInfo: not set, pmuFam: uncore_imc_free_running
126 [139761230546624] INFO perfrun.perfcollector <> - pmu added: family: uncore_imc_free_running, id: 0
126 [139761230546624] INFO perfrun.perfcollector <> - dir found: /sys/bus/event_source/devices/kprobe
126 [139761230546624] INFO perfrun.perfcollector <> - format: retprobe config:0 mask:0
126 [139761230546624] INFO perfrun.perfcollector <> - hwInfo: not set, pmuFam: kprobe
126 [139761230546624] INFO perfrun.perfcollector <> - pmu added: family: kprobe, id: 0
126 [139761230546624] INFO perfrun.perfcollector <> - dir found: /sys/bus/event_source/devices/uncore_imc_0
126 [139761230546624] INFO perfrun.perfcollector <> - format: event config:0-7 mask:0-7
126 [139761230546624] INFO perfrun.perfcollector <> - format: edge config:18 mask:18
126 [139761230546624] INFO perfrun.perfcollector <> - format: chmask config:8-11 mask:8-11
126 [139761230546624] INFO perfrun.perfcollector <> - hwInfo: PERF_IMC_PMU_DETAILS
126 [139761230546624] INFO perfrun.perfcollector <> - pmu added: family: uncore_imc, id: 0
126 [139761230546624] INFO perfrun.perfcollector <> - dir found: /sys/bus/event_source/devices/i915
126 [139761230546624] INFO perfrun.perfcollector <> - format: i915_eventid config:0-20 mask:0-20
126 [139761230546624] INFO perfrun.perfcollector <> - hwInfo: not set, pmuFam: i915
126 [139761230546624] INFO perfrun.perfcollector <> - pmu added: family: i915, id: 0
126 [139761230546624] INFO perfrun.perfcollector <> - dir found: /sys/bus/event_source/devices/msr
126 [139761230546624] INFO perfrun.perfcollector <> - format: event config:0-63 mask:0-63
126 [139761230546624] INFO perfrun.perfcollector <> - hwInfo: not set, pmuFam: msr
126 [139761230546624] INFO perfrun.perfcollector <> - pmu added: family: msr, id: 0
126 [139761230546624] INFO perfrun.perfcollector <> - dir found: /sys/bus/event_source/devices/uncore_cbox_3
126 [139761230546624] INFO perfrun.perfcollector <> - format: event config:0-7 mask:0-7
126 [139761230546624] INFO perfrun.perfcollector <> - format: edge config:18 mask:18
126 [139761230546624] INFO perfrun.perfcollector <> - format: threshold config:24-29 mask:24-29
126 [139761230546624] INFO perfrun.perfcollector <> - format: inv config:23 mask:23
126 [139761230546624] INFO perfrun.perfcollector <> - format: umask config:8-15 mask:8-15
126 [139761230546624] INFO perfrun.perfcollector <> - hwInfo: PERF_CBOX_PMU_DETAILS
127 [139761230546624] INFO perfrun.perfcollector <> - pmu added: family: uncore_cbox, id: 3
127 [139761230546624] INFO perfrun.perfcollector <> - dir found: /sys/bus/event_source/devices/intel_pt
127 [139761230546624] INFO perfrun.perfcollector <> - format: ptw config:12 mask:12
127 [139761230546624] INFO perfrun.perfcollector <> - format: event config:31 mask:31
127 [139761230546624] INFO perfrun.perfcollector <> - format: cyc_thresh config:19-22 mask:19-22
127 [139761230546624] INFO perfrun.perfcollector <> - format: pt config:0 mask:0
127 [139761230546624] INFO perfrun.perfcollector <> - format: notnt config:55 mask:55
127 [139761230546624] INFO perfrun.perfcollector <> - format: branch config:13 mask:13
127 [139761230546624] INFO perfrun.perfcollector <> - format: tsc config:10 mask:10
127 [139761230546624] INFO perfrun.perfcollector <> - format: pwr_evt config:4 mask:4
127 [139761230546624] INFO perfrun.perfcollector <> - format: fup_on_ptw config:5 mask:5
127 [139761230546624] INFO perfrun.perfcollector <> - format: cyc config:1 mask:1
127 [139761230546624] INFO perfrun.perfcollector <> - format: noretcomp config:11 mask:11
127 [139761230546624] INFO perfrun.perfcollector <> - format: mtc config:9 mask:9
127 [139761230546624] INFO perfrun.perfcollector <> - format: psb_period config:24-27 mask:24-27
127 [139761230546624] INFO perfrun.perfcollector <> - format: mtc_period config:14-17 mask:14-17
127 [139761230546624] INFO perfrun.perfcollector <> - hwInfo: not set, pmuFam: intel_pt
127 [139761230546624] INFO perfrun.perfcollector <> - pmu added: family: intel_pt, id: 0
127 [139761230546624] INFO perfrun.perfcollector <> - dir found: /sys/bus/event_source/devices/uncore_cbox_1
127 [139761230546624] INFO perfrun.perfcollector <> - format: event config:0-7 mask:0-7
127 [139761230546624] INFO perfrun.perfcollector <> - format: edge config:18 mask:18
127 [139761230546624] INFO perfrun.perfcollector <> - format: threshold config:24-29 mask:24-29
127 [139761230546624] INFO perfrun.perfcollector <> - format: inv config:23 mask:23
127 [139761230546624] INFO perfrun.perfcollector <> - format: umask config:8-15 mask:8-15
127 [139761230546624] INFO perfrun.perfcollector <> - hwInfo: PERF_CBOX_PMU_DETAILS
127 [139761230546624] INFO perfrun.perfcollector <> - pmu added: family: uncore_cbox, id: 1
127 [139761230546624] INFO perfrun.perfcollector <> - AIO blocks = 0
127 [139761230546624] INFO perfrun.perfcollector <> - compression level = 1
127 [139761230546624] INFO perfrun.perfcollector <> - Perf threads mode = CPU
127 [139761230546624] INFO perfrun.perfcollector <> - No MPI detected-1
127 [139761230546624] WARN perfrun.launcher <> - Messenger::say: To profile kernel modules during the session, make sure they are available in the /lib/modules/kernel_version/ location.
127 [139761230546624] INFO perfrun.sdk <> - runCmd: /home/brianlee/intel/oneapi/vtune/2024.1/bin64/sep -dry-run -sam 1 -ec CPU_CLK_UNHALTED.THREAD:sa=2600000,CPU_CLK_UNHALTED.REF_TSC:sample:sa=2600000,INST_RETIRED.ANY:sample:sa=2600000,CPU_CLK_UNHALTED.DISTRIBUTED:sa=2600000,UNC_M_CAS_COUNT_RD,UNC_M_CAS_COUNT_WR -experimental
128 [139761230546624] INFO perfrun.sdk <> - runCmd started PID 2576071
146 [139761230546624] INFO perfrun.perfcollector <> - SepDryRun RC = true
146 [139761230546624] INFO perfrun.perfcollector <> - DRY_RUN: "PMU type: Core (p-core)"
146 [139761230546624] INFO perfrun.perfcollector <> - pmu type: cpu_core
146 [139761230546624] INFO perfrun.perfcollector <> - DRY_RUN: "Group 0:"
146 [139761230546624] INFO perfrun.perfcollector <> - id: 0
146 [139761230546624] INFO perfrun.perfcollector <> - DRY_RUN: "INST_RETIRED.ANY: event id 2"
146 [139761230546624] INFO perfrun.perfcollector <> - eventName: INST_RETIRED.ANY, eventId: 2
146 [139761230546624] INFO perfrun.perfcollector <> - DRY_RUN: "CPU_CLK_UNHALTED.THREAD: event id 0"
146 [139761230546624] INFO perfrun.perfcollector <> - eventName: CPU_CLK_UNHALTED.THREAD, eventId: 0
146 [139761230546624] INFO perfrun.perfcollector <> - DRY_RUN: "CPU_CLK_UNHALTED.REF_TSC: event id 1"
146 [139761230546624] INFO perfrun.perfcollector <> - eventName: CPU_CLK_UNHALTED.REF_TSC, eventId: 1
146 [139761230546624] INFO perfrun.perfcollector <> - DRY_RUN: "CPU_CLK_UNHALTED.DISTRIBUTED: event id 3"
146 [139761230546624] INFO perfrun.perfcollector <> - eventName: CPU_CLK_UNHALTED.DISTRIBUTED, eventId: 3
146 [139761230546624] INFO perfrun.perfcollector <> - DRY_RUN: "CCCR"
146 [139761230546624] INFO perfrun.perfcollector <> - DRY_RUN: "reg_type       = 1	event_id       = g	reg_id         = 38f	reg_value      = 700000001"
146 [139761230546624] INFO perfrun.perfcollector <> - eventId: g, skip parsing event_id
146 [139761230546624] INFO perfrun.perfcollector <> - Register was ignored: group_id: 0, reg_type: 1, event_id: 4294967295, reg_id: 38f, reg_value: 700000001, pmu_name: cpu_core
146 [139761230546624] INFO perfrun.perfcollector <> - DRY_RUN: "reg_type       = 1	event_id       = g	reg_id         = 390	reg_value      = 700000001"
146 [139761230546624] INFO perfrun.perfcollector <> - eventId: g, skip parsing event_id
146 [139761230546624] INFO perfrun.perfcollector <> - Register was ignored: group_id: 0, reg_type: 1, event_id: 4294967295, reg_id: 390, reg_value: 700000001, pmu_name: cpu_core
146 [139761230546624] INFO perfrun.perfcollector <> - DRY_RUN: "reg_type       = 1	event_id       = g	reg_id         = 3f1	reg_value      = 700000001"
146 [139761230546624] INFO perfrun.perfcollector <> - eventId: g, skip parsing event_id
146 [139761230546624] INFO perfrun.perfcollector <> - Extended PEBS: group_id: 0, reg_type: 1, event_id: 4294967295, reg_id: 3f1, reg_value: 700000001, pmu_name: cpu_core
146 [139761230546624] INFO perfrun.perfcollector <> - DRY_RUN: "reg_type       = 1	event_id       = g	reg_id         = 1d9	reg_value      = 1800"
146 [139761230546624] INFO perfrun.perfcollector <> - eventId: g, skip parsing event_id
146 [139761230546624] INFO perfrun.perfcollector <> - Register was ignored: group_id: 0, reg_type: 1, event_id: 4294967295, reg_id: 1d9, reg_value: 1800, pmu_name: cpu_core
146 [139761230546624] INFO perfrun.perfcollector <> - DRY_RUN: "reg_type       = 1	event_id       = g	reg_id         = 38d	reg_value      = 333"
146 [139761230546624] INFO perfrun.perfcollector <> - eventId: g, skip parsing event_id
146 [139761230546624] INFO perfrun.perfcollector <> - Register was ignored: group_id: 0, reg_type: 1, event_id: 4294967295, reg_id: 38d, reg_value: 333, pmu_name: cpu_core
146 [139761230546624] INFO perfrun.perfcollector <> - DRY_RUN: "reg_type       = 1	event_id       = g	reg_id         = 3f2	reg_value      = 0"
146 [139761230546624] INFO perfrun.perfcollector <> - eventId: g, skip parsing event_id
146 [139761230546624] INFO perfrun.perfcollector <> - Adaptive PEBS: group_id: 0, reg_type: 1, event_id: 4294967295, reg_id: 3f2, reg_value: 0, pmu_name: cpu_core
146 [139761230546624] INFO perfrun.perfcollector <> - DRY_RUN: "reg_type       = 1	event_id       = g	reg_id         = 14ce	reg_value      = 0"
146 [139761230546624] INFO perfrun.perfcollector <> - eventId: g, skip parsing event_id
146 [139761230546624] INFO perfrun.perfcollector <> - Register was ignored: group_id: 0, reg_type: 1, event_id: 4294967295, reg_id: 14ce, reg_value: 0, pmu_name: cpu_core
146 [139761230546624] INFO perfrun.perfcollector <> - DRY_RUN: "reg_type       = 1	event_id       = 3	reg_id         = 186	reg_value      = 4302ec"
146 [139761230546624] INFO perfrun.perfcollector <> - Event selector: group_id: 0, reg_type: 1, event_id: 3, reg_id: 186, reg_value: 4302ec, pmu_name: cpu_core
146 [139761230546624] INFO perfrun.perfcollector <> - DRY_RUN: "ESCR"
147 [139761230546624] INFO perfrun.perfcollector <> - DRY_RUN: "DATA"
147 [139761230546624] INFO perfrun.perfcollector <> - DRY_RUN: "reg_type       = 4	event_id       = 2	reg_id         = 309	reg_value      = ffffffd853c0"
147 [139761230546624] INFO perfrun.perfcollector <> - eventId: 2, dataAddr: 309, dataVal: ffffffd853c0
147 [139761230546624] INFO perfrun.perfcollector <> - DRY_RUN: "reg_type       = 4	event_id       = 0	reg_id         = 30a	reg_value      = ffffffd853c0"
147 [139761230546624] INFO perfrun.perfcollector <> - eventId: 0, dataAddr: 30a, dataVal: ffffffd853c0
147 [139761230546624] INFO perfrun.perfcollector <> - DRY_RUN: "reg_type       = 4	event_id       = 1	reg_id         = 30b	reg_value      = ffffffd853c0"
147 [139761230546624] INFO perfrun.perfcollector <> - eventId: 1, dataAddr: 30b, dataVal: ffffffd853c0
147 [139761230546624] INFO perfrun.perfcollector <> - DRY_RUN: "reg_type       = 4	event_id       = 3	reg_id         = c1	reg_value      = ffffffd853c0"
147 [139761230546624] INFO perfrun.perfcollector <> - eventId: 3, dataAddr: c1, dataVal: ffffffd853c0
147 [139761230546624] INFO perfrun.perfcollector <> - DRY_RUN: "PMU type: Core (e-core)"
147 [139761230546624] INFO perfrun.perfcollector <> - pmu type: cpu_atom
147 [139761230546624] INFO perfrun.perfcollector <> - DRY_RUN: "Group 0:"
147 [139761230546624] INFO perfrun.perfcollector <> - id: 0
147 [139761230546624] INFO perfrun.perfcollector <> - DRY_RUN: "INST_RETIRED.ANY: event id 2"
147 [139761230546624] INFO perfrun.perfcollector <> - eventName: INST_RETIRED.ANY, eventId: 2
147 [139761230546624] INFO perfrun.perfcollector <> - DRY_RUN: "CPU_CLK_UNHALTED.THREAD: event id 0"
147 [139761230546624] INFO perfrun.perfcollector <> - eventName: CPU_CLK_UNHALTED.THREAD, eventId: 0
147 [139761230546624] INFO perfrun.perfcollector <> - DRY_RUN: "CPU_CLK_UNHALTED.REF_TSC: event id 1"
147 [139761230546624] INFO perfrun.perfcollector <> - eventName: CPU_CLK_UNHALTED.REF_TSC, eventId: 1
147 [139761230546624] INFO perfrun.perfcollector <> - DRY_RUN: "CCCR"
147 [139761230546624] INFO perfrun.perfcollector <> - DRY_RUN: "reg_type       = 1	event_id       = g	reg_id         = 38f	reg_value      = 700000000"
147 [139761230546624] INFO perfrun.perfcollector <> - eventId: g, skip parsing event_id
147 [139761230546624] INFO perfrun.perfcollector <> - Register was ignored: group_id: 0, reg_type: 1, event_id: 4294967295, reg_id: 38f, reg_value: 700000000, pmu_name: cpu_atom
147 [139761230546624] INFO perfrun.perfcollector <> - DRY_RUN: "reg_type       = 1	event_id       = g	reg_id         = 390	reg_value      = 700000000"
147 [139761230546624] INFO perfrun.perfcollector <> - eventId: g, skip parsing event_id
147 [139761230546624] INFO perfrun.perfcollector <> - Register was ignored: group_id: 0, reg_type: 1, event_id: 4294967295, reg_id: 390, reg_value: 700000000, pmu_name: cpu_atom
147 [139761230546624] INFO perfrun.perfcollector <> - DRY_RUN: "reg_type       = 1	event_id       = g	reg_id         = 3f1	reg_value      = 700000000"
147 [139761230546624] INFO perfrun.perfcollector <> - eventId: g, skip parsing event_id
147 [139761230546624] INFO perfrun.perfcollector <> - Extended PEBS: group_id: 0, reg_type: 1, event_id: 4294967295, reg_id: 3f1, reg_value: 700000000, pmu_name: cpu_atom
147 [139761230546624] INFO perfrun.perfcollector <> - DRY_RUN: "reg_type       = 1	event_id       = g	reg_id         = 1d9	reg_value      = 1800"
147 [139761230546624] INFO perfrun.perfcollector <> - eventId: g, skip parsing event_id
147 [139761230546624] INFO perfrun.perfcollector <> - Register was ignored: group_id: 0, reg_type: 1, event_id: 4294967295, reg_id: 1d9, reg_value: 1800, pmu_name: cpu_atom
147 [139761230546624] INFO perfrun.perfcollector <> - DRY_RUN: "reg_type       = 1	event_id       = g	reg_id         = 38d	reg_value      = 333"
147 [139761230546624] INFO perfrun.perfcollector <> - eventId: g, skip parsing event_id
147 [139761230546624] INFO perfrun.perfcollector <> - Register was ignored: group_id: 0, reg_type: 1, event_id: 4294967295, reg_id: 38d, reg_value: 333, pmu_name: cpu_atom
147 [139761230546624] INFO perfrun.perfcollector <> - DRY_RUN: "reg_type       = 1	event_id       = g	reg_id         = 3f2	reg_value      = 0"
147 [139761230546624] INFO perfrun.perfcollector <> - eventId: g, skip parsing event_id
147 [139761230546624] INFO perfrun.perfcollector <> - Adaptive PEBS: group_id: 0, reg_type: 1, event_id: 4294967295, reg_id: 3f2, reg_value: 0, pmu_name: cpu_atom
147 [139761230546624] INFO perfrun.perfcollector <> - DRY_RUN: "reg_type       = 1	event_id       = g	reg_id         = 14ce	reg_value      = 0"
147 [139761230546624] INFO perfrun.perfcollector <> - eventId: g, skip parsing event_id
147 [139761230546624] INFO perfrun.perfcollector <> - Register was ignored: group_id: 0, reg_type: 1, event_id: 4294967295, reg_id: 14ce, reg_value: 0, pmu_name: cpu_atom
147 [139761230546624] INFO perfrun.perfcollector <> - DRY_RUN: "ESCR"
147 [139761230546624] INFO perfrun.perfcollector <> - DRY_RUN: "DATA"
147 [139761230546624] INFO perfrun.perfcollector <> - DRY_RUN: "reg_type       = 4	event_id       = 2	reg_id         = 309	reg_value      = ffffffd853c0"
147 [139761230546624] INFO perfrun.perfcollector <> - eventId: 2, dataAddr: 309, dataVal: ffffffd853c0
147 [139761230546624] INFO perfrun.perfcollector <> - DRY_RUN: "reg_type       = 4	event_id       = 0	reg_id         = 30a	reg_value      = ffffffd853c0"
147 [139761230546624] INFO perfrun.perfcollector <> - eventId: 0, dataAddr: 30a, dataVal: ffffffd853c0
147 [139761230546624] INFO perfrun.perfcollector <> - DRY_RUN: "reg_type       = 4	event_id       = 1	reg_id         = 30b	reg_value      = ffffffd853c0"
147 [139761230546624] INFO perfrun.perfcollector <> - eventId: 1, dataAddr: 30b, dataVal: ffffffd853c0
147 [139761230546624] INFO perfrun.perfcollector <> - DRY_RUN: "PMU type: Uncore (imc)"
147 [139761230546624] INFO perfrun.perfcollector <> - pmu type: uncore_imc
147 [139761230546624] INFO perfrun.perfcollector <> - DRY_RUN: "Number of units: 2"
147 [139761230546624] INFO perfrun.perfcollector <> - id: 2
147 [139761230546624] INFO perfrun.perfcollector <> - DRY_RUN: "Group 0:"
147 [139761230546624] INFO perfrun.perfcollector <> - id: 0
147 [139761230546624] INFO perfrun.perfcollector <> - DRY_RUN: "UNC_M_CAS_COUNT_RD: event id 4"
147 [139761230546624] INFO perfrun.perfcollector <> - eventName: UNC_M_CAS_COUNT_RD, eventId: 4
147 [139761230546624] INFO perfrun.perfcollector <> - DRY_RUN: "UNC_M_CAS_COUNT_WR: event id 5"
147 [139761230546624] INFO perfrun.perfcollector <> - eventName: UNC_M_CAS_COUNT_WR, eventId: 5
147 [139761230546624] INFO perfrun.perfcollector <> - DRY_RUN: "CCCR"
147 [139761230546624] INFO perfrun.perfcollector <> - DRY_RUN: "idx = 1	reg_type       = 1	event_id = g	reg_id         = 1c0	reg_value      = 7"
147 [139761230546624] INFO perfrun.perfcollector <> - eventId: g, skip parsing event_id
147 [139761230546624] INFO perfrun.perfcollector <> - Register was ignored: group_id: 0, reg_type: 1, event_id: 4294967295, reg_id: 1c0, reg_value: 7, pmu_name: uncore_imc
147 [139761230546624] INFO perfrun.perfcollector <> - DRY_RUN: "idx = 2	reg_type       = 1	event_id = g	reg_id         = 101c0	reg_value      = 7"
147 [139761230546624] INFO perfrun.perfcollector <> - eventId: g, skip parsing event_id
147 [139761230546624] INFO perfrun.perfcollector <> - Register was ignored: group_id: 0, reg_type: 1, event_id: 4294967295, reg_id: 101c0, reg_value: 7, pmu_name: uncore_imc
147 [139761230546624] INFO perfrun.perfcollector <> - DRY_RUN: "idx = 3	reg_type       = 2	event_id = g	reg_id         = 1c4	reg_value      = 301"
147 [139761230546624] INFO perfrun.perfcollector <> - eventId: g, skip parsing event_id
147 [139761230546624] INFO perfrun.perfcollector <> - Register was ignored: group_id: 0, reg_type: 2, event_id: 4294967295, reg_id: 1c4, reg_value: 301, pmu_name: uncore_imc
147 [139761230546624] INFO perfrun.perfcollector <> - DRY_RUN: "idx = 4	reg_type       = 2	event_id = g	reg_id         = 101c4	reg_value      = 301"
147 [139761230546624] INFO perfrun.perfcollector <> - eventId: g, skip parsing event_id
147 [139761230546624] INFO perfrun.perfcollector <> - Register was ignored: group_id: 0, reg_type: 2, event_id: 4294967295, reg_id: 101c4, reg_value: 301, pmu_name: uncore_imc
147 [139761230546624] INFO perfrun.perfcollector <> - DRY_RUN: "idx = 5	reg_type       = 5	event_id = 4	reg_id         = 1d0	reg_value      = 20022"
147 [139761230546624] INFO perfrun.perfcollector <> - Event selector: group_id: 0, reg_type: 5, event_id: 4, reg_id: 1d0, reg_value: 20022, pmu_name: uncore_imc
147 [139761230546624] INFO perfrun.perfcollector <> - DRY_RUN: "idx = 6	reg_type       = 5	event_id = 5	reg_id         = 1d4	reg_value      = 20023"
148 [139761230546624] INFO perfrun.perfcollector <> - Event selector: group_id: 0, reg_type: 5, event_id: 5, reg_id: 1d4, reg_value: 20023, pmu_name: uncore_imc
148 [139761230546624] INFO perfrun.perfcollector <> - DRY_RUN: "idx = 10	reg_type       = 5	event_id = 4	reg_id         = 101d0	reg_value      = 20022"
148 [139761230546624] INFO perfrun.perfcollector <> - Event selector: group_id: 0, reg_type: 5, event_id: 4, reg_id: 101d0, reg_value: 20022, pmu_name: uncore_imc
148 [139761230546624] INFO perfrun.perfcollector <> - DRY_RUN: "idx = 11	reg_type       = 5	event_id = 5	reg_id         = 101d4	reg_value      = 20023"
148 [139761230546624] INFO perfrun.perfcollector <> - Event selector: group_id: 0, reg_type: 5, event_id: 5, reg_id: 101d4, reg_value: 20023, pmu_name: uncore_imc
148 [139761230546624] INFO perfrun.perfcollector <> - DRY_RUN: "ESCR"
148 [139761230546624] INFO perfrun.perfcollector <> - DRY_RUN: "DATA"
148 [139761230546624] INFO perfrun.perfcollector <> - DRY_RUN: "idx = 17	reg_type       = 4	event_id       = 4	reg_id         = d9e8	reg_value      = 0"
148 [139761230546624] INFO perfrun.perfcollector <> - eventId: 4, dataAddr: d9e8, dataVal: 0
148 [139761230546624] INFO perfrun.perfcollector <> - DRY_RUN: "idx = 18	reg_type       = 4	event_id       = 5	reg_id         = d9f0	reg_value      = 0"
148 [139761230546624] INFO perfrun.perfcollector <> - eventId: 5, dataAddr: d9f0, dataVal: 0
148 [139761230546624] INFO perfrun.perfcollector <> - DRY_RUN: "idx = 22	reg_type       = 4	event_id       = 4	reg_id         = 1d9e8	reg_value      = 0"
148 [139761230546624] INFO perfrun.perfcollector <> - eventId: 4, dataAddr: 1d9e8, dataVal: 0
148 [139761230546624] INFO perfrun.perfcollector <> - DRY_RUN: "idx = 23	reg_type       = 4	event_id       = 5	reg_id         = 1d9f0	reg_value      = 0"
148 [139761230546624] INFO perfrun.perfcollector <> - eventId: 5, dataAddr: 1d9f0, dataVal: 0
148 [139761230546624] INFO perfrun.perfcollector <> - event name: CPU_CLK_UNHALTED.THREAD
148 [139761230546624] INFO perfrun.perfcollector <> - pmu config: cpu_atom
148 [139761230546624] INFO perfrun.perfcollector <> - cccrAddr: ffffffff, cccrValue: 0
148 [139761230546624] INFO perfrun.perfcollector <> - dataAddr: 30a, dataValue: ffffffffffd853c0
148 [139761230546624] INFO perfrun.perfcollector <> - escrAddr: ffffffff, escrValue: 0
148 [139761230546624] INFO perfrun.perfcollector <> - extendedPebsValue: 700000000
148 [139761230546624] INFO perfrun.perfcollector <> - adaptivePebsAvailable: 1
148 [139761230546624] INFO perfrun.perfcollector <> - config: event: 3c
148 [139761230546624] INFO perfrun.perfcollector <> - config: pc: 0
148 [139761230546624] INFO perfrun.perfcollector <> - config: edge: 0
148 [139761230546624] INFO perfrun.perfcollector <> - config1: offcore_rsp: 0
148 [139761230546624] INFO perfrun.perfcollector <> - config1: ldlat: 0
148 [139761230546624] INFO perfrun.perfcollector <> - config: inv: 0
148 [139761230546624] INFO perfrun.perfcollector <> - config: umask: 0
148 [139761230546624] INFO perfrun.perfcollector <> - config: cmask: 0
148 [139761230546624] INFO perfrun.perfcollector <> - precise event: Extended PEBS is enabled for 1th fixed counter
148 [139761230546624] INFO perfrun.perfcollector <> - format: cpu_atom/period=0x27ac40,event=0x3c,name='CPU_CLK_UNHALTED.THREAD[ATOM]'/D
148 [139761230546624] INFO perfrun.perfcollector <> - event name: CPU_CLK_UNHALTED.REF_TSC
148 [139761230546624] INFO perfrun.perfcollector <> - pmu config: cpu_atom
148 [139761230546624] INFO perfrun.perfcollector <> - cccrAddr: ffffffff, cccrValue: 0
148 [139761230546624] INFO perfrun.perfcollector <> - dataAddr: 30b, dataValue: ffffffffffd853c0
148 [139761230546624] INFO perfrun.perfcollector <> - escrAddr: ffffffff, escrValue: 0
148 [139761230546624] INFO perfrun.perfcollector <> - extendedPebsValue: 700000000
148 [139761230546624] INFO perfrun.perfcollector <> - adaptivePebsAvailable: 1
148 [139761230546624] INFO perfrun.perfcollector <> - config: event: 0
148 [139761230546624] INFO perfrun.perfcollector <> - config: pc: 0
148 [139761230546624] INFO perfrun.perfcollector <> - config: edge: 0
148 [139761230546624] INFO perfrun.perfcollector <> - config1: offcore_rsp: 0
148 [139761230546624] INFO perfrun.perfcollector <> - config1: ldlat: 0
148 [139761230546624] INFO perfrun.perfcollector <> - config: inv: 0
148 [139761230546624] INFO perfrun.perfcollector <> - config: umask: 3
148 [139761230546624] INFO perfrun.perfcollector <> - config: cmask: 0
148 [139761230546624] INFO perfrun.perfcollector <> - precise event: Extended PEBS is enabled for 2th fixed counter
148 [139761230546624] INFO perfrun.perfcollector <> - format: cpu_atom/period=0x27ac40,umask=0x3,name='CPU_CLK_UNHALTED.REF_TSC[ATOM]'/D
148 [139761230546624] INFO perfrun.perfcollector <> - event name: INST_RETIRED.ANY
148 [139761230546624] INFO perfrun.perfcollector <> - pmu config: cpu_atom
148 [139761230546624] INFO perfrun.perfcollector <> - cccrAddr: ffffffff, cccrValue: 0
148 [139761230546624] INFO perfrun.perfcollector <> - dataAddr: 309, dataValue: ffffffffffd853c0
148 [139761230546624] INFO perfrun.perfcollector <> - escrAddr: ffffffff, escrValue: 0
148 [139761230546624] INFO perfrun.perfcollector <> - extendedPebsValue: 700000000
148 [139761230546624] INFO perfrun.perfcollector <> - adaptivePebsAvailable: 1
148 [139761230546624] INFO perfrun.perfcollector <> - config: event: c0
148 [139761230546624] INFO perfrun.perfcollector <> - config: pc: 0
148 [139761230546624] INFO perfrun.perfcollector <> - config: edge: 0
148 [139761230546624] INFO perfrun.perfcollector <> - config1: offcore_rsp: 0
148 [139761230546624] INFO perfrun.perfcollector <> - config1: ldlat: 0
148 [139761230546624] INFO perfrun.perfcollector <> - config: inv: 0
148 [139761230546624] INFO perfrun.perfcollector <> - config: umask: 0
148 [139761230546624] INFO perfrun.perfcollector <> - config: cmask: 0
148 [139761230546624] INFO perfrun.perfcollector <> - precise event: Extended PEBS is enabled for 0th fixed counter
148 [139761230546624] INFO perfrun.perfcollector <> - format: cpu_atom/period=0x27ac40,event=0xc0,name='INST_RETIRED.ANY[ATOM]'/D
148 [139761230546624] INFO perfrun.perfcollector <> - event name: CPU_CLK_UNHALTED.THREAD
148 [139761230546624] INFO perfrun.perfcollector <> - pmu config: cpu_core
148 [139761230546624] INFO perfrun.perfcollector <> - cccrAddr: ffffffff, cccrValue: 0
148 [139761230546624] INFO perfrun.perfcollector <> - dataAddr: 30a, dataValue: ffffffffffd853c0
148 [139761230546624] INFO perfrun.perfcollector <> - escrAddr: ffffffff, escrValue: 0
148 [139761230546624] INFO perfrun.perfcollector <> - extendedPebsValue: 700000001
148 [139761230546624] INFO perfrun.perfcollector <> - adaptivePebsAvailable: 1
148 [139761230546624] INFO perfrun.perfcollector <> - config: event: 3c
148 [139761230546624] INFO perfrun.perfcollector <> - config: pc: 0
148 [139761230546624] INFO perfrun.perfcollector <> - config: edge: 0
148 [139761230546624] INFO perfrun.perfcollector <> - config1: offcore_rsp: 0
148 [139761230546624] INFO perfrun.perfcollector <> - config1: ldlat: 0
148 [139761230546624] INFO perfrun.perfcollector <> - config: inv: 0
148 [139761230546624] INFO perfrun.perfcollector <> - config: umask: 0
148 [139761230546624] INFO perfrun.perfcollector <> - config1: frontend: 0
148 [139761230546624] INFO perfrun.perfcollector <> - config: cmask: 0
148 [139761230546624] INFO perfrun.perfcollector <> - precise event: Extended PEBS is enabled for 1th fixed counter
148 [139761230546624] INFO perfrun.perfcollector <> - format: cpu_core/period=0x27ac40,event=0x3c,name='CPU_CLK_UNHALTED.THREAD[CORE]'/D
148 [139761230546624] INFO perfrun.perfcollector <> - event name: CPU_CLK_UNHALTED.REF_TSC
148 [139761230546624] INFO perfrun.perfcollector <> - pmu config: cpu_core
148 [139761230546624] INFO perfrun.perfcollector <> - cccrAddr: ffffffff, cccrValue: 0
148 [139761230546624] INFO perfrun.perfcollector <> - dataAddr: 30b, dataValue: ffffffffffd853c0
149 [139761230546624] INFO perfrun.perfcollector <> - escrAddr: ffffffff, escrValue: 0
149 [139761230546624] INFO perfrun.perfcollector <> - extendedPebsValue: 700000001
149 [139761230546624] INFO perfrun.perfcollector <> - adaptivePebsAvailable: 1
149 [139761230546624] INFO perfrun.perfcollector <> - config: event: 0
149 [139761230546624] INFO perfrun.perfcollector <> - config: pc: 0
149 [139761230546624] INFO perfrun.perfcollector <> - config: edge: 0
149 [139761230546624] INFO perfrun.perfcollector <> - config1: offcore_rsp: 0
149 [139761230546624] INFO perfrun.perfcollector <> - config1: ldlat: 0
149 [139761230546624] INFO perfrun.perfcollector <> - config: inv: 0
149 [139761230546624] INFO perfrun.perfcollector <> - config: umask: 3
149 [139761230546624] INFO perfrun.perfcollector <> - config1: frontend: 0
149 [139761230546624] INFO perfrun.perfcollector <> - config: cmask: 0
149 [139761230546624] INFO perfrun.perfcollector <> - precise event: Extended PEBS is enabled for 2th fixed counter
149 [139761230546624] INFO perfrun.perfcollector <> - format: cpu_core/period=0x27ac40,umask=0x3,name='CPU_CLK_UNHALTED.REF_TSC[CORE]'/D
149 [139761230546624] INFO perfrun.perfcollector <> - event name: INST_RETIRED.ANY
149 [139761230546624] INFO perfrun.perfcollector <> - pmu config: cpu_core
149 [139761230546624] INFO perfrun.perfcollector <> - cccrAddr: ffffffff, cccrValue: 0
149 [139761230546624] INFO perfrun.perfcollector <> - dataAddr: 309, dataValue: ffffffffffd853c0
149 [139761230546624] INFO perfrun.perfcollector <> - escrAddr: ffffffff, escrValue: 0
149 [139761230546624] INFO perfrun.perfcollector <> - extendedPebsValue: 700000001
149 [139761230546624] INFO perfrun.perfcollector <> - adaptivePebsAvailable: 1
149 [139761230546624] INFO perfrun.perfcollector <> - config: event: c0
149 [139761230546624] INFO perfrun.perfcollector <> - config: pc: 0
149 [139761230546624] INFO perfrun.perfcollector <> - config: edge: 0
149 [139761230546624] INFO perfrun.perfcollector <> - config1: offcore_rsp: 0
149 [139761230546624] INFO perfrun.perfcollector <> - config1: ldlat: 0
149 [139761230546624] INFO perfrun.perfcollector <> - config: inv: 0
149 [139761230546624] INFO perfrun.perfcollector <> - config: umask: 0
149 [139761230546624] INFO perfrun.perfcollector <> - config1: frontend: 0
149 [139761230546624] INFO perfrun.perfcollector <> - config: cmask: 0
149 [139761230546624] INFO perfrun.perfcollector <> - precise event: Precise Distribution is enabled for 0th fixed counter
149 [139761230546624] INFO perfrun.perfcollector <> - format: cpu_core/period=0x27ac40,event=0xc0,name='INST_RETIRED.ANY[CORE]'/D
149 [139761230546624] INFO perfrun.perfcollector <> - event name: CPU_CLK_UNHALTED.DISTRIBUTED
149 [139761230546624] INFO perfrun.perfcollector <> - pmu config: cpu_core
149 [139761230546624] INFO perfrun.perfcollector <> - cccrAddr: 186, cccrValue: 4302ec
149 [139761230546624] INFO perfrun.perfcollector <> - dataAddr: c1, dataValue: ffffffffffd853c0
149 [139761230546624] INFO perfrun.perfcollector <> - escrAddr: ffffffff, escrValue: 0
149 [139761230546624] INFO perfrun.perfcollector <> - extendedPebsValue: 700000001
149 [139761230546624] INFO perfrun.perfcollector <> - adaptivePebsAvailable: 1
149 [139761230546624] INFO perfrun.perfcollector <> - config: event: ec
149 [139761230546624] INFO perfrun.perfcollector <> - config: pc: 0
149 [139761230546624] INFO perfrun.perfcollector <> - config: edge: 0
149 [139761230546624] INFO perfrun.perfcollector <> - config1: offcore_rsp: 0
149 [139761230546624] INFO perfrun.perfcollector <> - config1: ldlat: 0
149 [139761230546624] INFO perfrun.perfcollector <> - config: inv: 0
149 [139761230546624] INFO perfrun.perfcollector <> - config: umask: 2
149 [139761230546624] INFO perfrun.perfcollector <> - config1: frontend: 0
149 [139761230546624] INFO perfrun.perfcollector <> - config: cmask: 0
149 [139761230546624] INFO perfrun.perfcollector <> - precise event: config: 2ec, [cccrVal & impreciseMask(0x100000)]: 0
149 [139761230546624] INFO perfrun.perfcollector <> - format: cpu_core/period=0x27ac40,event=0xec,umask=0x2,name='CPU_CLK_UNHALTED.DISTRIBUTED[CORE]'/
149 [139761230546624] INFO perfrun.perfcollector <> - event name: UNC_M_CAS_COUNT_RD
149 [139761230546624] INFO perfrun.perfcollector <> - pmu config: uncore_imc_0
149 [139761230546624] INFO perfrun.perfcollector <> - cccrAddr: 101d0, cccrValue: 20022
149 [139761230546624] INFO perfrun.perfcollector <> - dataAddr: 1d9e8, dataValue: 0
149 [139761230546624] INFO perfrun.perfcollector <> - escrAddr: ffffffff, escrValue: 0
149 [139761230546624] INFO perfrun.perfcollector <> - extendedPebsValue: 0
149 [139761230546624] INFO perfrun.perfcollector <> - adaptivePebsAvailable: 0
149 [139761230546624] INFO perfrun.perfcollector <> - config: event: 22
149 [139761230546624] INFO perfrun.perfcollector <> - config: edge: 0
149 [139761230546624] INFO perfrun.perfcollector <> - config: chmask: 0
149 [139761230546624] INFO perfrun.perfcollector <> - format: uncore_imc_0/period=0x0,event=0x22,name='UNC_M_CAS_COUNT_RD[UNIT0]'/
149 [139761230546624] INFO perfrun.perfcollector <> - event name: UNC_M_CAS_COUNT_RD
149 [139761230546624] INFO perfrun.perfcollector <> - pmu config: uncore_imc_1
149 [139761230546624] INFO perfrun.perfcollector <> - cccrAddr: 101d0, cccrValue: 20022
149 [139761230546624] INFO perfrun.perfcollector <> - dataAddr: 1d9e8, dataValue: 0
149 [139761230546624] INFO perfrun.perfcollector <> - escrAddr: ffffffff, escrValue: 0
149 [139761230546624] INFO perfrun.perfcollector <> - extendedPebsValue: 0
149 [139761230546624] INFO perfrun.perfcollector <> - adaptivePebsAvailable: 0
149 [139761230546624] INFO perfrun.perfcollector <> - config: event: 22
149 [139761230546624] INFO perfrun.perfcollector <> - config: edge: 0
149 [139761230546624] INFO perfrun.perfcollector <> - config: chmask: 0
149 [139761230546624] INFO perfrun.perfcollector <> - format: uncore_imc_1/period=0x0,event=0x22,name='UNC_M_CAS_COUNT_RD[UNIT1]'/
149 [139761230546624] INFO perfrun.perfcollector <> - event name: UNC_M_CAS_COUNT_WR
149 [139761230546624] INFO perfrun.perfcollector <> - pmu config: uncore_imc_0
149 [139761230546624] INFO perfrun.perfcollector <> - cccrAddr: 101d4, cccrValue: 20023
149 [139761230546624] INFO perfrun.perfcollector <> - dataAddr: 1d9f0, dataValue: 0
149 [139761230546624] INFO perfrun.perfcollector <> - escrAddr: ffffffff, escrValue: 0
149 [139761230546624] INFO perfrun.perfcollector <> - extendedPebsValue: 0
149 [139761230546624] INFO perfrun.perfcollector <> - adaptivePebsAvailable: 0
149 [139761230546624] INFO perfrun.perfcollector <> - config: event: 23
149 [139761230546624] INFO perfrun.perfcollector <> - config: edge: 0
149 [139761230546624] INFO perfrun.perfcollector <> - config: chmask: 0
149 [139761230546624] INFO perfrun.perfcollector <> - format: uncore_imc_0/period=0x0,event=0x23,name='UNC_M_CAS_COUNT_WR[UNIT0]'/
149 [139761230546624] INFO perfrun.perfcollector <> - event name: UNC_M_CAS_COUNT_WR
149 [139761230546624] INFO perfrun.perfcollector <> - pmu config: uncore_imc_1
149 [139761230546624] INFO perfrun.perfcollector <> - cccrAddr: 101d4, cccrValue: 20023
149 [139761230546624] INFO perfrun.perfcollector <> - dataAddr: 1d9f0, dataValue: 0
149 [139761230546624] INFO perfrun.perfcollector <> - escrAddr: ffffffff, escrValue: 0
149 [139761230546624] INFO perfrun.perfcollector <> - extendedPebsValue: 0
149 [139761230546624] INFO perfrun.perfcollector <> - adaptivePebsAvailable: 0
149 [139761230546624] INFO perfrun.perfcollector <> - config: event: 23
150 [139761230546624] INFO perfrun.perfcollector <> - config: edge: 0
150 [139761230546624] INFO perfrun.perfcollector <> - config: chmask: 0
150 [139761230546624] INFO perfrun.perfcollector <> - format: uncore_imc_1/period=0x0,event=0x23,name='UNC_M_CAS_COUNT_WR[UNIT1]'/
150 [139761230546624] INFO perfrun.perfcollector <> - event: cpu_atom/period=0x27ac40,event=0x3c,name='CPU_CLK_UNHALTED.THREAD[ATOM]'/Dukpp, added for sampling
150 [139761230546624] INFO perfrun.perfcollector <> - event: cpu_atom/period=0x27ac40,umask=0x3,name='CPU_CLK_UNHALTED.REF_TSC[ATOM]'/Dukpp, added for sampling
150 [139761230546624] INFO perfrun.perfcollector <> - event: cpu_atom/period=0x27ac40,event=0xc0,name='INST_RETIRED.ANY[ATOM]'/Dukpp, added for sampling
150 [139761230546624] INFO perfrun.perfcollector <> - event: cpu_core/period=0x27ac40,event=0x3c,name='CPU_CLK_UNHALTED.THREAD[CORE]'/Dukpp, added for sampling
150 [139761230546624] INFO perfrun.perfcollector <> - event: cpu_core/period=0x27ac40,umask=0x3,name='CPU_CLK_UNHALTED.REF_TSC[CORE]'/Dukpp, added for sampling
150 [139761230546624] INFO perfrun.perfcollector <> - event: cpu_core/period=0x27ac40,event=0xc0,name='INST_RETIRED.ANY[CORE]'/Dukppp, added for sampling
150 [139761230546624] INFO perfrun.perfcollector <> - event: cpu_core/period=0x27ac40,event=0xec,umask=0x2,name='CPU_CLK_UNHALTED.DISTRIBUTED[CORE]'/ukpp, added for sampling
150 [139761230546624] INFO perfrun.perfcollector <> - event: uncore_imc_0/period=0x0,event=0x22,name='UNC_M_CAS_COUNT_RD[UNIT0]'/, added for counting
150 [139761230546624] INFO perfrun.perfcollector <> - event: uncore_imc_1/period=0x0,event=0x22,name='UNC_M_CAS_COUNT_RD[UNIT1]'/, added for counting
150 [139761230546624] INFO perfrun.perfcollector <> - event: uncore_imc_0/period=0x0,event=0x23,name='UNC_M_CAS_COUNT_WR[UNIT0]'/, added for counting
150 [139761230546624] INFO perfrun.perfcollector <> - event: uncore_imc_1/period=0x0,event=0x23,name='UNC_M_CAS_COUNT_WR[UNIT1]'/, added for counting
150 [139761230546624] INFO perfrun.perfcollector <> - attaching to pid: 4294967295, collect mode: 3, rc modes: 3
150 [139761220060864] WARN perfrun.perfcollector <> - Perf stat trace pipe capacity: read = 1048576, write = 1048576, at file: vcs/perfrun1/plugins/perfcollector/src/profiler.cpp:786
151 [139761220060864] INFO perfrun.sdk <> - runCmd: /home/brianlee/intel/oneapi/vtune/2024.1/bin64/amplxe-perf stat -v --log-fd 9 -I 10 -A --scale -x ; -a -e uncore_imc_0/period=0x0,event=0x22,name='UNC_M_CAS_COUNT_RD[UNIT0]'/,uncore_imc_1/period=0x0,event=0x22,name='UNC_M_CAS_COUNT_RD[UNIT1]'/,uncore_imc_0/period=0x0,event=0x23,name='UNC_M_CAS_COUNT_WR[UNIT0]'/,uncore_imc_1/period=0x0,event=0x23,name='UNC_M_CAS_COUNT_WR[UNIT1]'/ /home/brianlee/intel/oneapi/vtune/2024.1/bin64/amplxe-perf-sync dryrun tsc
152 [139761220060864] INFO perfrun.sdk <> - runCmd started PID 2576074
184 [139761220060864] INFO perfrun.perfcollector <> - Monitor: runCmd RC = true
185 [139761209575104] INFO perfrun.sdk <> - runCmd: /home/brianlee/intel/oneapi/vtune/2024.1/bin64/amplxe-perf record -v -o /home/brianlee/Documents/asc/OpenCAEPoro/OpenCAEPoro/OpenCAE/r006io/data.0/temp.dryrun.perf -N -B -T --sample-cpu -a --compression-level=1 --clockid=CLOCK_MONOTONIC_RAW -e cpu_atom/period=0x27ac40,event=0x3c,name='CPU_CLK_UNHALTED.THREAD[ATOM]'/Dukpp,cpu_atom/period=0x27ac40,umask=0x3,name='CPU_CLK_UNHALTED.REF_TSC[ATOM]'/Dukpp,cpu_atom/period=0x27ac40,event=0xc0,name='INST_RETIRED.ANY[ATOM]'/Dukpp,cpu_core/period=0x27ac40,event=0x3c,name='CPU_CLK_UNHALTED.THREAD[CORE]'/Dukpp,cpu_core/period=0x27ac40,umask=0x3,name='CPU_CLK_UNHALTED.REF_TSC[CORE]'/Dukpp,cpu_core/period=0x27ac40,event=0xc0,name='INST_RETIRED.ANY[CORE]'/Dukppp,cpu_core/period=0x27ac40,event=0xec,umask=0x2,name='CPU_CLK_UNHALTED.DISTRIBUTED[CORE]'/ukpp /home/brianlee/intel/oneapi/vtune/2024.1/bin64/amplxe-perf-sync dryrun tsc
187 [139761209575104] INFO perfrun.sdk <> - runCmd started PID 2576077
960 [139761209575104] INFO perfrun.perfcollector <> - Monitor: runCmd RC = true
961 [139761230546624] INFO perfrun.perfcollector <> - attaching to pid: 4294967295, collect mode: 3, rc modes: 6
961 [139761199089344] WARN perfrun.perfcollector <> - Perf stat trace pipe capacity: read = 1048576, write = 1048576, at file: vcs/perfrun1/plugins/perfcollector/src/profiler.cpp:786
963 [139761199089344] INFO perfrun.sdk <> - runCmd: /home/brianlee/intel/oneapi/vtune/2024.1/bin64/amplxe-perf stat -v --log-fd 9 -I 10 -A --scale -x ; -a -e uncore_imc_0/period=0x0,event=0x22,name='UNC_M_CAS_COUNT_RD[UNIT0]'/,uncore_imc_1/period=0x0,event=0x22,name='UNC_M_CAS_COUNT_RD[UNIT1]'/,uncore_imc_0/period=0x0,event=0x23,name='UNC_M_CAS_COUNT_WR[UNIT0]'/,uncore_imc_1/period=0x0,event=0x23,name='UNC_M_CAS_COUNT_WR[UNIT1]'/ /home/brianlee/intel/oneapi/vtune/2024.1/bin64/amplxe-perf-sync dryrun tsc
964 [139761199089344] INFO perfrun.sdk <> - runCmd started PID 2576082
997 [139761199089344] INFO perfrun.perfcollector <> - Monitor: runCmd RC = true
997 [139761220060864] INFO perfrun.sdk <> - runCmd: /home/brianlee/intel/oneapi/vtune/2024.1/bin64/amplxe-perf record -v -o /home/brianlee/Documents/asc/OpenCAEPoro/OpenCAEPoro/OpenCAE/r006io/data.0/temp.dryrun.perf -N -B -T --sample-cpu -d -a --compression-level=1 --clockid=CLOCK_MONOTONIC_RAW -e cpu_atom/period=0x27ac40,event=0x3c,name='CPU_CLK_UNHALTED.THREAD[ATOM]'/Dukpp,cpu_atom/period=0x27ac40,umask=0x3,name='CPU_CLK_UNHALTED.REF_TSC[ATOM]'/Dukpp,cpu_atom/period=0x27ac40,event=0xc0,name='INST_RETIRED.ANY[ATOM]'/Dukpp,cpu_core/period=0x27ac40,event=0x3c,name='CPU_CLK_UNHALTED.THREAD[CORE]'/Dukpp,cpu_core/period=0x27ac40,umask=0x3,name='CPU_CLK_UNHALTED.REF_TSC[CORE]'/Dukpp,cpu_core/period=0x27ac40,event=0xc0,name='INST_RETIRED.ANY[CORE]'/Dukppp,cpu_core/period=0x27ac40,event=0xec,umask=0x2,name='CPU_CLK_UNHALTED.DISTRIBUTED[CORE]'/ukpp /home/brianlee/intel/oneapi/vtune/2024.1/bin64/amplxe-perf-sync dryrun tsc
999 [139761220060864] INFO perfrun.sdk <> - runCmd started PID 2576085
1927 [139761220060864] INFO perfrun.perfcollector <> - Monitor: runCmd RC = true
1930 [139761230546624] INFO perfrun.launcher <> - plugin [aoclprofile] was disabled because it doesn't support the given collection type.
1930 [139761230546624] INFO perfrun.tpss <> - initialize tpss controller
1930 [139761230546624] INFO perfrun.launcher <> - plugin [tpss] was disabled because it doesn't support the given collection type.
1930 [139761230546624] INFO perfrun.launcher <> - plugin [media] was disabled because it doesn't support the given collection type.
1930 [139761230546624] INFO perfrun.launcher <> - plugin [] was disabled because it doesn't support the given collection type.
1930 [139761230546624] INFO perfrun.launcher <> - plugin [] was disabled because it doesn't support the given collection type.
1930 [139761230546624] INFO perfrun.launcher <> - plugin [parallelfs] was disabled because it doesn't support the given collection type.
1930 [139761230546624] INFO perfrun.launcher <> - plugin [power] was disabled because it doesn't support the given collection type.
1930 [139761230546624] INFO perfrun.launcher <> - plugin [] was disabled because it doesn't support the given collection type.
1930 [139761230546624] INFO perfrun.launcher <> - plugin [ipmwatch] was disabled because it doesn't support the given collection type.
1930 [139761230546624] INFO perfrun.launcher <> - plugin [os_counters] was disabled because it doesn't support the given collection type.
1930 [139761230546624] INFO perfrun.launcher <> - plugin [l0_metrics] was disabled because it doesn't support the given collection type.
1930 [139761453156224] INFO perfrun.launcher <> - set environment variable: LD_LIBRARY_PATH = /home/brianlee/intel/oneapi/vtune/2024.1/lib32/runtime:/home/brianlee/intel/oneapi/vtune/2024.1/lib64/runtime:/home/brianlee/intel/oneapi/tbb/2021.12/env/../lib/intel64/gcc4.8:/home/brianlee/intel/oneapi/mpi/2021.12/opt/mpi/libfabric/lib:/home/brianlee/intel/oneapi/mpi/2021.12/lib:/home/brianlee/intel/oneapi/mkl/2024.1/lib:/home/brianlee/intel/oneapi/ippcp/2021.11/lib/:/home/brianlee/intel/oneapi/ipp/2021.11/lib:/home/brianlee/intel/oneapi/dpl/2022.5/lib:/home/brianlee/intel/oneapi/dnnl/2024.1/lib:/home/brianlee/intel/oneapi/debugger/2024.1/opt/debugger/lib:/home/brianlee/intel/oneapi/dal/2024.2/lib:/home/brianlee/intel/oneapi/compiler/2024.1/opt/oclfpga/host/linux64/lib:/home/brianlee/intel/oneapi/compiler/2024.1/opt/compiler/lib:/home/brianlee/intel/oneapi/compiler/2024.1/lib:/home/brianlee/intel/oneapi/ccl/2021.12/lib/
1930 [139761453156224] INFO perfrun.launcher <> - set environment variable: INTEL_LIBITTNOTIFY32 = /home/brianlee/intel/oneapi/vtune/2024.1/lib32/runtime/libittnotify_collector.so
1930 [139761453156224] INFO perfrun.launcher <> - set environment variable: INTEL_LIBITTNOTIFY64 = /home/brianlee/intel/oneapi/vtune/2024.1/lib64/runtime/libittnotify_collector.so
1930 [139761453156224] INFO perfrun.launcher <> - set environment variable: INTEL_ITTNOTIFY_GROUPS = 
1930 [139761453156224] INFO perfrun.launcher <> - set environment variable: INTEL_JIT_PROFILER32 = /home/brianlee/intel/oneapi/vtune/2024.1/lib32/runtime/libittnotify_collector.so
1930 [139761453156224] INFO perfrun.launcher <> - set environment variable: INTEL_JIT_PROFILER64 = /home/brianlee/intel/oneapi/vtune/2024.1/lib64/runtime/libittnotify_collector.so
1930 [139761453156224] INFO perfrun.launcher <> - set environment variable: ENABLE_JITPROFILING = 1
1931 [139761453156224] INFO perfrun.launcher <> - set environment variable: CL_CONFIG_USE_VTUNE = True
1931 [139761453156224] INFO perfrun.launcher <> - set environment variable: KMP_FORKJOIN_FRAMES = 0
1931 [139761453156224] INFO perfrun.launcher <> - set environment variable: KMP_FORKJOIN_FRAMES_MODE = 0
1931 [139761453156224] INFO perfrun.launcher <> - set environment variable: INTEL_MRTE_DATA_DIR = /home/brianlee/Documents/asc/OpenCAEPoro/OpenCAEPoro/OpenCAE/r006io/data.0
1931 [139761453156224] INFO perfrun.launcher <> - set environment variable: INTEL_MRTE_HOST_NAME = fedora
1931 [139761453156224] INFO perfrun.launcher <> - set environment variable: JAVA_TOOL_OPTIONS = -agentlib:amplxe_samplingmrte_javaprof_1.0 -Dsun.boot.library.path=/home/brianlee/intel/oneapi/vtune/2024.1/lib32/runtime:/home/brianlee/intel/oneapi/vtune/2024.1/lib64/runtime
1931 [139761453156224] INFO perfrun.launcher <> - set environment variable: LD_LIBRARY_PATH = /home/brianlee/intel/oneapi/vtune/2024.1/lib32/runtime:/home/brianlee/intel/oneapi/vtune/2024.1/lib64/runtime:/home/brianlee/intel/oneapi/tbb/2021.12/env/../lib/intel64/gcc4.8:/home/brianlee/intel/oneapi/mpi/2021.12/opt/mpi/libfabric/lib:/home/brianlee/intel/oneapi/mpi/2021.12/lib:/home/brianlee/intel/oneapi/mkl/2024.1/lib:/home/brianlee/intel/oneapi/ippcp/2021.11/lib/:/home/brianlee/intel/oneapi/ipp/2021.11/lib:/home/brianlee/intel/oneapi/dpl/2022.5/lib:/home/brianlee/intel/oneapi/dnnl/2024.1/lib:/home/brianlee/intel/oneapi/debugger/2024.1/opt/debugger/lib:/home/brianlee/intel/oneapi/dal/2024.2/lib:/home/brianlee/intel/oneapi/compiler/2024.1/opt/oclfpga/host/linux64/lib:/home/brianlee/intel/oneapi/compiler/2024.1/opt/compiler/lib:/home/brianlee/intel/oneapi/compiler/2024.1/lib:/home/brianlee/intel/oneapi/ccl/2021.12/lib/
1931 [139761453156224] INFO perfrun.launcher <> - set environment variable: CORECLR_ENABLE_PROFILING = 1
1931 [139761453156224] INFO perfrun.launcher <> - set environment variable: CORECLR_PROFILER = {AA5E4821-E3B1-479c-B7FF-5AD047D22CED}
1931 [139761453156224] INFO perfrun.launcher <> - set environment variable: CORECLR_PROFILER_PATH = /home/brianlee/intel/oneapi/vtune/2024.1/lib64/libamplxe_samplingmrte_clrprof_1.0.so
1931 [139761453156224] INFO perfrun.launcher <> - set environment variable: INTEL_MRTE_PROFILER_MODE = mixed
1931 [139761453156224] INFO perfrun.launcher <> - RpcServer: run RPC server to handle requests
1931 [139761453156224] INFO perfrun.launcher <> - Launcher: command line to start before modification = /home/brianlee/Documents/asc/OpenCAEPoro/OpenCAEPoro/testOpenCAEPoro mpirun -n 4 ./testOpenCAEPoro ./data/test/test.data
1931 [139761453156224] INFO perfrun.launcher <> - Launcher: command line to start after modification = /home/brianlee/Documents/asc/OpenCAEPoro/OpenCAEPoro/testOpenCAEPoro mpirun -n 4 ./testOpenCAEPoro ./data/test/test.data
1931 [139761453156224] INFO perfrun.launcher <> - ProcessCreator object was created
1932 [139761453156224] INFO perfrun.launcher <> - Launcher: the process was started in suspend mode
1932 [139761230546624] INFO perfrun.launcher <> - Messenger::say: Peak bandwidth measurement started.
5717 [139761230546624] INFO perfrun.launcher <> - Messenger::say: Peak bandwidth measurement finished.
5718 [139761230546624] WARN perfrun.system <> - Could not do anything with /sys/kernel/debug/kvm: boost::filesystem::status: Permission denied [system:13]: "/sys/kernel/debug/kvm", at file: vcs/perfrun1/plugins/system/src/trace_writer.cpp:787
5719 [139761230546624] WARN perfrun.sdk <> - Failed to find xl binary on any of the system paths: /bin, /sbin, /usr/bin, /usr/sbin., at file: vcs/perfrun1/sdk/src/utils.cpp:204
5719 [139761230546624] WARN perfrun.system <> - Could not start ContainerMapping collector, at file: vcs/perfrun1/plugins/system/src/controller.cpp:448
5725 [139761230546624] INFO perfrun.vdso <> - Helper runtool '/home/brianlee/intel/oneapi/vtune/2024.1/bin32/amplxe-runss -dump-vdso -r /home/brianlee/Documents/asc/OpenCAEPoro/OpenCAEPoro/OpenCAE/r006io --tmp-dir /tmp/amplxe-tmp-brianlee' returned 1
6934 [139761230546624] INFO perfrun.vdso <> - Helper runtool '/home/brianlee/intel/oneapi/vtune/2024.1/bin64/amplxe-runss -dump-vdso -r /home/brianlee/Documents/asc/OpenCAEPoro/OpenCAEPoro/OpenCAE/r006io --tmp-dir /tmp/amplxe-tmp-brianlee' returned 0
6934 [139761230546624] INFO perfrun.itt <> - start itt controller for pid #2576088
6935 [139761230546624] INFO perfrun.perfcollector <> - attaching to pid: 2576088, collect mode: 3, rc modes: 5
6935 [139760270051008] WARN perfrun.perfcollector <> - Perf stat trace pipe capacity: read = 1048576, write = 1048576, at file: vcs/perfrun1/plugins/perfcollector/src/profiler.cpp:786
6936 [139760270051008] INFO perfrun.sdk <> - runCmd: /home/brianlee/intel/oneapi/vtune/2024.1/bin64/amplxe-perf stat -v --log-fd 23 --control=fd:24,29 -I 10 -A --scale -x ; -a -e uncore_imc_0/period=0x0,event=0x22,name='UNC_M_CAS_COUNT_RD[UNIT0]'/,uncore_imc_1/period=0x0,event=0x22,name='UNC_M_CAS_COUNT_RD[UNIT1]'/,uncore_imc_0/period=0x0,event=0x23,name='UNC_M_CAS_COUNT_WR[UNIT0]'/,uncore_imc_1/period=0x0,event=0x23,name='UNC_M_CAS_COUNT_WR[UNIT1]'/ /home/brianlee/intel/oneapi/vtune/2024.1/bin64/amplxe-perf-sync sync tsc
6937 [139760270051008] INFO perfrun.sdk <> - runCmd started PID 2576147
6960 [139760280536768] INFO perfrun.sdk <> - runCmd: /home/brianlee/intel/oneapi/vtune/2024.1/bin64/amplxe-perf record -v --control=fd:23,33 -o /home/brianlee/Documents/asc/OpenCAEPoro/OpenCAEPoro/OpenCAE/r006io/data.0/system-wide.perf -N -B -T --sample-cpu -d -a --compression-level=1 --threads --clockid=CLOCK_MONOTONIC_RAW -e cpu_atom/period=0x27ac40,event=0x3c,name='CPU_CLK_UNHALTED.THREAD[ATOM]'/Dukpp,cpu_atom/period=0x27ac40,umask=0x3,name='CPU_CLK_UNHALTED.REF_TSC[ATOM]'/Dukpp,cpu_atom/period=0x27ac40,event=0xc0,name='INST_RETIRED.ANY[ATOM]'/Dukpp,cpu_core/period=0x27ac40,event=0x3c,name='CPU_CLK_UNHALTED.THREAD[CORE]'/Dukpp,cpu_core/period=0x27ac40,umask=0x3,name='CPU_CLK_UNHALTED.REF_TSC[CORE]'/Dukpp,cpu_core/period=0x27ac40,event=0xc0,name='INST_RETIRED.ANY[CORE]'/Dukppp,cpu_core/period=0x27ac40,event=0xec,umask=0x2,name='CPU_CLK_UNHALTED.DISTRIBUTED[CORE]'/ukpp /home/brianlee/intel/oneapi/vtune/2024.1/bin64/amplxe-perf-sync sync tsc
6961 [139760280536768] INFO perfrun.sdk <> - runCmd started PID 2576150
7740 [139761453156224] INFO perfrun.launcher <> - Launcher: all plugins were started
7740 [139761453156224] INFO perfrun.launcher <> - DirectoryMonitor object was created
7740 [139761453156224] INFO perfrun.launcher <> - DirectoryMonitor: a callback was added
7740 [139761453156224] INFO perfrun.launcher <> - DirectoryMonitor was started with pingTime = 1000
7740 [139761453156224] INFO perfrun.launcher <> - DeadlineTimer is going to be constructed
7740 [139761453156224] INFO perfrun.launcher <> - DeadlineTimer: a callback was added
7745 [139761453156224] INFO perfrun.launcher <> - Launcher: resume the profiled application and  wait its termination or stop command
8935 [139761453156224] INFO perfrun.launcher <> - Launcher: the profiled application was terminated  with exit code = 134
8946 [139761230546624] INFO perfrun.itt <> - detach itt controller
8946 [139761230546624] INFO perfrun.itt <> - detach itt controller done
8972 [139760280536768] INFO perfrun.perfcollector <> - Monitor: runCmd RC = true
8972 [139761230546624] INFO perfrun.perfcollector <> - Monitor: state = 3, error = 1
8974 [139760270051008] INFO perfrun.perfcollector <> - Monitor: runCmd RC = true
8974 [139761230546624] INFO perfrun.perfcollector <> - Monitor: state = 3, error = 1
8974 [139761230546624] INFO perfrun.sdk <> - De-allocating TMU: /home/brianlee/Documents/asc/OpenCAEPoro/OpenCAEPoro/OpenCAE/r006io/data.0/systemcollector-2576065-fedora.sc
8974 [139761230546624] INFO perfrun.system <> - closed the system trace file: /home/brianlee/Documents/asc/OpenCAEPoro/OpenCAEPoro/OpenCAE/r006io/data.0/systemcollector-2576065-fedora.sc
8974 [139761453156224] INFO perfrun.launcher <> - Launcher: all plugins were stopped.
8974 [139761453156224] INFO perfrun.launcher <> - DeadlineTimer is going to be destroyed
8975 [139761453156224] INFO perfrun.launcher <> - DeadlineTimer was destroyed
8975 [139761453156224] INFO perfrun.launcher <> - DirectoryMonitor object was destroyed
8975 [139761453156224] WARN perfrun.launcher <> - Stop command is ignored because it is received when collection is already stopped, at file: vcs/perfrun1/launcher/src/command_handler.cpp:226
8976 [139761453156224] INFO perfrun.launcher <> - Application exit code: 134
8976 [139761453156224] INFO perfrun.launcher <> - Exit code: 4
