SUMMARY OF RUN ./data/case1/case1.data -- 333 time step
Row 1
	        TIME	      NRiter	      LSiter	         FPR	      Volume	        FOPR	        FOPT	        FGPR	        FGPT	        FWPR
	         DAY	           -	           -	        PSIA	         Ft3	     STB/DAY	         STB	    MSCF/DAY	        MSCF	     STB/DAY
	           -	           -	           -	           -	 Hydrocarbon	           -	           -	           -	           -	           -
	       0.010	           3	           7	 4.79425e+03	 2.64618e+09	 2.00000e+04	 2.00000e+02	 2.54000e+04	 2.54000e+02	 1.75311e-03
	       0.110	          11	          33	 4.79469e+03	 2.64618e+09	 2.00000e+04	 2.20000e+03	 2.52532e+04	 2.77932e+03	 5.13829e-03
	       0.210	          16	          48	 4.79507e+03	 2.64618e+09	 2.00000e+04	 4.20000e+03	 2.50685e+04	 5.28617e+03	 6.11972e-03
	       0.329	          20	          60	 4.79556e+03	 2.64619e+09	 2.00000e+04	 6.57629e+03	 2.58672e+04	 8.35958e+03	 7.02099e-03
	       0.389	          23	          68	 4.79577e+03	 2.64619e+09	 2.00000e+04	 7.77253e+03	 2.63985e+04	 9.93852e+03	 7.45267e-03
	       0.508	          26	          79	 4.79620e+03	 2.64619e+09	 2.00000e+04	 1.01650e+04	 2.74230e+04	 1.32190e+04	 8.29294e-03
	       0.747	          32	          99	 4.79709e+03	 2.64620e+09	 2.00000e+04	 1.49499e+04	 2.81179e+04	 1.99461e+04	 9.47089e-03
	       1.000	          37	         116	 4.79801e+03	 2.64621e+09	 2.00000e+04	 2.00000e+04	 2.77843e+04	 2.69617e+04	 1.01560e-02
	       1.379	          42	         129	 4.79939e+03	 2.64623e+09	 2.00000e+04	 2.75751e+04	 2.69692e+04	 3.71764e+04	 1.07135e-02
	       1.947	          48	         146	 4.80150e+03	 2.64625e+09	 2.00000e+04	 3.89377e+04	 2.66512e+04	 5.23178e+04	 1.13695e-02
	       2.799	          54	         163	 4.80458e+03	 2.64628e+09	 2.00000e+04	 5.59817e+04	 2.68004e+04	 7.51570e+04	 1.22665e-02
	       4.000	          58	         177	 4.80892e+03	 2.64632e+09	 2.00000e+04	 8.00000e+04	 2.67729e+04	 1.07309e+05	 1.31562e-02
	       6.104	          64	         197	 4.81651e+03	 2.64640e+09	 2.00000e+04	 1.22086e+05	 2.66934e+04	 1.63480e+05	 1.42328e-02
	       8.965	          69	         216	 4.82662e+03	 2.64650e+09	 2.00000e+04	 1.79306e+05	 2.67611e+04	 2.40043e+05	 1.53557e-02
	      11.965	          74	         233	 4.83690e+03	 2.64660e+09	 2.00000e+04	 2.39306e+05	 2.67935e+04	 3.20423e+05	 1.62582e-02
	      13.000	          77	         241	 4.84023e+03	 2.64664e+09	 2.00000e+04	 2.60000e+05	 2.67857e+04	 3.48139e+05	 1.65294e-02
	      15.069	          81	         255	 4.84717e+03	 2.64671e+09	 2.00000e+04	 3.01389e+05	 2.68196e+04	 4.03641e+05	 1.70262e-02
	      18.069	          86	         272	 4.85745e+03	 2.64681e+09	 2.00000e+04	 3.61389e+05	 2.68496e+04	 4.84189e+05	 1.76308e-02
	      21.069	          91	         290	 4.86755e+03	 2.64691e+09	 2.00000e+04	 4.21389e+05	 2.68364e+04	 5.64699e+05	 1.81253e-02
	      24.069	          96	         307	 4.87769e+03	 2.64701e+09	 2.00000e+04	 4.81389e+05	 2.68077e+04	 6.45122e+05	 1.85354e-02
	      27.069	         101	         325	 4.88777e+03	 2.64712e+09	 2.00000e+04	 5.41389e+05	 2.67573e+04	 7.25394e+05	 1.88748e-02
	      30.069	         106	         342	 4.89784e+03	 2.64722e+09	 2.00000e+04	 6.01389e+05	 2.66837e+04	 8.05445e+05	 1.91469e-02
	      33.069	         111	         361	 4.90789e+03	 2.64731e+09	 2.00000e+04	 6.61389e+05	 2.65914e+04	 8.85219e+05	 1.93570e-02
	      36.069	         116	         379	 4.91796e+03	 2.64742e+09	 2.00000e+04	 7.21389e+05	 2.64924e+04	 9.64696e+05	 1.95183e-02
	      39.069	         121	         396	 4.92798e+03	 2.64752e+09	 2.00000e+04	 7.81389e+05	 2.63868e+04	 1.04386e+06	 1.96363e-02
	      42.000	         125	         410	 4.93775e+03	 2.64762e+09	 2.00000e+04	 8.40000e+05	 2.62713e+04	 1.12085e+06	 1.97092e-02
	      45.000	         130	         429	 4.94776e+03	 2.64772e+09	 2.00000e+04	 9.00000e+05	 2.61419e+04	 1.19927e+06	 1.97431e-02
	      48.000	         134	         444	 4.95773e+03	 2.64782e+09	 2.00000e+04	 9.60000e+05	 2.60042e+04	 1.27728e+06	 1.97402e-02
	      50.000	         137	         455	 4.96429e+03	 2.64788e+09	 2.00000e+04	 1.00000e+06	 2.59107e+04	 1.32911e+06	 1.97242e-02
	      53.000	         141	         471	 4.97435e+03	 2.64798e+09	 2.00000e+04	 1.06000e+06	 2.57675e+04	 1.40641e+06	 1.96715e-02
	      56.000	         146	         491	 4.98433e+03	 2.64808e+09	 2.00000e+04	 1.12000e+06	 2.56248e+04	 1.48328e+06	 1.95947e-02
	      59.000	         151	         510	 4.99428e+03	 2.64819e+09	 2.00000e+04	 1.18000e+06	 2.54838e+04	 1.55973e+06	 1.94972e-02
	      62.000	         156	         531	 5.00426e+03	 2.64829e+09	 2.00000e+04	 1.24000e+06	 2.53454e+04	 1.63577e+06	 1.93817e-02
	      65.000	         160	         548	 5.01424e+03	 2.64839e+09	 2.00000e+04	 1.30000e+06	 2.52110e+04	 1.71140e+06	 1.92516e-02
	      68.000	         165	         567	 5.02420e+03	 2.64849e+09	 2.00000e+04	 1.36000e+06	 2.50742e+04	 1.78663e+06	 1.91040e-02
	      71.000	         169	         583	 5.03421e+03	 2.64859e+09	 2.00000e+04	 1.42000e+06	 2.49352e+04	 1.86143e+06	 1.89399e-02
	      74.000	         173	         599	 5.04419e+03	 2.64869e+09	 2.00000e+04	 1.48000e+06	 2.47984e+04	 1.93583e+06	 1.87632e-02
	      77.000	         177	         615	 5.05416e+03	 2.64879e+09	 2.00000e+04	 1.54000e+06	 2.46668e+04	 2.00983e+06	 1.85775e-02
	      80.000	         182	         634	 5.06419e+03	 2.64889e+09	 2.00000e+04	 1.60000e+06	 2.45399e+04	 2.08345e+06	 1.83838e-02
	      83.000	         186	         651	 5.07426e+03	 2.64899e+09	 2.00000e+04	 1.66000e+06	 2.44194e+04	 2.15671e+06	 1.81838e-02
	      86.000	         190	         668	 5.08432e+03	 2.64910e+09	 2.00000e+04	 1.72000e+06	 2.43076e+04	 2.22963e+06	 1.79792e-02
	      89.000	         194	         684	 5.09437e+03	 2.64920e+09	 2.00000e+04	 1.78000e+06	 2.42081e+04	 2.30225e+06	 1.77732e-02
	      92.000	         198	         700	 5.10445e+03	 2.64930e+09	 2.00000e+04	 1.84000e+06	 2.41251e+04	 2.37463e+06	 1.75705e-02
	      95.000	         202	         716	 5.11457e+03	 2.64940e+09	 2.00000e+04	 1.90000e+06	 2.40638e+04	 2.44682e+06	 1.73742e-02
	      98.000	         207	         737	 5.12467e+03	 2.64950e+09	 2.00000e+04	 1.96000e+06	 2.40246e+04	 2.51889e+06	 1.71865e-02
	     101.000	         212	         760	 5.13478e+03	 2.64960e+09	 2.00000e+04	 2.02000e+06	 2.40067e+04	 2.59091e+06	 1.70086e-02
	     104.000	         216	         778	 5.14491e+03	 2.64971e+09	 2.00000e+04	 2.08000e+06	 2.40056e+04	 2.66293e+06	 1.68379e-02
	     107.000	         220	         795	 5.15501e+03	 2.64981e+09	 2.00000e+04	 2.14000e+06	 2.40189e+04	 2.73499e+06	 1.66721e-02
	     110.000	         224	         814	 5.16512e+03	 2.64991e+09	 2.00000e+04	 2.20000e+06	 2.40477e+04	 2.80713e+06	 1.65135e-02
	     113.000	         229	         836	 5.17518e+03	 2.65001e+09	 2.00000e+04	 2.26000e+06	 2.40924e+04	 2.87941e+06	 1.63650e-02
	     116.000	         233	         854	 5.18522e+03	 2.65011e+09	 2.00000e+04	 2.32000e+06	 2.41474e+04	 2.95185e+06	 1.62246e-02
	     119.000	         237	         871	 5.19525e+03	 2.65021e+09	 2.00000e+04	 2.38000e+06	 2.42080e+04	 3.02447e+06	 1.60900e-02
	     122.000	         241	         888	 5.20526e+03	 2.65032e+09	 2.00000e+04	 2.44000e+06	 2.42692e+04	 3.09728e+06	 1.59566e-02
	     125.000	         245	         905	 5.21522e+03	 2.65042e+09	 2.00000e+04	 2.50000e+06	 2.43285e+04	 3.17027e+06	 1.58227e-02
	     128.000	         249	         922	 5.22518e+03	 2.65052e+09	 2.00000e+04	 2.56000e+06	 2.43885e+04	 3.24343e+06	 1.56921e-02
	     131.000	         253	         940	 5.23506e+03	 2.65062e+09	 2.00000e+04	 2.62000e+06	 2.44458e+04	 3.31677e+06	 1.55630e-02
	     134.000	         257	         958	 5.24495e+03	 2.65072e+09	 2.00000e+04	 2.68000e+06	 2.44978e+04	 3.39026e+06	 1.54323e-02
	     137.000	         261	         977	 5.25480e+03	 2.65082e+09	 2.00000e+04	 2.74000e+06	 2.45477e+04	 3.46391e+06	 1.53017e-02
	     140.000	         265	         995	 5.26462e+03	 2.65091e+09	 2.00000e+04	 2.80000e+06	 2.45970e+04	 3.53770e+06	 1.51726e-02
	     143.000	         269	        1012	 5.27442e+03	 2.65101e+09	 2.00000e+04	 2.86000e+06	 2.46428e+04	 3.61163e+06	 1.50427e-02
	     146.000	         273	        1029	 5.28415e+03	 2.65111e+09	 2.00000e+04	 2.92000e+06	 2.46865e+04	 3.68568e+06	 1.49132e-02
	     149.000	         277	        1047	 5.29389e+03	 2.65121e+09	 2.00000e+04	 2.98000e+06	 2.47270e+04	 3.75987e+06	 1.47828e-02
	     152.000	         281	        1064	 5.30356e+03	 2.65130e+09	 2.00000e+04	 3.04000e+06	 2.47647e+04	 3.83416e+06	 1.46525e-02
	     155.000	         285	        1081	 5.31325e+03	 2.65140e+09	 2.00000e+04	 3.10000e+06	 2.47958e+04	 3.90855e+06	 1.45193e-02
	     158.000	         289	        1098	 5.32288e+03	 2.65150e+09	 2.00000e+04	 3.16000e+06	 2.48229e+04	 3.98302e+06	 1.43859e-02
	     161.000	         293	        1115	 5.33249e+03	 2.65160e+09	 2.00000e+04	 3.22000e+06	 2.48468e+04	 4.05756e+06	 1.42526e-02
	     164.000	         297	        1132	 5.34208e+03	 2.65170e+09	 2.00000e+04	 3.28000e+06	 2.48704e+04	 4.13217e+06	 1.41201e-02
	     167.000	         301	        1150	 5.35161e+03	 2.65179e+09	 2.00000e+04	 3.34000e+06	 2.48953e+04	 4.20685e+06	 1.39890e-02
	     170.000	         305	        1168	 5.36115e+03	 2.65189e+09	 2.00000e+04	 3.40000e+06	 2.49164e+04	 4.28160e+06	 1.38553e-02
	     173.000	         309	        1186	 5.37065e+03	 2.65198e+09	 2.00000e+04	 3.46000e+06	 2.49445e+04	 4.35644e+06	 1.37250e-02
	     176.000	         313	        1205	 5.38010e+03	 2.65208e+09	 2.00000e+04	 3.52000e+06	 2.49792e+04	 4.43137e+06	 1.35997e-02
	     179.000	         318	        1230	 5.38955e+03	 2.65218e+09	 2.00000e+04	 3.58000e+06	 2.50086e+04	 4.50640e+06	 1.34718e-02
	     180.000	         320	        1238	 5.39262e+03	 2.65220e+09	 2.00000e+04	 3.60000e+06	 2.50173e+04	 4.53142e+06	 1.34286e-02
	     182.000	         323	        1253	 5.39888e+03	 2.65227e+09	 2.00000e+04	 3.64000e+06	 2.50342e+04	 4.58149e+06	 1.33439e-02
	     185.000	         328	        1279	 5.40825e+03	 2.65236e+09	 2.00000e+04	 3.70000e+06	 2.50549e+04	 4.65665e+06	 1.32176e-02
	     188.000	         333	        1304	 5.41761e+03	 2.65246e+09	 2.00000e+04	 3.76000e+06	 2.50710e+04	 4.73186e+06	 1.30903e-02
	     191.000	         337	        1324	 5.42690e+03	 2.65255e+09	 2.00000e+04	 3.82000e+06	 2.50839e+04	 4.80711e+06	 1.29614e-02
	     194.000	         341	        1345	 5.43618e+03	 2.65264e+09	 2.00000e+04	 3.88000e+06	 2.50975e+04	 4.88241e+06	 1.28342e-02
	     197.000	         345	        1365	 5.44542e+03	 2.65274e+09	 2.00000e+04	 3.94000e+06	 2.51130e+04	 4.95775e+06	 1.27083e-02
	     200.000	         349	        1384	 5.45464e+03	 2.65283e+09	 2.00000e+04	 4.00000e+06	 2.51365e+04	 5.03316e+06	 1.25849e-02
	     203.000	         353	        1403	 5.46382e+03	 2.65292e+09	 2.00000e+04	 4.06000e+06	 2.51559e+04	 5.10862e+06	 1.24598e-02
	     206.000	         357	        1422	 5.47297e+03	 2.65302e+09	 2.00000e+04	 4.12000e+06	 2.51743e+04	 5.18415e+06	 1.23373e-02
	     209.000	         361	        1440	 5.48207e+03	 2.65311e+09	 2.00000e+04	 4.18000e+06	 2.51890e+04	 5.25971e+06	 1.22149e-02
	     212.000	         365	        1459	 5.49116e+03	 2.65320e+09	 2.00000e+04	 4.24000e+06	 2.52008e+04	 5.33532e+06	 1.20920e-02
	     215.000	         369	        1477	 5.50022e+03	 2.65329e+09	 2.00000e+04	 4.30000e+06	 2.52130e+04	 5.41095e+06	 1.19682e-02
	     218.000	         373	        1496	 5.50925e+03	 2.65338e+09	 2.00000e+04	 4.36000e+06	 2.52284e+04	 5.48664e+06	 1.18437e-02
	     221.000	         377	        1514	 5.51826e+03	 2.65347e+09	 2.00000e+04	 4.42000e+06	 2.52526e+04	 5.56240e+06	 1.17242e-02
	     224.000	         381	        1532	 5.52724e+03	 2.65356e+09	 2.00000e+04	 4.48000e+06	 2.52654e+04	 5.63819e+06	 1.16018e-02
	     227.000	         385	        1550	 5.53619e+03	 2.65365e+09	 2.00000e+04	 4.54000e+06	 2.52756e+04	 5.71402e+06	 1.14801e-02
	     230.000	         390	        1572	 5.54510e+03	 2.65374e+09	 2.00000e+04	 4.60000e+06	 2.52850e+04	 5.78988e+06	 1.13596e-02
	     233.000	         394	        1589	 5.55399e+03	 2.65383e+09	 2.00000e+04	 4.66000e+06	 2.52943e+04	 5.86576e+06	 1.12376e-02
	     236.000	         398	        1607	 5.56286e+03	 2.65392e+09	 2.00000e+04	 4.72000e+06	 2.53073e+04	 5.94168e+06	 1.11168e-02
	     239.000	         402	        1626	 5.57168e+03	 2.65401e+09	 2.00000e+04	 4.78000e+06	 2.53182e+04	 6.01764e+06	 1.09968e-02
	     242.000	         406	        1645	 5.58049e+03	 2.65410e+09	 2.00000e+04	 4.84000e+06	 2.53280e+04	 6.09362e+06	 1.08780e-02
	     245.000	         410	        1665	 5.58928e+03	 2.65419e+09	 2.00000e+04	 4.90000e+06	 2.53352e+04	 6.16963e+06	 1.07563e-02
	     248.000	         414	        1683	 5.59805e+03	 2.65428e+09	 2.00000e+04	 4.96000e+06	 2.53443e+04	 6.24566e+06	 1.06357e-02
	     251.000	         418	        1703	 5.60679e+03	 2.65436e+09	 2.00000e+04	 5.02000e+06	 2.53516e+04	 6.32171e+06	 1.05157e-02
	     254.000	         422	        1724	 5.61547e+03	 2.65445e+09	 2.00000e+04	 5.08000e+06	 2.53566e+04	 6.39778e+06	 1.03951e-02
	     257.000	         427	        1749	 5.62416e+03	 2.65454e+09	 2.00000e+04	 5.14000e+06	 2.53606e+04	 6.47386e+06	 1.02734e-02
	     260.000	         431	        1769	 5.63284e+03	 2.65463e+09	 2.00000e+04	 5.20000e+06	 2.53684e+04	 6.54997e+06	 1.01499e-02
	     263.000	         435	        1787	 5.64147e+03	 2.65472e+09	 2.00000e+04	 5.26000e+06	 2.53799e+04	 6.62611e+06	 1.00289e-02
	     266.000	         439	        1808	 5.65006e+03	 2.65480e+09	 2.00000e+04	 5.32000e+06	 2.53914e+04	 6.70228e+06	 9.90823e-03
	     269.000	         443	        1829	 5.65864e+03	 2.65489e+09	 2.00000e+04	 5.38000e+06	 2.54023e+04	 6.77849e+06	 9.78672e-03
	     272.000	         447	        1848	 5.66720e+03	 2.65498e+09	 2.00000e+04	 5.44000e+06	 2.54111e+04	 6.85472e+06	 9.66447e-03
	     275.000	         451	        1869	 5.67568e+03	 2.65506e+09	 2.00000e+04	 5.50000e+06	 2.54183e+04	 6.93098e+06	 9.54187e-03
	     278.000	         455	        1889	 5.68422e+03	 2.65515e+09	 2.00000e+04	 5.56000e+06	 2.54248e+04	 7.00725e+06	 9.41869e-03
	     281.000	         459	        1909	 5.69269e+03	 2.65523e+09	 2.00000e+04	 5.62000e+06	 2.54306e+04	 7.08354e+06	 9.29366e-03
	     284.000	         463	        1932	 5.70111e+03	 2.65532e+09	 2.00000e+04	 5.68000e+06	 2.54383e+04	 7.15986e+06	 9.16990e-03
	     287.000	         467	        1952	 5.70953e+03	 2.65540e+09	 2.00000e+04	 5.74000e+06	 2.54456e+04	 7.23620e+06	 9.04458e-03
	     290.000	         471	        1974	 5.71791e+03	 2.65549e+09	 2.00000e+04	 5.80000e+06	 2.54541e+04	 7.31256e+06	 8.91714e-03
	     293.000	         476	        2003	 5.72630e+03	 2.65557e+09	 2.00000e+04	 5.86000e+06	 2.54686e+04	 7.38896e+06	 8.79032e-03
	     296.000	         481	        2028	 5.73465e+03	 2.65566e+09	 2.00000e+04	 5.92000e+06	 2.54753e+04	 7.46539e+06	 8.65896e-03
	     299.000	         485	        2047	 5.74294e+03	 2.65574e+09	 2.00000e+04	 5.98000e+06	 2.54817e+04	 7.54184e+06	 8.52447e-03
	     302.000	         489	        2071	 5.75123e+03	 2.65582e+09	 2.00000e+04	 6.04000e+06	 2.54876e+04	 7.61830e+06	 8.38571e-03
	     305.000	         494	        2098	 5.75956e+03	 2.65591e+09	 2.00000e+04	 6.10000e+06	 2.54900e+04	 7.69477e+06	 8.23615e-03
	     308.000	         498	        2121	 5.76783e+03	 2.65599e+09	 2.00000e+04	 6.16000e+06	 2.54925e+04	 7.77125e+06	 8.08005e-03
	     310.000	         503	        2143	 5.77330e+03	 2.65604e+09	 2.00000e+04	 6.20000e+06	 2.54919e+04	 7.82223e+06	 7.96770e-03
	     313.000	         508	        2169	 5.78149e+03	 2.65613e+09	 2.00000e+04	 6.26000e+06	 2.54949e+04	 7.89871e+06	 7.77917e-03
	     315.000	         512	        2189	 5.78691e+03	 2.65618e+09	 2.00000e+04	 6.30000e+06	 2.55059e+04	 7.94973e+06	 7.63611e-03
	     317.000	         516	        2210	 5.79235e+03	 2.65624e+09	 2.00000e+04	 6.34000e+06	 2.56080e+04	 8.00094e+06	 7.47404e-03
	     319.000	         522	        2237	 5.79774e+03	 2.65629e+09	 2.00000e+04	 6.38000e+06	 2.61098e+04	 8.05316e+06	 7.33410e-03
	     321.000	         527	        2262	 5.80294e+03	 2.65634e+09	 2.00000e+04	 6.42000e+06	 2.74218e+04	 8.10801e+06	 7.45801e-03
	     323.000	         531	        2282	 5.80790e+03	 2.65640e+09	 2.00000e+04	 6.46000e+06	 2.90566e+04	 8.16612e+06	 7.78492e-03
	     325.000	         535	        2303	 5.81263e+03	 2.65644e+09	 2.00000e+04	 6.50000e+06	 3.07186e+04	 8.22756e+06	 8.16215e-03
	     327.000	         538	        2320	 5.81713e+03	 2.65649e+09	 2.00000e+04	 6.54000e+06	 3.24750e+04	 8.29251e+06	 8.58672e-03
	     329.000	         542	        2342	 5.82139e+03	 2.65653e+09	 2.00000e+04	 6.58000e+06	 3.41613e+04	 8.36083e+06	 8.96832e-03
	     331.000	         546	        2364	 5.82542e+03	 2.65657e+09	 2.00000e+04	 6.62000e+06	 3.56850e+04	 8.43220e+06	 9.29004e-03
	     333.000	         548	        2378	 5.82924e+03	 2.65661e+09	 2.00000e+04	 6.66000e+06	 3.71350e+04	 8.50647e+06	 9.57724e-03
	     335.000	         554	        2410	 5.83288e+03	 2.65665e+09	 2.00000e+04	 6.70000e+06	 3.85912e+04	 8.58365e+06	 9.85497e-03
	     337.000	         562	        2447	 5.83633e+03	 2.65668e+09	 2.00000e+04	 6.74000e+06	 4.01351e+04	 8.66392e+06	 1.01566e-02
	     339.000	         566	        2469	 5.83957e+03	 2.65671e+09	 2.00000e+04	 6.78000e+06	 4.17708e+04	 8.74746e+06	 1.04935e-02
	     341.000	         569	        2488	 5.84261e+03	 2.65675e+09	 2.00000e+04	 6.82000e+06	 4.34028e+04	 8.83427e+06	 1.08576e-02
	     343.000	         573	        2510	 5.84545e+03	 2.65678e+09	 2.00000e+04	 6.86000e+06	 4.50133e+04	 8.92429e+06	 1.12258e-02
	     345.000	         577	        2532	 5.84811e+03	 2.65680e+09	 2.00000e+04	 6.90000e+06	 4.64814e+04	 9.01726e+06	 1.15834e-02
	     347.000	         579	        2546	 5.85061e+03	 2.65683e+09	 2.00000e+04	 6.94000e+06	 4.77813e+04	 9.11282e+06	 1.19078e-02
	     349.000	         582	        2563	 5.85298e+03	 2.65685e+09	 2.00000e+04	 6.98000e+06	 4.89654e+04	 9.21075e+06	 1.21993e-02
	     351.000	         584	        2577	 5.85521e+03	 2.65687e+09	 2.00000e+04	 7.02000e+06	 5.00351e+04	 9.31082e+06	 1.24603e-02
	     353.000	         587	        2596	 5.85732e+03	 2.65689e+09	 2.00000e+04	 7.06000e+06	 5.10079e+04	 9.41284e+06	 1.26936e-02
	     355.000	         589	        2609	 5.85932e+03	 2.65692e+09	 2.00000e+04	 7.10000e+06	 5.19148e+04	 9.51667e+06	 1.29010e-02
	     357.000	         592	        2629	 5.86121e+03	 2.65693e+09	 2.00000e+04	 7.14000e+06	 5.27313e+04	 9.62213e+06	 1.30815e-02
	     359.000	         594	        2642	 5.86300e+03	 2.65695e+09	 2.00000e+04	 7.18000e+06	 5.35105e+04	 9.72915e+06	 1.32460e-02
	     360.000	         596	        2656	 5.86388e+03	 2.65696e+09	 2.00000e+04	 7.20000e+06	 5.38900e+04	 9.78304e+06	 1.33253e-02
	     362.000	         598	        2671	 5.86556e+03	 2.65698e+09	 2.00000e+04	 7.24000e+06	 5.46242e+04	 9.89229e+06	 1.34732e-02
	     363.200	         600	        2683	 5.86653e+03	 2.65699e+09	 2.00000e+04	 7.26400e+06	 5.50688e+04	 9.95837e+06	 1.35562e-02
	     365.600	         603	        2706	 5.86838e+03	 2.65700e+09	 2.00000e+04	 7.31200e+06	 5.59101e+04	 1.00926e+07	 1.37120e-02
	     370.400	         607	        2739	 5.87170e+03	 2.65704e+09	 2.00000e+04	 7.40800e+06	 5.75301e+04	 1.03687e+07	 1.40144e-02
	     371.900	         609	        2751	 5.87270e+03	 2.65705e+09	 2.00000e+04	 7.43800e+06	 5.80304e+04	 1.04557e+07	 1.41085e-02
	     374.900	         613	        2774	 5.87454e+03	 2.65707e+09	 2.00000e+04	 7.49800e+06	 5.89842e+04	 1.06327e+07	 1.42840e-02
	     379.900	         620	        2812	 5.87723e+03	 2.65709e+09	 2.00000e+04	 7.59800e+06	 6.04649e+04	 1.09350e+07	 1.45583e-02
	     384.900	         625	        2843	 5.87944e+03	 2.65712e+09	 2.00000e+04	 7.69800e+06	 6.18534e+04	 1.12443e+07	 1.48200e-02
	     389.900	         628	        2865	 5.88128e+03	 2.65714e+09	 2.00000e+04	 7.79800e+06	 6.31879e+04	 1.15602e+07	 1.50704e-02
	     394.900	         633	        2896	 5.88281e+03	 2.65715e+09	 2.00000e+04	 7.89800e+06	 6.44439e+04	 1.18824e+07	 1.52991e-02
	     399.900	         635	        2911	 5.88402e+03	 2.65716e+09	 2.00000e+04	 7.99800e+06	 6.56068e+04	 1.22105e+07	 1.55073e-02
	     404.900	         638	        2931	 5.88497e+03	 2.65717e+09	 2.00000e+04	 8.09800e+06	 6.66898e+04	 1.25439e+07	 1.56992e-02
	     409.900	         641	        2950	 5.88567e+03	 2.65718e+09	 2.00000e+04	 8.19800e+06	 6.77184e+04	 1.28825e+07	 1.58818e-02
	     414.900	         644	        2969	 5.88610e+03	 2.65718e+09	 2.00000e+04	 8.29800e+06	 6.87181e+04	 1.32261e+07	 1.60599e-02
	     419.900	         647	        2990	 5.88621e+03	 2.65718e+09	 2.00000e+04	 8.39800e+06	 6.96791e+04	 1.35745e+07	 1.62341e-02
	     424.900	         649	        3004	 5.88608e+03	 2.65718e+09	 2.00002e+04	 8.49800e+06	 7.06005e+04	 1.39275e+07	 1.64032e-02
	     429.900	         652	        3022	 5.88569e+03	 2.65718e+09	 2.00000e+04	 8.59800e+06	 7.14957e+04	 1.42850e+07	 1.65683e-02
	     434.900	         655	        3038	 5.88507e+03	 2.65717e+09	 2.00000e+04	 8.69800e+06	 7.23582e+04	 1.46468e+07	 1.67259e-02
	     439.900	         658	        3056	 5.88422e+03	 2.65716e+09	 2.00000e+04	 8.79800e+06	 7.32209e+04	 1.50129e+07	 1.69029e-02
	     444.900	         660	        3069	 5.88318e+03	 2.65715e+09	 2.00000e+04	 8.89800e+06	 7.40009e+04	 1.53829e+07	 1.70546e-02
	     449.900	         662	        3082	 5.88195e+03	 2.65714e+09	 2.00000e+04	 8.99800e+06	 7.47571e+04	 1.57567e+07	 1.71955e-02
	     454.900	         665	        3099	 5.88054e+03	 2.65713e+09	 2.00000e+04	 9.09800e+06	 7.54930e+04	 1.61341e+07	 1.73337e-02
	     459.900	         668	        3116	 5.87894e+03	 2.65711e+09	 2.00000e+04	 9.19800e+06	 7.61645e+04	 1.65150e+07	 1.74586e-02
	     464.900	         671	        3136	 5.87715e+03	 2.65709e+09	 2.00000e+04	 9.29800e+06	 7.68081e+04	 1.68990e+07	 1.75825e-02
	     469.900	         673	        3150	 5.87517e+03	 2.65707e+09	 2.00000e+04	 9.39800e+06	 7.74713e+04	 1.72864e+07	 1.77148e-02
	     474.900	         675	        3162	 5.87305e+03	 2.65705e+09	 2.00000e+04	 9.49800e+06	 7.81129e+04	 1.76769e+07	 1.78442e-02
	     479.900	         678	        3180	 5.87076e+03	 2.65703e+09	 2.00000e+04	 9.59800e+06	 7.87594e+04	 1.80707e+07	 1.79801e-02
	     484.900	         680	        3195	 5.86831e+03	 2.65700e+09	 2.00000e+04	 9.69800e+06	 7.93543e+04	 1.84675e+07	 1.81078e-02
	     486.400	         684	        3209	 5.86756e+03	 2.65700e+09	 2.00000e+04	 9.72800e+06	 7.95389e+04	 1.85868e+07	 1.81426e-02
	     489.400	         686	        3220	 5.86601e+03	 2.65698e+09	 2.00000e+04	 9.78800e+06	 7.98680e+04	 1.88264e+07	 1.82153e-02
	     494.400	         689	        3238	 5.86332e+03	 2.65695e+09	 2.00000e+04	 9.88800e+06	 8.04267e+04	 1.92285e+07	 1.83318e-02
	     499.400	         691	        3251	 5.86046e+03	 2.65692e+09	 2.00000e+04	 9.98800e+06	 8.09953e+04	 1.96335e+07	 1.84546e-02
	     504.400	         695	        3275	 5.85748e+03	 2.65690e+09	 2.00000e+04	 1.00880e+07	 8.15737e+04	 2.00414e+07	 1.85811e-02
	     509.400	         697	        3288	 5.85436e+03	 2.65686e+09	 2.00000e+04	 1.01880e+07	 8.21012e+04	 2.04519e+07	 1.87004e-02
	     514.400	         699	        3301	 5.85112e+03	 2.65683e+09	 2.00000e+04	 1.02880e+07	 8.26143e+04	 2.08650e+07	 1.88179e-02
	     519.400	         702	        3317	 5.84773e+03	 2.65680e+09	 2.00000e+04	 1.03880e+07	 8.31685e+04	 2.12808e+07	 1.89444e-02
	     524.400	         704	        3331	 5.84418e+03	 2.65676e+09	 2.00000e+04	 1.04880e+07	 8.36422e+04	 2.16990e+07	 1.90709e-02
	     529.400	         708	        3377	 5.84055e+03	 2.65672e+09	 2.00000e+04	 1.05880e+07	 8.41411e+04	 2.21197e+07	 1.91852e-02
	     534.400	         710	        3390	 5.83681e+03	 2.65669e+09	 2.00000e+04	 1.06880e+07	 8.44960e+04	 2.25422e+07	 1.92754e-02
	     539.400	         712	        3404	 5.83297e+03	 2.65665e+09	 2.00000e+04	 1.07880e+07	 8.49451e+04	 2.29669e+07	 1.93823e-02
	     544.400	         714	        3418	 5.82901e+03	 2.65661e+09	 2.00000e+04	 1.08880e+07	 8.54172e+04	 2.33940e+07	 1.94986e-02
	     549.400	         717	        3440	 5.82494e+03	 2.65656e+09	 2.00000e+04	 1.09880e+07	 8.59259e+04	 2.38236e+07	 1.96217e-02
	     554.400	         719	        3453	 5.82073e+03	 2.65652e+09	 2.00000e+04	 1.10880e+07	 8.63494e+04	 2.42554e+07	 1.97325e-02
	     559.400	         721	        3467	 5.81643e+03	 2.65648e+09	 2.00000e+04	 1.11880e+07	 8.67784e+04	 2.46893e+07	 1.98408e-02
	     564.400	         724	        3483	 5.81209e+03	 2.65644e+09	 1.99621e+04	 1.12878e+07	 8.70309e+04	 2.51244e+07	 1.98408e-02
	     569.400	         726	        3495	 5.80768e+03	 2.65639e+09	 1.99179e+04	 1.13874e+07	 8.72614e+04	 2.55607e+07	 1.98237e-02
	     574.400	         729	        3515	 5.80328e+03	 2.65635e+09	 1.98743e+04	 1.14868e+07	 8.75255e+04	 2.59984e+07	 1.98057e-02
	     579.400	         732	        3534	 5.79886e+03	 2.65630e+09	 1.98334e+04	 1.15859e+07	 8.77602e+04	 2.64372e+07	 1.97880e-02
	     584.400	         735	        3554	 5.79440e+03	 2.65626e+09	 1.97899e+04	 1.16849e+07	 8.80132e+04	 2.68772e+07	 1.97703e-02
	     585.900	         737	        3564	 5.79306e+03	 2.65624e+09	 1.97793e+04	 1.17146e+07	 8.80806e+04	 2.70094e+07	 1.97648e-02
	     588.900	         739	        3575	 5.79037e+03	 2.65622e+09	 1.97565e+04	 1.17738e+07	 8.82151e+04	 2.72740e+07	 1.97540e-02
	     593.900	         743	        3599	 5.78585e+03	 2.65617e+09	 1.97138e+04	 1.18724e+07	 8.84554e+04	 2.77163e+07	 1.97365e-02
	     598.900	         747	        3622	 5.78126e+03	 2.65612e+09	 1.96740e+04	 1.19708e+07	 8.86852e+04	 2.81597e+07	 1.97189e-02
	     603.900	         753	        3650	 5.77665e+03	 2.65608e+09	 1.96359e+04	 1.20689e+07	 8.89285e+04	 2.86043e+07	 1.97009e-02
	     605.400	         755	        3658	 5.77524e+03	 2.65607e+09	 1.96242e+04	 1.20984e+07	 8.89955e+04	 2.87378e+07	 1.96957e-02
	     608.400	         757	        3668	 5.77242e+03	 2.65604e+09	 1.96016e+04	 1.21572e+07	 8.91400e+04	 2.90053e+07	 1.96848e-02
	     609.900	         759	        3678	 5.77101e+03	 2.65602e+09	 1.95905e+04	 1.21866e+07	 8.92108e+04	 2.91391e+07	 1.96794e-02
	     612.900	         761	        3688	 5.76817e+03	 2.65599e+09	 1.95688e+04	 1.22453e+07	 8.93495e+04	 2.94071e+07	 1.96685e-02
	     617.900	         765	        3717	 5.76344e+03	 2.65595e+09	 1.95287e+04	 1.23429e+07	 8.96185e+04	 2.98552e+07	 1.96501e-02
	     622.900	         769	        3743	 5.75864e+03	 2.65590e+09	 1.94753e+04	 1.24403e+07	 8.99771e+04	 3.03051e+07	 1.96320e-02
	     627.900	         771	        3757	 5.75370e+03	 2.65585e+09	 1.94037e+04	 1.25373e+07	 9.04674e+04	 3.07574e+07	 1.96143e-02
	     632.900	         775	        3784	 5.74867e+03	 2.65580e+09	 1.92994e+04	 1.26338e+07	 9.11739e+04	 3.12133e+07	 1.95995e-02
	     634.400	         777	        3792	 5.74713e+03	 2.65578e+09	 1.92742e+04	 1.26627e+07	 9.13085e+04	 3.13503e+07	 1.95956e-02
	     637.400	         782	        3818	 5.74405e+03	 2.65575e+09	 1.92257e+04	 1.27204e+07	 9.16927e+04	 3.16254e+07	 1.95850e-02
	     641.900	         785	        3833	 5.73929e+03	 2.65570e+09	 1.91156e+04	 1.28064e+07	 9.24123e+04	 3.20412e+07	 1.95725e-02
	     646.900	         788	        3850	 5.73386e+03	 2.65565e+09	 1.89882e+04	 1.29014e+07	 9.31519e+04	 3.25070e+07	 1.95605e-02
	     651.900	         790	        3863	 5.72825e+03	 2.65559e+09	 1.88737e+04	 1.29957e+07	 9.37464e+04	 3.29757e+07	 1.95494e-02
	     656.900	         792	        3876	 5.72255e+03	 2.65553e+09	 1.87769e+04	 1.30896e+07	 9.42009e+04	 3.34467e+07	 1.95380e-02
	     661.900	         794	        3892	 5.71680e+03	 2.65548e+09	 1.86937e+04	 1.31831e+07	 9.45620e+04	 3.39195e+07	 1.95262e-02
	     666.900	         796	        3910	 5.71103e+03	 2.65542e+09	 1.86172e+04	 1.32762e+07	 9.48556e+04	 3.43938e+07	 1.95148e-02
	     668.400	         799	        3923	 5.70930e+03	 2.65540e+09	 1.85982e+04	 1.33041e+07	 9.49420e+04	 3.45362e+07	 1.95105e-02
	     671.400	         803	        3939	 5.70584e+03	 2.65536e+09	 1.85716e+04	 1.33598e+07	 9.50161e+04	 3.48213e+07	 1.95022e-02
	     676.400	         806	        3956	 5.70006e+03	 2.65531e+09	 1.85211e+04	 1.34524e+07	 9.52134e+04	 3.52973e+07	 1.94885e-02
	     681.400	         808	        3967	 5.69420e+03	 2.65525e+09	 1.84609e+04	 1.35447e+07	 9.54501e+04	 3.57746e+07	 1.94757e-02
	     686.400	         810	        3978	 5.68833e+03	 2.65519e+09	 1.84003e+04	 1.36367e+07	 9.56784e+04	 3.62530e+07	 1.94631e-02
	     691.400	         812	        3990	 5.68246e+03	 2.65513e+09	 1.83437e+04	 1.37284e+07	 9.58812e+04	 3.67324e+07	 1.94504e-02
	     696.400	         814	        4002	 5.67653e+03	 2.65507e+09	 1.82818e+04	 1.38198e+07	 9.60880e+04	 3.72128e+07	 1.94387e-02
	     701.400	         816	        4014	 5.67062e+03	 2.65501e+09	 1.82410e+04	 1.39110e+07	 9.62199e+04	 3.76939e+07	 1.94248e-02
	     706.400	         818	        4026	 5.66468e+03	 2.65495e+09	 1.81932e+04	 1.40020e+07	 9.63813e+04	 3.81758e+07	 1.94118e-02
	     711.400	         820	        4038	 5.65870e+03	 2.65489e+09	 1.81434e+04	 1.40927e+07	 9.65516e+04	 3.86586e+07	 1.93989e-02
	     716.400	         823	        4055	 5.65272e+03	 2.65483e+09	 1.80943e+04	 1.41832e+07	 9.67121e+04	 3.91421e+07	 1.93863e-02
	     720.000	         825	        4067	 5.64841e+03	 2.65479e+09	 1.80595e+04	 1.42482e+07	 9.68167e+04	 3.94907e+07	 1.93772e-02
	     725.000	         827	        4079	 5.64239e+03	 2.65473e+09	 1.80126e+04	 1.43383e+07	 9.69478e+04	 3.99754e+07	 1.93647e-02
	     735.000	         831	        4103	 5.63038e+03	 2.65460e+09	 1.79187e+04	 1.45174e+07	 9.72098e+04	 4.09475e+07	 1.93399e-02
	     745.000	         834	        4122	 5.61831e+03	 2.65448e+09	 1.78249e+04	 1.46957e+07	 9.74542e+04	 4.19221e+07	 1.93155e-02
	     755.000	         837	        4139	 5.60618e+03	 2.65436e+09	 1.77330e+04	 1.48730e+07	 9.76782e+04	 4.28988e+07	 1.92912e-02
	     765.000	         840	        4158	 5.59407e+03	 2.65424e+09	 1.76429e+04	 1.50495e+07	 9.78969e+04	 4.38778e+07	 1.92671e-02
	     775.000	         843	        4177	 5.58192e+03	 2.65412e+09	 1.75556e+04	 1.52250e+07	 9.80997e+04	 4.48588e+07	 1.92433e-02
	     785.000	         846	        4196	 5.56974e+03	 2.65399e+09	 1.74714e+04	 1.53997e+07	 9.82880e+04	 4.58417e+07	 1.92195e-02
	     795.000	         849	        4215	 5.55758e+03	 2.65387e+09	 1.73889e+04	 1.55736e+07	 9.84715e+04	 4.68264e+07	 1.91958e-02
	     805.000	         852	        4234	 5.54541e+03	 2.65375e+09	 1.73063e+04	 1.57467e+07	 9.86533e+04	 4.78129e+07	 1.91722e-02
	     815.000	         855	        4253	 5.53323e+03	 2.65362e+09	 1.72243e+04	 1.59189e+07	 9.88220e+04	 4.88011e+07	 1.91491e-02
	     825.000	         858	        4274	 5.52109e+03	 2.65350e+09	 1.71434e+04	 1.60904e+07	 9.89788e+04	 4.97909e+07	 1.91264e-02
	     835.000	         861	        4293	 5.50894e+03	 2.65338e+09	 1.70629e+04	 1.62610e+07	 9.91238e+04	 5.07822e+07	 1.91040e-02
	     845.000	         864	        4314	 5.49679e+03	 2.65326e+09	 1.69819e+04	 1.64308e+07	 9.92628e+04	 5.17748e+07	 1.90820e-02
	     855.000	         867	        4335	 5.48466e+03	 2.65314e+09	 1.69016e+04	 1.65998e+07	 9.93926e+04	 5.27687e+07	 1.90601e-02
	     865.000	         870	        4359	 5.47252e+03	 2.65301e+09	 1.68208e+04	 1.67680e+07	 9.95205e+04	 5.37639e+07	 1.90383e-02
	     875.000	         873	        4384	 5.46041e+03	 2.65289e+09	 1.67403e+04	 1.69354e+07	 9.96362e+04	 5.47603e+07	 1.90170e-02
	     885.000	         876	        4408	 5.44832e+03	 2.65277e+09	 1.66651e+04	 1.71021e+07	 9.97332e+04	 5.57576e+07	 1.89951e-02
	     885.900	         878	        4417	 5.44724e+03	 2.65276e+09	 1.66599e+04	 1.71171e+07	 9.97384e+04	 5.58474e+07	 1.89930e-02
	     887.700	         880	        4427	 5.44507e+03	 2.65274e+09	 1.66489e+04	 1.71470e+07	 9.97338e+04	 5.60269e+07	 1.89890e-02
	     891.300	         882	        4439	 5.44074e+03	 2.65269e+09	 1.66241e+04	 1.72069e+07	 9.97614e+04	 5.63861e+07	 1.89809e-02
	     898.500	         885	        4458	 5.43209e+03	 2.65260e+09	 1.65664e+04	 1.73262e+07	 9.98603e+04	 5.71050e+07	 1.89654e-02
	     908.500	         888	        4477	 5.42009e+03	 2.65248e+09	 1.64893e+04	 1.74911e+07	 9.99547e+04	 5.81046e+07	 1.89442e-02
	     918.500	         891	        4497	 5.40812e+03	 2.65236e+09	 1.64153e+04	 1.76552e+07	 1.00041e+05	 5.91050e+07	 1.89230e-02
	     928.500	         894	        4516	 5.39617e+03	 2.65224e+09	 1.63426e+04	 1.78186e+07	 1.00125e+05	 6.01063e+07	 1.89019e-02
	     938.500	         897	        4536	 5.38426e+03	 2.65212e+09	 1.62708e+04	 1.79813e+07	 1.00206e+05	 6.11083e+07	 1.88808e-02
	     948.500	         900	        4556	 5.37239e+03	 2.65200e+09	 1.61996e+04	 1.81433e+07	 1.00280e+05	 6.21111e+07	 1.88598e-02
	     958.500	         903	        4576	 5.36057e+03	 2.65188e+09	 1.61284e+04	 1.83046e+07	 1.00353e+05	 6.31146e+07	 1.88389e-02
	     968.500	         906	        4596	 5.34880e+03	 2.65176e+09	 1.60583e+04	 1.84652e+07	 1.00407e+05	 6.41187e+07	 1.88182e-02
	     978.500	         909	        4616	 5.33706e+03	 2.65165e+09	 1.59863e+04	 1.86251e+07	 1.00465e+05	 6.51234e+07	 1.87977e-02
	     988.500	         912	        4632	 5.32533e+03	 2.65153e+09	 1.59133e+04	 1.87842e+07	 1.00523e+05	 6.61286e+07	 1.87776e-02
	     998.500	         915	        4652	 5.31370e+03	 2.65141e+09	 1.58424e+04	 1.89426e+07	 1.00580e+05	 6.71344e+07	 1.87574e-02
	    1008.500	         918	        4670	 5.30210e+03	 2.65130e+09	 1.57730e+04	 1.91004e+07	 1.00609e+05	 6.81405e+07	 1.87375e-02
	    1018.500	         921	        4687	 5.29056e+03	 2.65118e+09	 1.57058e+04	 1.92574e+07	 1.00622e+05	 6.91467e+07	 1.87175e-02
	    1028.500	         925	        4714	 5.27913e+03	 2.65106e+09	 1.56397e+04	 1.94138e+07	 1.00636e+05	 7.01531e+07	 1.86974e-02
	    1038.500	         928	        4733	 5.26777e+03	 2.65095e+09	 1.55748e+04	 1.95696e+07	 1.00632e+05	 7.11594e+07	 1.86774e-02
	    1048.500	         932	        4756	 5.25650e+03	 2.65083e+09	 1.55116e+04	 1.97247e+07	 1.00621e+05	 7.21656e+07	 1.86574e-02
	    1058.500	         936	        4779	 5.24531e+03	 2.65072e+09	 1.54485e+04	 1.98792e+07	 1.00609e+05	 7.31717e+07	 1.86374e-02
	    1068.500	         939	        4798	 5.23420e+03	 2.65061e+09	 1.53860e+04	 2.00330e+07	 1.00593e+05	 7.41776e+07	 1.86174e-02
	    1078.500	         942	        4817	 5.22318e+03	 2.65050e+09	 1.53226e+04	 2.01863e+07	 1.00590e+05	 7.51835e+07	 1.85974e-02
	    1080.000	         943	        4822	 5.22149e+03	 2.65048e+09	 1.53128e+04	 2.02092e+07	 1.00585e+05	 7.53344e+07	 1.85945e-02
	    1083.000	         945	        4834	 5.21820e+03	 2.65045e+09	 1.52939e+04	 2.02551e+07	 1.00592e+05	 7.56362e+07	 1.85884e-02
	    1089.000	         948	        4854	 5.21163e+03	 2.65038e+09	 1.52532e+04	 2.03466e+07	 1.00624e+05	 7.62399e+07	 1.85764e-02
	    1101.000	         951	        4874	 5.19851e+03	 2.65025e+09	 1.51620e+04	 2.05286e+07	 1.00745e+05	 7.74489e+07	 1.85526e-02
	    1125.000	         955	        4901	 5.17242e+03	 2.64999e+09	 1.49724e+04	 2.08879e+07	 1.01010e+05	 7.98731e+07	 1.85056e-02
	    1165.000	         963	        4952	 5.12970e+03	 2.64956e+09	 1.46773e+04	 2.14750e+07	 1.01284e+05	 8.39245e+07	 1.84269e-02
	    1205.000	         970	        4998	 5.08796e+03	 2.64913e+09	 1.44115e+04	 2.20515e+07	 1.01450e+05	 8.79825e+07	 1.83468e-02
	    1245.000	         976	        5042	 5.04734e+03	 2.64872e+09	 1.41811e+04	 2.26187e+07	 1.01631e+05	 9.20477e+07	 1.82674e-02
	    1285.000	         983	        5088	 5.00798e+03	 2.64833e+09	 1.39570e+04	 2.31770e+07	 1.01824e+05	 9.61206e+07	 1.81881e-02
	    1325.000	         988	        5121	 4.97031e+03	 2.64795e+09	 1.37334e+04	 2.37263e+07	 1.02054e+05	 1.00203e+08	 1.81091e-02
	    1337.000	         990	        5135	 4.95933e+03	 2.64784e+09	 1.36585e+04	 2.38902e+07	 1.02164e+05	 1.01429e+08	 1.80855e-02
	    1361.000	         994	        5162	 4.93796e+03	 2.64762e+09	 1.35170e+04	 2.42146e+07	 1.02407e+05	 1.03887e+08	 1.80378e-02
	    1401.000	        1006	        5253	 4.90388e+03	 2.64728e+09	 1.33125e+04	 2.47471e+07	 1.02639e+05	 1.07992e+08	 1.79589e-02
	    1421.000	        1009	        5274	 4.88745e+03	 2.64711e+09	 1.32147e+04	 2.50114e+07	 1.02752e+05	 1.10047e+08	 1.79193e-02
	    1440.000	        1013	        5303	 4.87215e+03	 2.64696e+09	 1.31204e+04	 2.52607e+07	 1.02879e+05	 1.12002e+08	 1.78817e-02
	    1478.000	        1020	        5351	 4.84240e+03	 2.64666e+09	 1.29453e+04	 2.57526e+07	 1.03054e+05	 1.15918e+08	 1.78071e-02
	    1518.000	        1027	        5393	 4.81208e+03	 2.64635e+09	 1.27692e+04	 2.62634e+07	 1.03221e+05	 1.20047e+08	 1.77296e-02
	    1558.000	        1034	        5440	 4.78308e+03	 2.64606e+09	 1.26055e+04	 2.67676e+07	 1.03371e+05	 1.24182e+08	 1.76531e-02
	    1598.000	        1041	        5486	 4.75522e+03	 2.64578e+09	 1.24478e+04	 2.72655e+07	 1.03536e+05	 1.28323e+08	 1.75773e-02
	    1638.000	        1052	        5554	 4.72822e+03	 2.64551e+09	 1.23006e+04	 2.77576e+07	 1.03652e+05	 1.32469e+08	 1.75022e-02
	    1658.000	        1055	        5573	 4.71493e+03	 2.64537e+09	 1.22262e+04	 2.80021e+07	 1.03705e+05	 1.34543e+08	 1.74648e-02
	    1698.000	        1065	        5629	 4.68899e+03	 2.64511e+09	 1.20863e+04	 2.84855e+07	 1.03752e+05	 1.38693e+08	 1.73907e-02
	    1738.000	        1072	        5672	 4.66360e+03	 2.64486e+09	 1.19521e+04	 2.89636e+07	 1.03800e+05	 1.42845e+08	 1.73174e-02
	    1778.000	        1078	        5710	 4.63840e+03	 2.64460e+09	 1.18061e+04	 2.94359e+07	 1.04007e+05	 1.47006e+08	 1.72449e-02
	    1800.000	        1081	        5729	 4.62449e+03	 2.64446e+09	 1.17178e+04	 2.96937e+07	 1.04211e+05	 1.49298e+08	 1.72053e-02
	    1840.000	        1086	        5763	 4.59900e+03	 2.64420e+09	 1.15453e+04	 3.01555e+07	 1.04688e+05	 1.53486e+08	 1.71337e-02
	    1880.000	        1092	        5802	 4.57325e+03	 2.64394e+09	 1.13749e+04	 3.06105e+07	 1.05162e+05	 1.57692e+08	 1.70624e-02
	    1920.000	        1097	        5832	 4.54725e+03	 2.64368e+09	 1.12096e+04	 3.10588e+07	 1.05643e+05	 1.61918e+08	 1.69916e-02
	    1960.000	        1102	        5859	 4.52115e+03	 2.64342e+09	 1.10542e+04	 3.15010e+07	 1.06008e+05	 1.66158e+08	 1.69214e-02
	    2000.000	        1107	        5891	 4.49507e+03	 2.64316e+09	 1.09059e+04	 3.19372e+07	 1.06227e+05	 1.70407e+08	 1.68516e-02
	    2040.000	        1112	        5918	 4.46914e+03	 2.64289e+09	 1.07651e+04	 3.23679e+07	 1.06331e+05	 1.74661e+08	 1.67824e-02
	    2080.000	        1118	        5954	 4.44364e+03	 2.64264e+09	 1.06308e+04	 3.27931e+07	 1.06362e+05	 1.78915e+08	 1.67138e-02
	    2120.000	        1124	        5987	 4.41862e+03	 2.64238e+09	 1.05029e+04	 3.32132e+07	 1.06317e+05	 1.83168e+08	 1.66459e-02
	    2160.000	        1131	        6022	 4.39412e+03	 2.64214e+09	 1.03781e+04	 3.36283e+07	 1.06227e+05	 1.87417e+08	 1.65786e-02
	    2200.000	        1138	        6056	 4.37014e+03	 2.64190e+09	 1.02568e+04	 3.40386e+07	 1.06121e+05	 1.91662e+08	 1.65120e-02
	    2240.000	        1147	        6102	 4.34674e+03	 2.64166e+09	 1.01398e+04	 3.44442e+07	 1.06009e+05	 1.95902e+08	 1.64460e-02
	    2280.000	        1155	        6144	 4.32392e+03	 2.64143e+09	 1.00274e+04	 3.48453e+07	 1.05884e+05	 2.00137e+08	 1.63806e-02
	    2320.000	        1160	        6175	 4.30160e+03	 2.64120e+09	 9.91683e+03	 3.52420e+07	 1.05825e+05	 2.04370e+08	 1.63159e-02
	    2360.000	        1165	        6204	 4.27969e+03	 2.64098e+09	 9.80722e+03	 3.56342e+07	 1.05829e+05	 2.08604e+08	 1.62516e-02
	    2400.000	        1170	        6233	 4.25822e+03	 2.64077e+09	 9.69685e+03	 3.60221e+07	 1.05864e+05	 2.12838e+08	 1.61880e-02
	    2440.000	        1175	        6261	 4.23707e+03	 2.64056e+09	 9.58061e+03	 3.64053e+07	 1.05961e+05	 2.17077e+08	 1.61245e-02
	    2480.000	        1180	        6291	 4.21617e+03	 2.64034e+09	 9.46021e+03	 3.67838e+07	 1.06164e+05	 2.21323e+08	 1.60610e-02
	    2520.000	        1185	        6319	 4.19553e+03	 2.64014e+09	 9.33700e+03	 3.71572e+07	 1.06412e+05	 2.25580e+08	 1.59975e-02
	    2560.000	        1189	        6344	 4.17513e+03	 2.63993e+09	 9.21688e+03	 3.75259e+07	 1.06649e+05	 2.29846e+08	 1.59344e-02
	    2600.000	        1195	        6379	 4.15513e+03	 2.63973e+09	 9.10054e+03	 3.78899e+07	 1.06896e+05	 2.34121e+08	 1.58721e-02
	    2640.000	        1200	        6411	 4.13553e+03	 2.63953e+09	 8.98932e+03	 3.82495e+07	 1.07115e+05	 2.38406e+08	 1.58105e-02
	    2680.000	        1204	        6437	 4.11644e+03	 2.63934e+09	 8.88203e+03	 3.86048e+07	 1.07329e+05	 2.42699e+08	 1.57499e-02
	    2720.000	        1208	        6464	 4.09786e+03	 2.63915e+09	 8.77873e+03	 3.89559e+07	 1.07533e+05	 2.47000e+08	 1.56901e-02
	    2760.000	        1213	        6495	 4.07984e+03	 2.63897e+09	 8.67871e+03	 3.93031e+07	 1.07760e+05	 2.51311e+08	 1.56317e-02
	    2800.000	        1217	        6523	 4.06238e+03	 2.63879e+09	 8.58079e+03	 3.96463e+07	 1.08050e+05	 2.55633e+08	 1.55748e-02
	    2840.000	        1222	        6557	 4.04546e+03	 2.63862e+09	 8.48483e+03	 3.99857e+07	 1.08401e+05	 2.59969e+08	 1.55191e-02
	    2880.000	        1227	        6591	 4.02916e+03	 2.63846e+09	 8.39190e+03	 4.03214e+07	 1.08775e+05	 2.64320e+08	 1.54647e-02
	    2920.000	        1232	        6628	 4.01355e+03	 2.63830e+09	 8.29968e+03	 4.06534e+07	 1.09156e+05	 2.68686e+08	 1.54114e-02
	    2960.000	        1237	        6666	 3.99874e+03	 2.63815e+09	 8.20983e+03	 4.09818e+07	 1.09530e+05	 2.73067e+08	 1.53594e-02
	    3000.000	        1241	        6699	 3.98487e+03	 2.63801e+09	 8.12516e+03	 4.13068e+07	 1.09941e+05	 2.77465e+08	 1.53082e-02
	    3040.000	        1246	        6739	 3.97184e+03	 2.63788e+09	 8.04519e+03	 4.16286e+07	 1.10376e+05	 2.81880e+08	 1.52578e-02
	    3080.000	        1251	        6779	 3.95936e+03	 2.63775e+09	 7.96681e+03	 4.19472e+07	 1.10818e+05	 2.86313e+08	 1.52082e-02
	    3120.000	        1255	        6812	 3.94719e+03	 2.63763e+09	 7.88901e+03	 4.22628e+07	 1.11264e+05	 2.90763e+08	 1.51586e-02
	    3160.000	        1259	        6844	 3.93521e+03	 2.63751e+09	 7.81036e+03	 4.25752e+07	 1.11724e+05	 2.95232e+08	 1.51091e-02
	    3200.000	        1263	        6876	 3.92335e+03	 2.63739e+09	 7.73212e+03	 4.28845e+07	 1.12191e+05	 2.99720e+08	 1.50596e-02
	    3240.000	        1267	        6906	 3.91151e+03	 2.63727e+09	 7.65555e+03	 4.31907e+07	 1.12680e+05	 3.04227e+08	 1.50106e-02
	    3280.000	        1271	        6938	 3.89966e+03	 2.63715e+09	 7.58015e+03	 4.34939e+07	 1.13216e+05	 3.08756e+08	 1.49622e-02
	    3320.000	        1276	        6975	 3.88777e+03	 2.63703e+09	 7.50570e+03	 4.37942e+07	 1.13767e+05	 3.13306e+08	 1.49141e-02
	    3360.000	        1281	        7013	 3.87582e+03	 2.63691e+09	 7.43021e+03	 4.40914e+07	 1.14372e+05	 3.17881e+08	 1.48662e-02
	    3400.000	        1286	        7049	 3.86375e+03	 2.63679e+09	 7.35214e+03	 4.43855e+07	 1.15051e+05	 3.22483e+08	 1.48187e-02
	    3440.000	        1291	        7087	 3.85151e+03	 2.63666e+09	 7.27784e+03	 4.46766e+07	 1.15858e+05	 3.27118e+08	 1.47693e-02
	    3480.000	        1297	        7126	 3.83907e+03	 2.63654e+09	 7.20243e+03	 4.49647e+07	 1.16644e+05	 3.31783e+08	 1.47190e-02
	    3520.000	        1303	        7163	 3.82647e+03	 2.63642e+09	 7.12668e+03	 4.52497e+07	 1.17338e+05	 3.36477e+08	 1.46682e-02
	    3560.000	        1309	        7202	 3.81372e+03	 2.63628e+09	 7.05262e+03	 4.55318e+07	 1.17966e+05	 3.41196e+08	 1.46165e-02
	    3600.000	        1315	        7240	 3.80082e+03	 2.63616e+09	 6.98035e+03	 4.58111e+07	 1.18578e+05	 3.45939e+08	 1.45640e-02

Row 2
	        TIME	        FWPT	        FGIR	        FGIT	        FWIR	        FWIT	        WBHP	        WBHP
	         DAY	         STB	    MSCF/DAY	        MSCF	     STB/DAY	         STB	        PSIA	        PSIA
	           -	           -	           -	           -	           -	           -	       INJE1	       PROD1
	       0.010	 1.75311e-05	 1.00000e+05	 1.00000e+03	 0.00000e+00	 0.00000e+00	 7.88132e+03	 3.39539e+03
	       0.110	 5.31360e-04	 1.00000e+05	 1.10000e+04	 0.00000e+00	 0.00000e+00	 7.43908e+03	 2.89904e+03
	       0.210	 1.14333e-03	 1.00000e+05	 2.10000e+04	 0.00000e+00	 0.00000e+00	 7.29596e+03	 2.75202e+03
	       0.329	 1.97753e-03	 9.99993e+04	 3.28814e+04	 0.00000e+00	 0.00000e+00	 7.15541e+03	 2.61689e+03
	       0.389	 2.42329e-03	 1.00000e+05	 3.88626e+04	 0.00000e+00	 0.00000e+00	 7.10282e+03	 2.55345e+03
	       0.508	 3.41532e-03	 1.00001e+05	 5.08250e+04	 0.00000e+00	 0.00000e+00	 7.04986e+03	 2.43262e+03
	       0.747	 5.68120e-03	 1.00000e+05	 7.47497e+04	 0.00000e+00	 0.00000e+00	 6.98368e+03	 2.27090e+03
	       1.000	 8.24561e-03	 1.00000e+05	 1.00000e+05	 0.00000e+00	 0.00000e+00	 6.91844e+03	 2.17943e+03
	       1.379	 1.23034e-02	 1.00000e+05	 1.37876e+05	 0.00000e+00	 0.00000e+00	 6.87899e+03	 2.10474e+03
	       1.947	 1.87628e-02	 1.00001e+05	 1.94689e+05	 0.00000e+00	 0.00000e+00	 6.86181e+03	 2.01925e+03
	       2.799	 2.92162e-02	 1.00000e+05	 2.79909e+05	 0.00000e+00	 0.00000e+00	 6.84320e+03	 1.90650e+03
	       4.000	 4.50157e-02	 1.00001e+05	 4.00002e+05	 0.00000e+00	 0.00000e+00	 6.83796e+03	 1.79688e+03
	       6.104	 7.49657e-02	 9.99999e+04	 6.10432e+05	 0.00000e+00	 0.00000e+00	 6.80961e+03	 1.66760e+03
	       8.965	 1.18898e-01	 1.00000e+05	 8.96531e+05	 0.00000e+00	 0.00000e+00	 6.78264e+03	 1.53745e+03
	      11.965	 1.67673e-01	 1.00000e+05	 1.19653e+06	 0.00000e+00	 0.00000e+00	 6.75587e+03	 1.43542e+03
	      13.000	 1.84776e-01	 9.99998e+04	 1.30000e+06	 0.00000e+00	 0.00000e+00	 6.74360e+03	 1.40517e+03
	      15.069	 2.20011e-01	 1.00000e+05	 1.50695e+06	 0.00000e+00	 0.00000e+00	 6.73007e+03	 1.35035e+03
	      18.069	 2.72903e-01	 1.00000e+05	 1.80695e+06	 0.00000e+00	 0.00000e+00	 6.71509e+03	 1.28436e+03
	      21.069	 3.27279e-01	 1.00000e+05	 2.10695e+06	 0.00000e+00	 0.00000e+00	 6.69830e+03	 1.23070e+03
	      24.069	 3.82885e-01	 1.00000e+05	 2.40695e+06	 0.00000e+00	 0.00000e+00	 6.68278e+03	 1.18639e+03
	      27.069	 4.39509e-01	 1.00000e+05	 2.70695e+06	 0.00000e+00	 0.00000e+00	 6.66708e+03	 1.14982e+03
	      30.069	 4.96950e-01	 1.00000e+05	 3.00695e+06	 0.00000e+00	 0.00000e+00	 6.65219e+03	 1.12035e+03
	      33.069	 5.55021e-01	 1.00000e+05	 3.30695e+06	 0.00000e+00	 0.00000e+00	 6.63762e+03	 1.09730e+03
	      36.069	 6.13576e-01	 1.00000e+05	 3.60695e+06	 0.00000e+00	 0.00000e+00	 6.62430e+03	 1.07928e+03
	      39.069	 6.72485e-01	 1.00000e+05	 3.90695e+06	 0.00000e+00	 0.00000e+00	 6.61125e+03	 1.06569e+03
	      42.000	 7.30244e-01	 1.00000e+05	 4.20000e+06	 0.00000e+00	 0.00000e+00	 6.59931e+03	 1.05665e+03
	      45.000	 7.89473e-01	 1.00000e+05	 4.50000e+06	 0.00000e+00	 0.00000e+00	 6.58802e+03	 1.05147e+03
	      48.000	 8.48694e-01	 1.00000e+05	 4.80000e+06	 0.00000e+00	 0.00000e+00	 6.57622e+03	 1.04996e+03
	      50.000	 8.88142e-01	 1.00000e+05	 5.00000e+06	 0.00000e+00	 0.00000e+00	 6.56805e+03	 1.05038e+03
	      53.000	 9.47157e-01	 1.00000e+05	 5.30000e+06	 0.00000e+00	 0.00000e+00	 6.55821e+03	 1.05394e+03
	      56.000	 1.00594e+00	 1.00000e+05	 5.60000e+06	 0.00000e+00	 0.00000e+00	 6.54831e+03	 1.05998e+03
	      59.000	 1.06443e+00	 1.00000e+05	 5.90000e+06	 0.00000e+00	 0.00000e+00	 6.53837e+03	 1.06820e+03
	      62.000	 1.12258e+00	 1.00000e+05	 6.20000e+06	 0.00000e+00	 0.00000e+00	 6.52933e+03	 1.07834e+03
	      65.000	 1.18033e+00	 1.00000e+05	 6.50000e+06	 0.00000e+00	 0.00000e+00	 6.52047e+03	 1.09008e+03
	      68.000	 1.23764e+00	 1.00000e+05	 6.80000e+06	 0.00000e+00	 0.00000e+00	 6.51251e+03	 1.10369e+03
	      71.000	 1.29446e+00	 1.00000e+05	 7.10000e+06	 0.00000e+00	 0.00000e+00	 6.50518e+03	 1.11909e+03
	      74.000	 1.35075e+00	 1.00000e+05	 7.40000e+06	 0.00000e+00	 0.00000e+00	 6.49786e+03	 1.13592e+03
	      77.000	 1.40649e+00	 1.00000e+05	 7.70000e+06	 0.00000e+00	 0.00000e+00	 6.49045e+03	 1.15388e+03
	      80.000	 1.46164e+00	 1.00000e+05	 8.00000e+06	 0.00000e+00	 0.00000e+00	 6.48371e+03	 1.17285e+03
	      83.000	 1.51619e+00	 1.00000e+05	 8.30000e+06	 0.00000e+00	 0.00000e+00	 6.47751e+03	 1.19269e+03
	      86.000	 1.57013e+00	 1.00000e+05	 8.60000e+06	 0.00000e+00	 0.00000e+00	 6.47121e+03	 1.21325e+03
	      89.000	 1.62345e+00	 1.00000e+05	 8.90000e+06	 0.00000e+00	 0.00000e+00	 6.46499e+03	 1.23425e+03
	      92.000	 1.67616e+00	 1.00000e+05	 9.20000e+06	 0.00000e+00	 0.00000e+00	 6.45935e+03	 1.25522e+03
	      95.000	 1.72828e+00	 1.00000e+05	 9.50000e+06	 0.00000e+00	 0.00000e+00	 6.45431e+03	 1.27581e+03
	      98.000	 1.77984e+00	 1.00000e+05	 9.80000e+06	 0.00000e+00	 0.00000e+00	 6.44942e+03	 1.29579e+03
	     101.000	 1.83087e+00	 1.00000e+05	 1.01000e+07	 0.00000e+00	 0.00000e+00	 6.44516e+03	 1.31494e+03
	     104.000	 1.88138e+00	 1.00000e+05	 1.04000e+07	 0.00000e+00	 0.00000e+00	 6.44134e+03	 1.33355e+03
	     107.000	 1.93140e+00	 1.00000e+05	 1.07000e+07	 0.00000e+00	 0.00000e+00	 6.43784e+03	 1.35181e+03
	     110.000	 1.98094e+00	 1.00000e+05	 1.10000e+07	 0.00000e+00	 0.00000e+00	 6.43484e+03	 1.36947e+03
	     113.000	 2.03003e+00	 1.00000e+05	 1.13000e+07	 0.00000e+00	 0.00000e+00	 6.43189e+03	 1.38619e+03
	     116.000	 2.07871e+00	 1.00000e+05	 1.16000e+07	 0.00000e+00	 0.00000e+00	 6.42930e+03	 1.40213e+03
	     119.000	 2.12698e+00	 1.00000e+05	 1.19000e+07	 0.00000e+00	 0.00000e+00	 6.42717e+03	 1.41751e+03
	     122.000	 2.17485e+00	 1.00000e+05	 1.22000e+07	 0.00000e+00	 0.00000e+00	 6.42531e+03	 1.43278e+03
	     125.000	 2.22231e+00	 1.00000e+05	 1.25000e+07	 0.00000e+00	 0.00000e+00	 6.42355e+03	 1.44814e+03
	     128.000	 2.26939e+00	 1.00000e+05	 1.28000e+07	 0.00000e+00	 0.00000e+00	 6.42208e+03	 1.46317e+03
	     131.000	 2.31608e+00	 1.00000e+05	 1.31000e+07	 0.00000e+00	 0.00000e+00	 6.42085e+03	 1.47804e+03
	     134.000	 2.36238e+00	 1.00000e+05	 1.34000e+07	 0.00000e+00	 0.00000e+00	 6.42003e+03	 1.49309e+03
	     137.000	 2.40828e+00	 1.00000e+05	 1.37000e+07	 0.00000e+00	 0.00000e+00	 6.41944e+03	 1.50816e+03
	     140.000	 2.45380e+00	 1.00000e+05	 1.40000e+07	 0.00000e+00	 0.00000e+00	 6.41913e+03	 1.52309e+03
	     143.000	 2.49893e+00	 1.00000e+05	 1.43000e+07	 0.00000e+00	 0.00000e+00	 6.41900e+03	 1.53812e+03
	     146.000	 2.54367e+00	 1.00000e+05	 1.46000e+07	 0.00000e+00	 0.00000e+00	 6.41901e+03	 1.55315e+03
	     149.000	 2.58801e+00	 1.00000e+05	 1.49000e+07	 0.00000e+00	 0.00000e+00	 6.41933e+03	 1.56829e+03
	     152.000	 2.63197e+00	 1.00000e+05	 1.52000e+07	 0.00000e+00	 0.00000e+00	 6.41981e+03	 1.58344e+03
	     155.000	 2.67553e+00	 1.00000e+05	 1.55000e+07	 0.00000e+00	 0.00000e+00	 6.42073e+03	 1.59895e+03
	     158.000	 2.71869e+00	 1.00000e+05	 1.58000e+07	 0.00000e+00	 0.00000e+00	 6.42158e+03	 1.61450e+03
	     161.000	 2.76145e+00	 1.00000e+05	 1.61000e+07	 0.00000e+00	 0.00000e+00	 6.42277e+03	 1.63006e+03
	     164.000	 2.80381e+00	 1.00000e+05	 1.64000e+07	 0.00000e+00	 0.00000e+00	 6.42403e+03	 1.64558e+03
	     167.000	 2.84577e+00	 1.00000e+05	 1.67000e+07	 0.00000e+00	 0.00000e+00	 6.42553e+03	 1.66101e+03
	     170.000	 2.88734e+00	 1.00000e+05	 1.70000e+07	 0.00000e+00	 0.00000e+00	 6.42719e+03	 1.67677e+03
	     173.000	 2.92851e+00	 1.00000e+05	 1.73000e+07	 0.00000e+00	 0.00000e+00	 6.42906e+03	 1.69222e+03
	     176.000	 2.96931e+00	 1.00000e+05	 1.76000e+07	 0.00000e+00	 0.00000e+00	 6.43103e+03	 1.70716e+03
	     179.000	 3.00973e+00	 1.00000e+05	 1.79000e+07	 0.00000e+00	 0.00000e+00	 6.43317e+03	 1.72244e+03
	     180.000	 3.02316e+00	 9.99999e+04	 1.80000e+07	 0.00000e+00	 0.00000e+00	 6.43380e+03	 1.72758e+03
	     182.000	 3.04984e+00	 1.00000e+05	 1.82000e+07	 0.00000e+00	 0.00000e+00	 6.43529e+03	 1.73772e+03
	     185.000	 3.08950e+00	 1.00000e+05	 1.85000e+07	 0.00000e+00	 0.00000e+00	 6.43770e+03	 1.75286e+03
	     188.000	 3.12877e+00	 1.00000e+05	 1.88000e+07	 0.00000e+00	 0.00000e+00	 6.44031e+03	 1.76815e+03
	     191.000	 3.16765e+00	 1.00000e+05	 1.91000e+07	 0.00000e+00	 0.00000e+00	 6.44296e+03	 1.78366e+03
	     194.000	 3.20616e+00	 1.00000e+05	 1.94000e+07	 0.00000e+00	 0.00000e+00	 6.44588e+03	 1.79904e+03
	     197.000	 3.24428e+00	 1.00000e+05	 1.97000e+07	 0.00000e+00	 0.00000e+00	 6.44880e+03	 1.81432e+03
	     200.000	 3.28203e+00	 1.00000e+05	 2.00000e+07	 0.00000e+00	 0.00000e+00	 6.45188e+03	 1.82940e+03
	     203.000	 3.31941e+00	 1.00000e+05	 2.03000e+07	 0.00000e+00	 0.00000e+00	 6.45503e+03	 1.84473e+03
	     206.000	 3.35643e+00	 1.00000e+05	 2.06000e+07	 0.00000e+00	 0.00000e+00	 6.45832e+03	 1.85977e+03
	     209.000	 3.39307e+00	 1.00000e+05	 2.09000e+07	 0.00000e+00	 0.00000e+00	 6.46159e+03	 1.87485e+03
	     212.000	 3.42935e+00	 1.00000e+05	 2.12000e+07	 0.00000e+00	 0.00000e+00	 6.46504e+03	 1.89003e+03
	     215.000	 3.46525e+00	 1.00000e+05	 2.15000e+07	 0.00000e+00	 0.00000e+00	 6.46861e+03	 1.90537e+03
	     218.000	 3.50078e+00	 1.00000e+05	 2.18000e+07	 0.00000e+00	 0.00000e+00	 6.47221e+03	 1.92088e+03
	     221.000	 3.53596e+00	 1.00000e+05	 2.21000e+07	 0.00000e+00	 0.00000e+00	 6.47601e+03	 1.93583e+03
	     224.000	 3.57076e+00	 1.00000e+05	 2.24000e+07	 0.00000e+00	 0.00000e+00	 6.47983e+03	 1.95116e+03
	     227.000	 3.60520e+00	 1.00000e+05	 2.27000e+07	 0.00000e+00	 0.00000e+00	 6.48370e+03	 1.96645e+03
	     230.000	 3.63928e+00	 1.00000e+05	 2.30000e+07	 0.00000e+00	 0.00000e+00	 6.48760e+03	 1.98164e+03
	     233.000	 3.67299e+00	 1.00000e+05	 2.33000e+07	 0.00000e+00	 0.00000e+00	 6.49161e+03	 1.99709e+03
	     236.000	 3.70634e+00	 1.00000e+05	 2.36000e+07	 0.00000e+00	 0.00000e+00	 6.49563e+03	 2.01244e+03
	     239.000	 3.73933e+00	 1.00000e+05	 2.39000e+07	 0.00000e+00	 0.00000e+00	 6.49978e+03	 2.02774e+03
	     242.000	 3.77197e+00	 1.00000e+05	 2.42000e+07	 0.00000e+00	 0.00000e+00	 6.50393e+03	 2.04295e+03
	     245.000	 3.80424e+00	 1.00000e+05	 2.45000e+07	 0.00000e+00	 0.00000e+00	 6.50816e+03	 2.05861e+03
	     248.000	 3.83614e+00	 1.00000e+05	 2.48000e+07	 0.00000e+00	 0.00000e+00	 6.51258e+03	 2.07418e+03
	     251.000	 3.86769e+00	 1.00000e+05	 2.51000e+07	 0.00000e+00	 0.00000e+00	 6.51696e+03	 2.08972e+03
	     254.000	 3.89888e+00	 1.00000e+05	 2.54000e+07	 0.00000e+00	 0.00000e+00	 6.52131e+03	 2.10540e+03
	     257.000	 3.92970e+00	 1.00000e+05	 2.57000e+07	 0.00000e+00	 0.00000e+00	 6.52584e+03	 2.12128e+03
	     260.000	 3.96015e+00	 1.00000e+05	 2.60000e+07	 0.00000e+00	 0.00000e+00	 6.53037e+03	 2.13747e+03
	     263.000	 3.99023e+00	 1.00000e+05	 2.63000e+07	 0.00000e+00	 0.00000e+00	 6.53493e+03	 2.15339e+03
	     266.000	 4.01996e+00	 1.00000e+05	 2.66000e+07	 0.00000e+00	 0.00000e+00	 6.53954e+03	 2.16933e+03
	     269.000	 4.04932e+00	 1.00000e+05	 2.69000e+07	 0.00000e+00	 0.00000e+00	 6.54421e+03	 2.18544e+03
	     272.000	 4.07831e+00	 1.00000e+05	 2.72000e+07	 0.00000e+00	 0.00000e+00	 6.54894e+03	 2.20171e+03
	     275.000	 4.10694e+00	 1.00000e+05	 2.75000e+07	 0.00000e+00	 0.00000e+00	 6.55364e+03	 2.21810e+03
	     278.000	 4.13519e+00	 1.00000e+05	 2.78000e+07	 0.00000e+00	 0.00000e+00	 6.55846e+03	 2.23463e+03
	     281.000	 4.16307e+00	 1.00000e+05	 2.81000e+07	 0.00000e+00	 0.00000e+00	 6.56329e+03	 2.25147e+03
	     284.000	 4.19058e+00	 1.00000e+05	 2.84000e+07	 0.00000e+00	 0.00000e+00	 6.56818e+03	 2.26821e+03
	     287.000	 4.21772e+00	 1.00000e+05	 2.87000e+07	 0.00000e+00	 0.00000e+00	 6.57312e+03	 2.28524e+03
	     290.000	 4.24447e+00	 1.00000e+05	 2.90000e+07	 0.00000e+00	 0.00000e+00	 6.57800e+03	 2.30262e+03
	     293.000	 4.27084e+00	 1.00000e+05	 2.93000e+07	 0.00000e+00	 0.00000e+00	 6.58296e+03	 2.31997e+03
	     296.000	 4.29682e+00	 1.00000e+05	 2.96000e+07	 0.00000e+00	 0.00000e+00	 6.58798e+03	 2.33802e+03
	     299.000	 4.32239e+00	 1.00000e+05	 2.99000e+07	 0.00000e+00	 0.00000e+00	 6.59296e+03	 2.35658e+03
	     302.000	 4.34755e+00	 1.00000e+05	 3.02000e+07	 0.00000e+00	 0.00000e+00	 6.59799e+03	 2.37581e+03
	     305.000	 4.37225e+00	 1.00000e+05	 3.05000e+07	 0.00000e+00	 0.00000e+00	 6.60308e+03	 2.39664e+03
	     308.000	 4.39649e+00	 1.00000e+05	 3.08000e+07	 0.00000e+00	 0.00000e+00	 6.60819e+03	 2.41847e+03
	     310.000	 4.41243e+00	 1.00000e+05	 3.10000e+07	 0.00000e+00	 0.00000e+00	 6.61155e+03	 2.43424e+03
	     313.000	 4.43577e+00	 1.00000e+05	 3.13000e+07	 0.00000e+00	 0.00000e+00	 6.61668e+03	 2.46087e+03
	     315.000	 4.45104e+00	 1.00000e+05	 3.15000e+07	 0.00000e+00	 0.00000e+00	 6.62007e+03	 2.48115e+03
	     317.000	 4.46599e+00	 1.00000e+05	 3.17000e+07	 0.00000e+00	 0.00000e+00	 6.62353e+03	 2.50421e+03
	     319.000	 4.48066e+00	 1.00000e+05	 3.19000e+07	 0.00000e+00	 0.00000e+00	 6.62698e+03	 2.52389e+03
	     321.000	 4.49557e+00	 1.00000e+05	 3.21000e+07	 0.00000e+00	 0.00000e+00	 6.63043e+03	 2.50403e+03
	     323.000	 4.51114e+00	 1.00000e+05	 3.23000e+07	 0.00000e+00	 0.00000e+00	 6.63387e+03	 2.45402e+03
	     325.000	 4.52747e+00	 1.00000e+05	 3.25000e+07	 0.00000e+00	 0.00000e+00	 6.63734e+03	 2.39778e+03
	     327.000	 4.54464e+00	 1.00000e+05	 3.27000e+07	 0.00000e+00	 0.00000e+00	 6.64082e+03	 2.33594e+03
	     329.000	 4.56258e+00	 1.00000e+05	 3.29000e+07	 0.00000e+00	 0.00000e+00	 6.64430e+03	 2.28165e+03
	     331.000	 4.58116e+00	 1.00000e+05	 3.31000e+07	 0.00000e+00	 0.00000e+00	 6.64774e+03	 2.23677e+03
	     333.000	 4.60031e+00	 1.00000e+05	 3.33000e+07	 0.00000e+00	 0.00000e+00	 6.65116e+03	 2.19726e+03
	     335.000	 4.62002e+00	 1.00000e+05	 3.35000e+07	 0.00000e+00	 0.00000e+00	 6.65452e+03	 2.15951e+03
	     337.000	 4.64033e+00	 1.00000e+05	 3.37000e+07	 0.00000e+00	 0.00000e+00	 6.65782e+03	 2.11919e+03
	     339.000	 4.66132e+00	 1.00000e+05	 3.39000e+07	 0.00000e+00	 0.00000e+00	 6.66109e+03	 2.07517e+03
	     341.000	 4.68304e+00	 1.00000e+05	 3.41000e+07	 0.00000e+00	 0.00000e+00	 6.66427e+03	 2.02860e+03
	     343.000	 4.70549e+00	 1.00000e+05	 3.43000e+07	 0.00000e+00	 0.00000e+00	 6.66731e+03	 1.98240e+03
	     345.000	 4.72865e+00	 1.00000e+05	 3.45000e+07	 0.00000e+00	 0.00000e+00	 6.67024e+03	 1.93842e+03
	     347.000	 4.75247e+00	 1.00000e+05	 3.47000e+07	 0.00000e+00	 0.00000e+00	 6.67303e+03	 1.89909e+03
	     349.000	 4.77687e+00	 1.00000e+05	 3.49000e+07	 0.00000e+00	 0.00000e+00	 6.67573e+03	 1.86409e+03
	     351.000	 4.80179e+00	 1.00000e+05	 3.51000e+07	 0.00000e+00	 0.00000e+00	 6.67833e+03	 1.83303e+03
	     353.000	 4.82718e+00	 1.00000e+05	 3.53000e+07	 0.00000e+00	 0.00000e+00	 6.68079e+03	 1.80540e+03
	     355.000	 4.85298e+00	 1.00000e+05	 3.55000e+07	 0.00000e+00	 0.00000e+00	 6.68311e+03	 1.78086e+03
	     357.000	 4.87914e+00	 1.00000e+05	 3.57000e+07	 0.00000e+00	 0.00000e+00	 6.68533e+03	 1.75952e+03
	     359.000	 4.90563e+00	 1.00000e+05	 3.59000e+07	 0.00000e+00	 0.00000e+00	 6.68741e+03	 1.74003e+03
	     360.000	 4.91896e+00	 1.00000e+05	 3.60000e+07	 0.00000e+00	 0.00000e+00	 6.68840e+03	 1.73068e+03
	     362.000	 4.94591e+00	 1.00000e+05	 3.62000e+07	 0.00000e+00	 0.00000e+00	 6.69029e+03	 1.71317e+03
	     363.200	 4.96217e+00	 1.00000e+05	 3.63200e+07	 0.00000e+00	 0.00000e+00	 6.69135e+03	 1.70340e+03
	     365.600	 4.99508e+00	 1.00000e+05	 3.65600e+07	 0.00000e+00	 0.00000e+00	 6.69335e+03	 1.68505e+03
	     370.400	 5.06235e+00	 1.00000e+05	 3.70400e+07	 0.00000e+00	 0.00000e+00	 6.69665e+03	 1.64962e+03
	     371.900	 5.08351e+00	 1.00000e+05	 3.71900e+07	 0.00000e+00	 0.00000e+00	 6.69754e+03	 1.63873e+03
	     374.900	 5.12637e+00	 1.00000e+05	 3.74900e+07	 0.00000e+00	 0.00000e+00	 6.69925e+03	 1.61838e+03
	     379.900	 5.19916e+00	 1.00000e+05	 3.79900e+07	 0.00000e+00	 0.00000e+00	 6.70154e+03	 1.58680e+03
	     384.900	 5.27326e+00	 1.00000e+05	 3.84900e+07	 0.00000e+00	 0.00000e+00	 6.70322e+03	 1.55689e+03
	     389.900	 5.34861e+00	 1.00000e+05	 3.89900e+07	 0.00000e+00	 0.00000e+00	 6.70439e+03	 1.52839e+03
	     394.900	 5.42510e+00	 1.00000e+05	 3.94900e+07	 0.00000e+00	 0.00000e+00	 6.70513e+03	 1.50253e+03
	     399.900	 5.50264e+00	 1.00000e+05	 3.99900e+07	 0.00000e+00	 0.00000e+00	 6.70542e+03	 1.47898e+03
	     404.900	 5.58114e+00	 1.00000e+05	 4.04900e+07	 0.00000e+00	 0.00000e+00	 6.70533e+03	 1.45724e+03
	     409.900	 5.66055e+00	 1.00000e+05	 4.09900e+07	 0.00000e+00	 0.00000e+00	 6.70494e+03	 1.43656e+03
	     414.900	 5.74085e+00	 1.00000e+05	 4.14900e+07	 0.00000e+00	 0.00000e+00	 6.70423e+03	 1.41644e+03
	     419.900	 5.82202e+00	 1.00000e+05	 4.19900e+07	 0.00000e+00	 0.00000e+00	 6.70322e+03	 1.39682e+03
	     424.900	 5.90403e+00	 1.00000e+05	 4.24900e+07	 0.00000e+00	 0.00000e+00	 6.70196e+03	 1.37781e+03
	     429.900	 5.98687e+00	 1.00000e+05	 4.29900e+07	 0.00000e+00	 0.00000e+00	 6.70036e+03	 1.35940e+03
	     434.900	 6.07050e+00	 1.00000e+05	 4.34900e+07	 0.00000e+00	 0.00000e+00	 6.69851e+03	 1.34178e+03
	     439.900	 6.15502e+00	 1.00000e+05	 4.39900e+07	 0.00000e+00	 0.00000e+00	 6.69647e+03	 1.32244e+03
	     444.900	 6.24029e+00	 1.00000e+05	 4.44900e+07	 0.00000e+00	 0.00000e+00	 6.69422e+03	 1.30563e+03
	     449.900	 6.32627e+00	 1.00000e+05	 4.49900e+07	 0.00000e+00	 0.00000e+00	 6.69176e+03	 1.28992e+03
	     454.900	 6.41294e+00	 1.00000e+05	 4.54900e+07	 0.00000e+00	 0.00000e+00	 6.68909e+03	 1.27454e+03
	     459.900	 6.50023e+00	 1.00000e+05	 4.59900e+07	 0.00000e+00	 0.00000e+00	 6.68626e+03	 1.26051e+03
	     464.900	 6.58814e+00	 1.00000e+05	 4.64900e+07	 0.00000e+00	 0.00000e+00	 6.68326e+03	 1.24666e+03
	     469.900	 6.67672e+00	 1.00000e+05	 4.69900e+07	 0.00000e+00	 0.00000e+00	 6.68007e+03	 1.23205e+03
	     474.900	 6.76594e+00	 1.00000e+05	 4.74900e+07	 0.00000e+00	 0.00000e+00	 6.67671e+03	 1.21776e+03
	     479.900	 6.85584e+00	 1.00000e+05	 4.79900e+07	 0.00000e+00	 0.00000e+00	 6.67319e+03	 1.20291e+03
	     484.900	 6.94638e+00	 1.00000e+05	 4.84900e+07	 0.00000e+00	 0.00000e+00	 6.66953e+03	 1.18892e+03
	     486.400	 6.97359e+00	 1.00000e+05	 4.86400e+07	 0.00000e+00	 0.00000e+00	 6.66846e+03	 1.18503e+03
	     489.400	 7.02824e+00	 1.00000e+05	 4.89400e+07	 0.00000e+00	 0.00000e+00	 6.66615e+03	 1.17704e+03
	     494.400	 7.11990e+00	 1.00000e+05	 4.94400e+07	 0.00000e+00	 0.00000e+00	 6.66220e+03	 1.16417e+03
	     499.400	 7.21217e+00	 1.00000e+05	 4.99400e+07	 0.00000e+00	 0.00000e+00	 6.65813e+03	 1.15078e+03
	     504.400	 7.30507e+00	 1.00000e+05	 5.04400e+07	 0.00000e+00	 0.00000e+00	 6.65394e+03	 1.13708e+03
	     509.400	 7.39858e+00	 1.00000e+05	 5.09400e+07	 0.00000e+00	 0.00000e+00	 6.64965e+03	 1.12412e+03
	     514.400	 7.49267e+00	 1.00000e+05	 5.14400e+07	 0.00000e+00	 0.00000e+00	 6.64524e+03	 1.11137e+03
	     519.400	 7.58739e+00	 1.00000e+05	 5.19400e+07	 0.00000e+00	 0.00000e+00	 6.64071e+03	 1.09778e+03
	     524.400	 7.68274e+00	 1.00000e+05	 5.24400e+07	 0.00000e+00	 0.00000e+00	 6.63606e+03	 1.08437e+03
	     529.400	 7.77867e+00	 1.00000e+05	 5.29400e+07	 0.00000e+00	 0.00000e+00	 6.63131e+03	 1.07200e+03
	     534.400	 7.87505e+00	 1.00000e+05	 5.34400e+07	 0.00000e+00	 0.00000e+00	 6.62645e+03	 1.06198e+03
	     539.400	 7.97196e+00	 1.00000e+05	 5.39400e+07	 0.00000e+00	 0.00000e+00	 6.62149e+03	 1.05036e+03
	     544.400	 8.06945e+00	 1.00000e+05	 5.44400e+07	 0.00000e+00	 0.00000e+00	 6.61644e+03	 1.03795e+03
	     549.400	 8.16756e+00	 1.00000e+05	 5.49400e+07	 0.00000e+00	 0.00000e+00	 6.61129e+03	 1.02492e+03
	     554.400	 8.26622e+00	 1.00000e+05	 5.54400e+07	 0.00000e+00	 0.00000e+00	 6.60603e+03	 1.01312e+03
	     559.400	 8.36542e+00	 1.00000e+05	 5.59400e+07	 0.00000e+00	 0.00000e+00	 6.60069e+03	 1.00154e+03
	     564.400	 8.46463e+00	 1.00000e+05	 5.64400e+07	 0.00000e+00	 0.00000e+00	 6.59525e+03	 1.00000e+03
	     569.400	 8.56375e+00	 1.00000e+05	 5.69400e+07	 0.00000e+00	 0.00000e+00	 6.58973e+03	 1.00000e+03
	     574.400	 8.66278e+00	 1.00000e+05	 5.74400e+07	 0.00000e+00	 0.00000e+00	 6.58414e+03	 1.00000e+03
	     579.400	 8.76172e+00	 1.00000e+05	 5.79400e+07	 0.00000e+00	 0.00000e+00	 6.57852e+03	 1.00000e+03
	     584.400	 8.86057e+00	 1.00000e+05	 5.84400e+07	 0.00000e+00	 0.00000e+00	 6.57285e+03	 1.00000e+03
	     585.900	 8.89021e+00	 1.00000e+05	 5.85900e+07	 0.00000e+00	 0.00000e+00	 6.57122e+03	 1.00000e+03
	     588.900	 8.94948e+00	 1.00000e+05	 5.88900e+07	 0.00000e+00	 0.00000e+00	 6.56777e+03	 1.00000e+03
	     593.900	 9.04816e+00	 1.00000e+05	 5.93900e+07	 0.00000e+00	 0.00000e+00	 6.56200e+03	 1.00000e+03
	     598.900	 9.14675e+00	 1.00000e+05	 5.98900e+07	 0.00000e+00	 0.00000e+00	 6.55625e+03	 1.00000e+03
	     603.900	 9.24526e+00	 1.00000e+05	 6.03900e+07	 0.00000e+00	 0.00000e+00	 6.55046e+03	 1.00000e+03
	     605.400	 9.27480e+00	 1.00000e+05	 6.05400e+07	 0.00000e+00	 0.00000e+00	 6.54878e+03	 1.00000e+03
	     608.400	 9.33386e+00	 1.00000e+05	 6.08400e+07	 0.00000e+00	 0.00000e+00	 6.54524e+03	 1.00000e+03
	     609.900	 9.36338e+00	 1.00000e+05	 6.09900e+07	 0.00000e+00	 0.00000e+00	 6.54351e+03	 1.00000e+03
	     612.900	 9.42238e+00	 1.00000e+05	 6.12900e+07	 0.00000e+00	 0.00000e+00	 6.53995e+03	 1.00000e+03
	     617.900	 9.52063e+00	 1.00000e+05	 6.17900e+07	 0.00000e+00	 0.00000e+00	 6.53404e+03	 1.00000e+03
	     622.900	 9.61879e+00	 1.00000e+05	 6.22900e+07	 0.00000e+00	 0.00000e+00	 6.52815e+03	 1.00000e+03
	     627.900	 9.71686e+00	 1.00000e+05	 6.27900e+07	 0.00000e+00	 0.00000e+00	 6.52220e+03	 1.00000e+03
	     632.900	 9.81486e+00	 1.00000e+05	 6.32900e+07	 0.00000e+00	 0.00000e+00	 6.51623e+03	 1.00000e+03
	     634.400	 9.84425e+00	 1.00000e+05	 6.34400e+07	 0.00000e+00	 0.00000e+00	 6.51451e+03	 1.00000e+03
	     637.400	 9.90301e+00	 1.00000e+05	 6.37400e+07	 0.00000e+00	 0.00000e+00	 6.51087e+03	 1.00000e+03
	     641.900	 9.99108e+00	 1.00000e+05	 6.41900e+07	 0.00000e+00	 0.00000e+00	 6.50540e+03	 1.00000e+03
	     646.900	 1.00889e+01	 1.00000e+05	 6.46900e+07	 0.00000e+00	 0.00000e+00	 6.49929e+03	 1.00000e+03
	     651.900	 1.01866e+01	 1.00000e+05	 6.51900e+07	 0.00000e+00	 0.00000e+00	 6.49307e+03	 1.00000e+03
	     656.900	 1.02843e+01	 1.00000e+05	 6.56900e+07	 0.00000e+00	 0.00000e+00	 6.48674e+03	 1.00000e+03
	     661.900	 1.03820e+01	 1.00000e+05	 6.61900e+07	 0.00000e+00	 0.00000e+00	 6.48031e+03	 1.00000e+03
	     666.900	 1.04795e+01	 1.00000e+05	 6.66900e+07	 0.00000e+00	 0.00000e+00	 6.47382e+03	 1.00000e+03
	     668.400	 1.05088e+01	 1.00000e+05	 6.68400e+07	 0.00000e+00	 0.00000e+00	 6.47195e+03	 1.00000e+03
	     671.400	 1.05673e+01	 1.00000e+05	 6.71400e+07	 0.00000e+00	 0.00000e+00	 6.46798e+03	 1.00000e+03
	     676.400	 1.06647e+01	 1.00000e+05	 6.76400e+07	 0.00000e+00	 0.00000e+00	 6.46132e+03	 1.00000e+03
	     681.400	 1.07621e+01	 1.00000e+05	 6.81400e+07	 0.00000e+00	 0.00000e+00	 6.45462e+03	 1.00000e+03
	     686.400	 1.08594e+01	 1.00000e+05	 6.86400e+07	 0.00000e+00	 0.00000e+00	 6.44790e+03	 1.00000e+03
	     691.400	 1.09567e+01	 1.00000e+05	 6.91400e+07	 0.00000e+00	 0.00000e+00	 6.44116e+03	 1.00000e+03
	     696.400	 1.10539e+01	 1.00000e+05	 6.96400e+07	 0.00000e+00	 0.00000e+00	 6.43437e+03	 1.00000e+03
	     701.400	 1.11510e+01	 1.00000e+05	 7.01400e+07	 0.00000e+00	 0.00000e+00	 6.42757e+03	 1.00000e+03
	     706.400	 1.12481e+01	 1.00000e+05	 7.06400e+07	 0.00000e+00	 0.00000e+00	 6.42074e+03	 1.00000e+03
	     711.400	 1.13451e+01	 1.00000e+05	 7.11400e+07	 0.00000e+00	 0.00000e+00	 6.41389e+03	 1.00000e+03
	     716.400	 1.14420e+01	 1.00000e+05	 7.16400e+07	 0.00000e+00	 0.00000e+00	 6.40703e+03	 1.00000e+03
	     720.000	 1.15118e+01	 1.00000e+05	 7.20000e+07	 0.00000e+00	 0.00000e+00	 6.40211e+03	 1.00000e+03
	     725.000	 1.16086e+01	 1.00000e+05	 7.25000e+07	 0.00000e+00	 0.00000e+00	 6.39517e+03	 1.00000e+03
	     735.000	 1.18020e+01	 1.00000e+05	 7.35000e+07	 0.00000e+00	 0.00000e+00	 6.38127e+03	 1.00000e+03
	     745.000	 1.19951e+01	 1.00000e+05	 7.45000e+07	 0.00000e+00	 0.00000e+00	 6.36745e+03	 1.00000e+03
	     755.000	 1.21880e+01	 1.00000e+05	 7.55000e+07	 0.00000e+00	 0.00000e+00	 6.35360e+03	 1.00000e+03
	     765.000	 1.23807e+01	 1.00000e+05	 7.65000e+07	 0.00000e+00	 0.00000e+00	 6.33975e+03	 1.00000e+03
	     775.000	 1.25731e+01	 1.00000e+05	 7.75000e+07	 0.00000e+00	 0.00000e+00	 6.32590e+03	 1.00000e+03
	     785.000	 1.27653e+01	 1.00000e+05	 7.85000e+07	 0.00000e+00	 0.00000e+00	 6.31203e+03	 1.00000e+03
	     795.000	 1.29573e+01	 1.00000e+05	 7.95000e+07	 0.00000e+00	 0.00000e+00	 6.29817e+03	 1.00000e+03
	     805.000	 1.31490e+01	 1.00000e+05	 8.05000e+07	 0.00000e+00	 0.00000e+00	 6.28433e+03	 1.00000e+03
	     815.000	 1.33405e+01	 1.00000e+05	 8.15000e+07	 0.00000e+00	 0.00000e+00	 6.27050e+03	 1.00000e+03
	     825.000	 1.35318e+01	 1.00000e+05	 8.25000e+07	 0.00000e+00	 0.00000e+00	 6.25670e+03	 1.00000e+03
	     835.000	 1.37228e+01	 1.00000e+05	 8.35000e+07	 0.00000e+00	 0.00000e+00	 6.24293e+03	 1.00000e+03
	     845.000	 1.39136e+01	 1.00000e+05	 8.45000e+07	 0.00000e+00	 0.00000e+00	 6.22916e+03	 1.00000e+03
	     855.000	 1.41042e+01	 1.00000e+05	 8.55000e+07	 0.00000e+00	 0.00000e+00	 6.21542e+03	 1.00000e+03
	     865.000	 1.42946e+01	 1.00000e+05	 8.65000e+07	 0.00000e+00	 0.00000e+00	 6.20170e+03	 1.00000e+03
	     875.000	 1.44848e+01	 1.00000e+05	 8.75000e+07	 0.00000e+00	 0.00000e+00	 6.18801e+03	 1.00000e+03
	     885.000	 1.46747e+01	 1.00000e+05	 8.85000e+07	 0.00000e+00	 0.00000e+00	 6.17436e+03	 1.00000e+03
	     885.900	 1.46918e+01	 1.00000e+05	 8.85900e+07	 0.00000e+00	 0.00000e+00	 6.17334e+03	 1.00000e+03
	     887.700	 1.47260e+01	 1.00000e+05	 8.87700e+07	 0.00000e+00	 0.00000e+00	 6.17087e+03	 1.00000e+03
	     891.300	 1.47943e+01	 1.00000e+05	 8.91300e+07	 0.00000e+00	 0.00000e+00	 6.16593e+03	 1.00000e+03
	     898.500	 1.49309e+01	 1.00000e+05	 8.98500e+07	 0.00000e+00	 0.00000e+00	 6.15607e+03	 1.00000e+03
	     908.500	 1.51203e+01	 1.00000e+05	 9.08500e+07	 0.00000e+00	 0.00000e+00	 6.14247e+03	 1.00000e+03
	     918.500	 1.53096e+01	 1.00000e+05	 9.18500e+07	 0.00000e+00	 0.00000e+00	 6.12899e+03	 1.00000e+03
	     928.500	 1.54986e+01	 1.00000e+05	 9.28500e+07	 0.00000e+00	 0.00000e+00	 6.11555e+03	 1.00000e+03
	     938.500	 1.56874e+01	 1.00000e+05	 9.38500e+07	 0.00000e+00	 0.00000e+00	 6.10216e+03	 1.00000e+03
	     948.500	 1.58760e+01	 1.00000e+05	 9.48500e+07	 0.00000e+00	 0.00000e+00	 6.08883e+03	 1.00000e+03
	     958.500	 1.60644e+01	 1.00000e+05	 9.58500e+07	 0.00000e+00	 0.00000e+00	 6.07556e+03	 1.00000e+03
	     968.500	 1.62526e+01	 1.00000e+05	 9.68500e+07	 0.00000e+00	 0.00000e+00	 6.06234e+03	 1.00000e+03
	     978.500	 1.64405e+01	 1.00000e+05	 9.78500e+07	 0.00000e+00	 0.00000e+00	 6.04918e+03	 1.00000e+03
	     988.500	 1.66283e+01	 1.00000e+05	 9.88500e+07	 0.00000e+00	 0.00000e+00	 6.03606e+03	 1.00000e+03
	     998.500	 1.68159e+01	 1.00000e+05	 9.98500e+07	 0.00000e+00	 0.00000e+00	 6.02302e+03	 1.00000e+03
	    1008.500	 1.70033e+01	 1.00000e+05	 1.00850e+08	 0.00000e+00	 0.00000e+00	 6.01003e+03	 1.00000e+03
	    1018.500	 1.71904e+01	 1.00000e+05	 1.01850e+08	 0.00000e+00	 0.00000e+00	 5.99710e+03	 1.00000e+03
	    1028.500	 1.73774e+01	 1.00000e+05	 1.02850e+08	 0.00000e+00	 0.00000e+00	 5.98426e+03	 1.00000e+03
	    1038.500	 1.75642e+01	 1.00000e+05	 1.03850e+08	 0.00000e+00	 0.00000e+00	 5.97151e+03	 1.00000e+03
	    1048.500	 1.77508e+01	 1.00000e+05	 1.04850e+08	 0.00000e+00	 0.00000e+00	 5.95885e+03	 1.00000e+03
	    1058.500	 1.79371e+01	 1.00000e+05	 1.05850e+08	 0.00000e+00	 0.00000e+00	 5.94628e+03	 1.00000e+03
	    1068.500	 1.81233e+01	 1.00000e+05	 1.06850e+08	 0.00000e+00	 0.00000e+00	 5.93380e+03	 1.00000e+03
	    1078.500	 1.83093e+01	 1.00000e+05	 1.07850e+08	 0.00000e+00	 0.00000e+00	 5.92142e+03	 1.00000e+03
	    1080.000	 1.83372e+01	 1.00000e+05	 1.08000e+08	 0.00000e+00	 0.00000e+00	 5.91974e+03	 1.00000e+03
	    1083.000	 1.83929e+01	 1.00000e+05	 1.08300e+08	 0.00000e+00	 0.00000e+00	 5.91598e+03	 1.00000e+03
	    1089.000	 1.85044e+01	 1.00000e+05	 1.08900e+08	 0.00000e+00	 0.00000e+00	 5.90855e+03	 1.00000e+03
	    1101.000	 1.87270e+01	 1.00000e+05	 1.10100e+08	 0.00000e+00	 0.00000e+00	 5.89378e+03	 1.00000e+03
	    1125.000	 1.91712e+01	 1.00000e+05	 1.12500e+08	 0.00000e+00	 0.00000e+00	 5.86455e+03	 1.00000e+03
	    1165.000	 1.99082e+01	 1.00000e+05	 1.16500e+08	 0.00000e+00	 0.00000e+00	 5.81678e+03	 1.00000e+03
	    1205.000	 2.06421e+01	 1.00000e+05	 1.20500e+08	 0.00000e+00	 0.00000e+00	 5.77028e+03	 1.00000e+03
	    1245.000	 2.13728e+01	 1.00000e+05	 1.24500e+08	 0.00000e+00	 0.00000e+00	 5.72495e+03	 1.00000e+03
	    1285.000	 2.21003e+01	 1.00000e+05	 1.28500e+08	 0.00000e+00	 0.00000e+00	 5.68098e+03	 1.00000e+03
	    1325.000	 2.28247e+01	 1.00000e+05	 1.32500e+08	 0.00000e+00	 0.00000e+00	 5.63882e+03	 1.00000e+03
	    1337.000	 2.30417e+01	 1.00000e+05	 1.33700e+08	 0.00000e+00	 0.00000e+00	 5.62694e+03	 1.00000e+03
	    1361.000	 2.34746e+01	 1.00000e+05	 1.36100e+08	 0.00000e+00	 0.00000e+00	 5.60282e+03	 1.00000e+03
	    1401.000	 2.41930e+01	 1.00000e+05	 1.40100e+08	 0.00000e+00	 0.00000e+00	 5.56458e+03	 1.00000e+03
	    1421.000	 2.45514e+01	 1.00000e+05	 1.42100e+08	 0.00000e+00	 0.00000e+00	 5.54662e+03	 1.00000e+03
	    1440.000	 2.48911e+01	 1.00000e+05	 1.44000e+08	 0.00000e+00	 0.00000e+00	 5.52966e+03	 1.00000e+03
	    1478.000	 2.55678e+01	 1.00000e+05	 1.47800e+08	 0.00000e+00	 0.00000e+00	 5.49642e+03	 1.00000e+03
	    1518.000	 2.62770e+01	 1.00000e+05	 1.51800e+08	 0.00000e+00	 0.00000e+00	 5.46295e+03	 1.00000e+03
	    1558.000	 2.69831e+01	 1.00000e+05	 1.55800e+08	 0.00000e+00	 0.00000e+00	 5.43129e+03	 1.00000e+03
	    1598.000	 2.76862e+01	 1.00000e+05	 1.59800e+08	 0.00000e+00	 0.00000e+00	 5.40097e+03	 1.00000e+03
	    1638.000	 2.83863e+01	 1.00000e+05	 1.63800e+08	 0.00000e+00	 0.00000e+00	 5.37153e+03	 1.00000e+03
	    1658.000	 2.87356e+01	 1.00000e+05	 1.65800e+08	 0.00000e+00	 0.00000e+00	 5.35730e+03	 1.00000e+03
	    1698.000	 2.94312e+01	 1.00000e+05	 1.69800e+08	 0.00000e+00	 0.00000e+00	 5.32855e+03	 1.00000e+03
	    1738.000	 3.01239e+01	 1.00000e+05	 1.73800e+08	 0.00000e+00	 0.00000e+00	 5.30067e+03	 1.00000e+03
	    1778.000	 3.08137e+01	 1.00000e+05	 1.77800e+08	 0.00000e+00	 0.00000e+00	 5.27315e+03	 1.00000e+03
	    1800.000	 3.11922e+01	 1.00000e+05	 1.80000e+08	 0.00000e+00	 0.00000e+00	 5.25824e+03	 1.00000e+03
	    1840.000	 3.18776e+01	 1.00000e+05	 1.84000e+08	 0.00000e+00	 0.00000e+00	 5.23056e+03	 1.00000e+03
	    1880.000	 3.25601e+01	 1.00000e+05	 1.88000e+08	 0.00000e+00	 0.00000e+00	 5.20304e+03	 1.00000e+03
	    1920.000	 3.32397e+01	 1.00000e+05	 1.92000e+08	 0.00000e+00	 0.00000e+00	 5.17534e+03	 1.00000e+03
	    1960.000	 3.39166e+01	 1.00000e+05	 1.96000e+08	 0.00000e+00	 0.00000e+00	 5.14764e+03	 1.00000e+03
	    2000.000	 3.45906e+01	 1.00000e+05	 2.00000e+08	 0.00000e+00	 0.00000e+00	 5.12006e+03	 1.00000e+03
	    2040.000	 3.52619e+01	 1.00000e+05	 2.04000e+08	 0.00000e+00	 0.00000e+00	 5.09256e+03	 1.00000e+03
	    2080.000	 3.59305e+01	 1.00000e+05	 2.08000e+08	 0.00000e+00	 0.00000e+00	 5.06542e+03	 1.00000e+03
	    2120.000	 3.65963e+01	 1.00000e+05	 2.12000e+08	 0.00000e+00	 0.00000e+00	 5.03874e+03	 1.00000e+03
	    2160.000	 3.72595e+01	 1.00000e+05	 2.16000e+08	 0.00000e+00	 0.00000e+00	 5.01255e+03	 1.00000e+03
	    2200.000	 3.79200e+01	 1.00000e+05	 2.20000e+08	 0.00000e+00	 0.00000e+00	 4.98692e+03	 1.00000e+03
	    2240.000	 3.85778e+01	 1.00000e+05	 2.24000e+08	 0.00000e+00	 0.00000e+00	 4.96240e+03	 1.00000e+03
	    2280.000	 3.92330e+01	 1.00000e+05	 2.28000e+08	 0.00000e+00	 0.00000e+00	 4.93845e+03	 1.00000e+03
	    2320.000	 3.98857e+01	 1.00000e+05	 2.32000e+08	 0.00000e+00	 0.00000e+00	 4.91508e+03	 1.00000e+03
	    2360.000	 4.05357e+01	 9.99999e+04	 2.36000e+08	 0.00000e+00	 0.00000e+00	 4.89223e+03	 1.00000e+03
	    2400.000	 4.11832e+01	 1.00000e+05	 2.40000e+08	 0.00000e+00	 0.00000e+00	 4.86989e+03	 1.00000e+03
	    2440.000	 4.18282e+01	 1.00000e+05	 2.44000e+08	 0.00000e+00	 0.00000e+00	 4.84790e+03	 1.00000e+03
	    2480.000	 4.24707e+01	 1.00000e+05	 2.48000e+08	 0.00000e+00	 0.00000e+00	 4.82626e+03	 1.00000e+03
	    2520.000	 4.31106e+01	 1.00000e+05	 2.52000e+08	 0.00000e+00	 0.00000e+00	 4.80494e+03	 1.00000e+03
	    2560.000	 4.37479e+01	 1.00000e+05	 2.56000e+08	 0.00000e+00	 0.00000e+00	 4.78387e+03	 1.00000e+03
	    2600.000	 4.43828e+01	 1.00000e+05	 2.60000e+08	 0.00000e+00	 0.00000e+00	 4.76323e+03	 1.00000e+03
	    2640.000	 4.50152e+01	 1.00000e+05	 2.64000e+08	 0.00000e+00	 0.00000e+00	 4.74300e+03	 1.00000e+03
	    2680.000	 4.56452e+01	 1.00000e+05	 2.68000e+08	 0.00000e+00	 0.00000e+00	 4.72328e+03	 1.00000e+03
	    2720.000	 4.62728e+01	 1.00000e+05	 2.72000e+08	 0.00000e+00	 0.00000e+00	 4.70406e+03	 1.00000e+03
	    2760.000	 4.68981e+01	 1.00000e+05	 2.76000e+08	 0.00000e+00	 0.00000e+00	 4.68540e+03	 1.00000e+03
	    2800.000	 4.75211e+01	 1.00000e+05	 2.80000e+08	 0.00000e+00	 0.00000e+00	 4.66733e+03	 1.00000e+03
	    2840.000	 4.81419e+01	 1.00000e+05	 2.84000e+08	 0.00000e+00	 0.00000e+00	 4.64985e+03	 1.00000e+03
	    2880.000	 4.87604e+01	 1.00000e+05	 2.88000e+08	 0.00000e+00	 0.00000e+00	 4.63301e+03	 1.00000e+03
	    2920.000	 4.93769e+01	 1.00000e+05	 2.92000e+08	 0.00000e+00	 0.00000e+00	 4.61690e+03	 1.00000e+03
	    2960.000	 4.99913e+01	 1.00000e+05	 2.96000e+08	 0.00000e+00	 0.00000e+00	 4.60161e+03	 1.00000e+03
	    3000.000	 5.06036e+01	 1.00000e+05	 3.00000e+08	 0.00000e+00	 0.00000e+00	 4.58729e+03	 1.00000e+03
	    3040.000	 5.12139e+01	 1.00000e+05	 3.04000e+08	 0.00000e+00	 0.00000e+00	 4.57388e+03	 1.00000e+03
	    3080.000	 5.18222e+01	 1.00000e+05	 3.08000e+08	 0.00000e+00	 0.00000e+00	 4.56115e+03	 1.00000e+03
	    3120.000	 5.24286e+01	 1.00000e+05	 3.12000e+08	 0.00000e+00	 0.00000e+00	 4.54885e+03	 1.00000e+03
	    3160.000	 5.30330e+01	 1.00000e+05	 3.16000e+08	 0.00000e+00	 0.00000e+00	 4.53684e+03	 1.00000e+03
	    3200.000	 5.36353e+01	 1.00000e+05	 3.20000e+08	 0.00000e+00	 0.00000e+00	 4.52501e+03	 1.00000e+03
	    3240.000	 5.42358e+01	 1.00000e+05	 3.24000e+08	 0.00000e+00	 0.00000e+00	 4.51327e+03	 1.00000e+03
	    3280.000	 5.48342e+01	 1.00000e+05	 3.28000e+08	 0.00000e+00	 0.00000e+00	 4.50155e+03	 1.00000e+03
	    3320.000	 5.54308e+01	 1.00000e+05	 3.32000e+08	 0.00000e+00	 0.00000e+00	 4.48980e+03	 1.00000e+03
	    3360.000	 5.60255e+01	 1.00000e+05	 3.36000e+08	 0.00000e+00	 0.00000e+00	 4.47800e+03	 1.00000e+03
	    3400.000	 5.66182e+01	 1.00000e+05	 3.40000e+08	 0.00000e+00	 0.00000e+00	 4.46613e+03	 1.00000e+03
	    3440.000	 5.72090e+01	 1.00000e+05	 3.44000e+08	 0.00000e+00	 0.00000e+00	 4.45416e+03	 1.00000e+03
	    3480.000	 5.77977e+01	 1.00000e+05	 3.48000e+08	 0.00000e+00	 0.00000e+00	 4.44201e+03	 1.00000e+03
	    3520.000	 5.83845e+01	 1.00000e+05	 3.52000e+08	 0.00000e+00	 0.00000e+00	 4.42966e+03	 1.00000e+03
	    3560.000	 5.89691e+01	 1.00000e+05	 3.56000e+08	 0.00000e+00	 0.00000e+00	 4.41709e+03	 1.00000e+03
	    3600.000	 5.95517e+01	 1.00000e+05	 3.60000e+08	 0.00000e+00	 0.00000e+00	 4.40426e+03	 1.00000e+03

