SUMMARY OF RUN ../../data/case1.data -- 346 time step
Row 1
	        TIME	      NRiter	      LSiter	         FPR	      Volume	        FOPR	        FOPT	        FGPR	        FGPT	        FWPR
	         DAY	           -	           -	        PSIA	         Ft3	     STB/DAY	         STB	    MSCF/DAY	        MSCF	     STB/DAY
	           -	           -	           -	           -	 Hydrocarbon	           -	           -	           -	           -	           -
	       0.010	           3	           6	 4.79424e+03	 2.64617e+09	 2.00000e+04	 2.00000e+02	 2.54000e+04	 2.54000e+02	 1.75311e-03
	       0.110	          11	          35	 4.79469e+03	 2.64618e+09	 2.00000e+04	 2.20000e+03	 2.52532e+04	 2.77932e+03	 5.13829e-03
	       0.210	          16	          53	 4.79507e+03	 2.64618e+09	 2.00000e+04	 4.20000e+03	 2.50685e+04	 5.28617e+03	 6.11972e-03
	       0.329	          20	          66	 4.79556e+03	 2.64619e+09	 2.00000e+04	 6.57628e+03	 2.58672e+04	 8.35956e+03	 7.02099e-03
	       0.528	          27	          90	 4.79630e+03	 2.64619e+09	 2.00000e+04	 1.05648e+04	 2.72215e+04	 1.37883e+04	 8.30742e-03
	       0.827	          31	         105	 4.79740e+03	 2.64621e+09	 2.00000e+04	 1.65476e+04	 2.79287e+04	 2.21429e+04	 9.62799e-03
	       1.000	          34	         115	 4.79801e+03	 2.64621e+09	 2.00000e+04	 2.00000e+04	 2.77561e+04	 2.69341e+04	 1.01092e-02
	       1.345	          39	         129	 4.79926e+03	 2.64622e+09	 2.00000e+04	 2.69047e+04	 2.70364e+04	 3.62680e+04	 1.06573e-02
	       1.863	          45	         151	 4.80118e+03	 2.64624e+09	 2.00000e+04	 3.72618e+04	 2.66589e+04	 5.00734e+04	 1.12689e-02
	       2.640	          50	         168	 4.80400e+03	 2.64627e+09	 2.00000e+04	 5.27974e+04	 2.67836e+04	 7.08784e+04	 1.21172e-02
	       3.805	          55	         185	 4.80821e+03	 2.64631e+09	 2.00000e+04	 7.61008e+04	 2.67799e+04	 1.02082e+05	 1.30284e-02
	       4.000	          57	         191	 4.80884e+03	 2.64632e+09	 2.00000e+04	 8.00000e+04	 2.67640e+04	 1.07299e+05	 1.31664e-02
	       4.390	          59	         197	 4.81014e+03	 2.64633e+09	 2.00000e+04	 8.77983e+04	 2.67117e+04	 1.17715e+05	 1.34026e-02
	       5.170	          63	         208	 4.81286e+03	 2.64636e+09	 2.00000e+04	 1.03395e+05	 2.66877e+04	 1.38527e+05	 1.38342e-02
	       6.729	          67	         223	 4.81839e+03	 2.64642e+09	 2.00000e+04	 1.34588e+05	 2.67658e+04	 1.80272e+05	 1.45892e-02
	       9.246	          72	         241	 4.82734e+03	 2.64651e+09	 2.00000e+04	 1.84927e+05	 2.68467e+04	 2.47843e+05	 1.55559e-02
	      12.246	          77	         260	 4.83771e+03	 2.64661e+09	 2.00000e+04	 2.44927e+05	 2.68167e+04	 3.28293e+05	 1.63955e-02
	      13.000	          80	         268	 4.84012e+03	 2.64663e+09	 2.00000e+04	 2.60000e+05	 2.67957e+04	 3.48489e+05	 1.65825e-02
	      14.507	          83	         277	 4.84511e+03	 2.64668e+09	 2.00000e+04	 2.90147e+05	 2.67983e+04	 3.88883e+05	 1.69350e-02
	      17.507	          88	         295	 4.85544e+03	 2.64679e+09	 2.00000e+04	 3.50147e+05	 2.68327e+04	 4.69381e+05	 1.75492e-02
	      20.507	          94	         316	 4.86561e+03	 2.64689e+09	 2.00000e+04	 4.10147e+05	 2.68300e+04	 5.49871e+05	 1.80578e-02
	      23.507	          98	         334	 4.87575e+03	 2.64699e+09	 2.00000e+04	 4.70147e+05	 2.68070e+04	 6.30292e+05	 1.84795e-02
	      26.507	         102	         351	 4.88585e+03	 2.64709e+09	 2.00000e+04	 5.30147e+05	 2.67638e+04	 7.10583e+05	 1.88307e-02
	      29.507	         107	         373	 4.89594e+03	 2.64720e+09	 2.00000e+04	 5.90147e+05	 2.66945e+04	 7.90667e+05	 1.91133e-02
	      32.507	         112	         392	 4.90599e+03	 2.64730e+09	 2.00000e+04	 6.50147e+05	 2.66050e+04	 8.70481e+05	 1.93322e-02
	      35.507	         117	         413	 4.91605e+03	 2.64740e+09	 2.00000e+04	 7.10147e+05	 2.65079e+04	 9.50005e+05	 1.95012e-02
	      38.507	         122	         434	 4.92611e+03	 2.64750e+09	 2.00000e+04	 7.70147e+05	 2.64050e+04	 1.02922e+06	 1.96269e-02
	      41.507	         127	         453	 4.93611e+03	 2.64760e+09	 2.00000e+04	 8.30147e+05	 2.62894e+04	 1.10809e+06	 1.97082e-02
	      42.000	         129	         460	 4.93769e+03	 2.64762e+09	 2.00000e+04	 8.40000e+05	 2.62701e+04	 1.12103e+06	 1.97203e-02
	      42.985	         131	         467	 4.94089e+03	 2.64765e+09	 2.00000e+04	 8.59707e+05	 2.62297e+04	 1.14688e+06	 1.97395e-02
	      44.956	         135	         484	 4.94745e+03	 2.64771e+09	 2.00000e+04	 8.99120e+05	 2.61445e+04	 1.19840e+06	 1.97608e-02
	      47.956	         139	         503	 4.95750e+03	 2.64782e+09	 2.00000e+04	 9.59120e+05	 2.60067e+04	 1.27642e+06	 1.97569e-02
	      50.000	         142	         514	 4.96424e+03	 2.64788e+09	 2.00000e+04	 1.00000e+06	 2.59113e+04	 1.32938e+06	 1.97397e-02
	      53.000	         147	         535	 4.97430e+03	 2.64798e+09	 2.00000e+04	 1.06000e+06	 2.57682e+04	 1.40669e+06	 1.96860e-02
	      56.000	         151	         552	 4.98431e+03	 2.64809e+09	 2.00000e+04	 1.12000e+06	 2.56251e+04	 1.48356e+06	 1.96081e-02
	      59.000	         156	         574	 4.99428e+03	 2.64819e+09	 2.00000e+04	 1.18000e+06	 2.54833e+04	 1.56001e+06	 1.95093e-02
	      62.000	         161	         597	 5.00425e+03	 2.64829e+09	 2.00000e+04	 1.24000e+06	 2.53437e+04	 1.63604e+06	 1.93922e-02
	      65.000	         166	         620	 5.01422e+03	 2.64839e+09	 2.00000e+04	 1.30000e+06	 2.52080e+04	 1.71167e+06	 1.92605e-02
	      68.000	         170	         639	 5.02420e+03	 2.64849e+09	 2.00000e+04	 1.36000e+06	 2.50699e+04	 1.78688e+06	 1.91113e-02
	      71.000	         175	         660	 5.03418e+03	 2.64859e+09	 2.00000e+04	 1.42000e+06	 2.49297e+04	 1.86166e+06	 1.89456e-02
	      74.000	         179	         677	 5.04418e+03	 2.64869e+09	 2.00000e+04	 1.48000e+06	 2.47920e+04	 1.93604e+06	 1.87676e-02
	      77.000	         183	         695	 5.05417e+03	 2.64879e+09	 2.00000e+04	 1.54000e+06	 2.46595e+04	 2.01002e+06	 1.85805e-02
	      80.000	         187	         711	 5.06418e+03	 2.64889e+09	 2.00000e+04	 1.60000e+06	 2.45322e+04	 2.08362e+06	 1.83858e-02
	      83.000	         192	         730	 5.07425e+03	 2.64899e+09	 2.00000e+04	 1.66000e+06	 2.44115e+04	 2.15685e+06	 1.81849e-02
	      86.000	         196	         747	 5.08431e+03	 2.64909e+09	 2.00000e+04	 1.72000e+06	 2.42998e+04	 2.22975e+06	 1.79797e-02
	      89.000	         200	         763	 5.09437e+03	 2.64920e+09	 2.00000e+04	 1.78000e+06	 2.42005e+04	 2.30235e+06	 1.77733e-02
	      92.000	         204	         781	 5.10444e+03	 2.64930e+09	 2.00000e+04	 1.84000e+06	 2.41179e+04	 2.37470e+06	 1.75702e-02
	      95.000	         209	         802	 5.11456e+03	 2.64940e+09	 2.00000e+04	 1.90000e+06	 2.40572e+04	 2.44688e+06	 1.73739e-02
	      98.000	         213	         819	 5.12466e+03	 2.64950e+09	 2.00000e+04	 1.96000e+06	 2.40188e+04	 2.51893e+06	 1.71862e-02
	     101.000	         217	         838	 5.13478e+03	 2.64960e+09	 2.00000e+04	 2.02000e+06	 2.40017e+04	 2.59094e+06	 1.70086e-02
	     104.000	         221	         856	 5.14489e+03	 2.64971e+09	 2.00000e+04	 2.08000e+06	 2.40014e+04	 2.66294e+06	 1.68380e-02
	     107.000	         225	         873	 5.15500e+03	 2.64981e+09	 2.00000e+04	 2.14000e+06	 2.40155e+04	 2.73499e+06	 1.66726e-02
	     110.000	         230	         895	 5.16511e+03	 2.64991e+09	 2.00000e+04	 2.20000e+06	 2.40451e+04	 2.80712e+06	 1.65142e-02
	     113.000	         234	         914	 5.17519e+03	 2.65001e+09	 2.00000e+04	 2.26000e+06	 2.40904e+04	 2.87939e+06	 1.63661e-02
	     116.000	         238	         935	 5.18522e+03	 2.65011e+09	 2.00000e+04	 2.32000e+06	 2.41459e+04	 2.95183e+06	 1.62260e-02
	     119.000	         242	         955	 5.19525e+03	 2.65021e+09	 2.00000e+04	 2.38000e+06	 2.42069e+04	 3.02445e+06	 1.60915e-02
	     122.000	         246	         974	 5.20527e+03	 2.65031e+09	 2.00000e+04	 2.44000e+06	 2.42683e+04	 3.09726e+06	 1.59584e-02
	     125.000	         250	         992	 5.21523e+03	 2.65042e+09	 2.00000e+04	 2.50000e+06	 2.43278e+04	 3.17024e+06	 1.58246e-02
	     128.000	         255	        1015	 5.22517e+03	 2.65052e+09	 2.00000e+04	 2.56000e+06	 2.43879e+04	 3.24340e+06	 1.56941e-02
	     131.000	         259	        1034	 5.23506e+03	 2.65062e+09	 2.00000e+04	 2.62000e+06	 2.44452e+04	 3.31674e+06	 1.55650e-02
	     134.000	         263	        1054	 5.24494e+03	 2.65072e+09	 2.00000e+04	 2.68000e+06	 2.44972e+04	 3.39023e+06	 1.54343e-02
	     137.000	         267	        1074	 5.25480e+03	 2.65081e+09	 2.00000e+04	 2.74000e+06	 2.45472e+04	 3.46387e+06	 1.53038e-02
	     140.000	         271	        1095	 5.26462e+03	 2.65091e+09	 2.00000e+04	 2.80000e+06	 2.45965e+04	 3.53766e+06	 1.51748e-02
	     143.000	         276	        1118	 5.27441e+03	 2.65101e+09	 2.00000e+04	 2.86000e+06	 2.46422e+04	 3.61159e+06	 1.50449e-02
	     146.000	         280	        1137	 5.28414e+03	 2.65111e+09	 2.00000e+04	 2.92000e+06	 2.46860e+04	 3.68565e+06	 1.49153e-02
	     149.000	         285	        1161	 5.29388e+03	 2.65121e+09	 2.00000e+04	 2.98000e+06	 2.47265e+04	 3.75983e+06	 1.47850e-02
	     152.000	         289	        1182	 5.30355e+03	 2.65131e+09	 2.00000e+04	 3.04000e+06	 2.47642e+04	 3.83412e+06	 1.46548e-02
	     155.000	         293	        1203	 5.31323e+03	 2.65140e+09	 2.00000e+04	 3.10000e+06	 2.47955e+04	 3.90851e+06	 1.45218e-02
	     158.000	         297	        1224	 5.32288e+03	 2.65150e+09	 2.00000e+04	 3.16000e+06	 2.48227e+04	 3.98298e+06	 1.43885e-02
	     161.000	         301	        1244	 5.33247e+03	 2.65160e+09	 2.00000e+04	 3.22000e+06	 2.48466e+04	 4.05752e+06	 1.42552e-02
	     164.000	         306	        1270	 5.34207e+03	 2.65170e+09	 2.00000e+04	 3.28000e+06	 2.48701e+04	 4.13213e+06	 1.41228e-02
	     167.000	         311	        1295	 5.35160e+03	 2.65179e+09	 2.00000e+04	 3.34000e+06	 2.48949e+04	 4.20681e+06	 1.39917e-02
	     170.000	         316	        1319	 5.36115e+03	 2.65189e+09	 2.00000e+04	 3.40000e+06	 2.49159e+04	 4.28156e+06	 1.38580e-02
	     173.000	         320	        1340	 5.37065e+03	 2.65198e+09	 2.00000e+04	 3.46000e+06	 2.49439e+04	 4.35639e+06	 1.37276e-02
	     176.000	         325	        1364	 5.38008e+03	 2.65208e+09	 2.00000e+04	 3.52000e+06	 2.49784e+04	 4.43132e+06	 1.36021e-02
	     179.000	         329	        1384	 5.38953e+03	 2.65217e+09	 2.00000e+04	 3.58000e+06	 2.50080e+04	 4.50635e+06	 1.34742e-02
	     180.000	         331	        1393	 5.39261e+03	 2.65221e+09	 2.00000e+04	 3.60000e+06	 2.50166e+04	 4.53137e+06	 1.34310e-02
	     182.000	         334	        1410	 5.39886e+03	 2.65227e+09	 2.00000e+04	 3.64000e+06	 2.50337e+04	 4.58143e+06	 1.33463e-02
	     185.000	         339	        1435	 5.40823e+03	 2.65236e+09	 2.00000e+04	 3.70000e+06	 2.50546e+04	 4.65660e+06	 1.32201e-02
	     188.000	         343	        1457	 5.41760e+03	 2.65246e+09	 2.00000e+04	 3.76000e+06	 2.50707e+04	 4.73181e+06	 1.30928e-02
	     191.000	         347	        1478	 5.42688e+03	 2.65255e+09	 2.00000e+04	 3.82000e+06	 2.50837e+04	 4.80706e+06	 1.29642e-02
	     194.000	         351	        1500	 5.43617e+03	 2.65264e+09	 2.00000e+04	 3.88000e+06	 2.50973e+04	 4.88235e+06	 1.28370e-02
	     197.000	         355	        1520	 5.44543e+03	 2.65274e+09	 2.00000e+04	 3.94000e+06	 2.51127e+04	 4.95769e+06	 1.27111e-02
	     200.000	         359	        1541	 5.45464e+03	 2.65283e+09	 2.00000e+04	 4.00000e+06	 2.51359e+04	 5.03310e+06	 1.25876e-02
	     203.000	         363	        1563	 5.46382e+03	 2.65292e+09	 2.00000e+04	 4.06000e+06	 2.51553e+04	 5.10856e+06	 1.24624e-02
	     206.000	         367	        1585	 5.47297e+03	 2.65302e+09	 2.00000e+04	 4.12000e+06	 2.51737e+04	 5.18409e+06	 1.23399e-02
	     209.000	         371	        1606	 5.48208e+03	 2.65311e+09	 2.00000e+04	 4.18000e+06	 2.51888e+04	 5.25965e+06	 1.22178e-02
	     212.000	         375	        1629	 5.49114e+03	 2.65320e+09	 2.00000e+04	 4.24000e+06	 2.52007e+04	 5.33525e+06	 1.20950e-02
	     215.000	         379	        1651	 5.50021e+03	 2.65329e+09	 2.00000e+04	 4.30000e+06	 2.52129e+04	 5.41089e+06	 1.19714e-02
	     218.000	         383	        1673	 5.50925e+03	 2.65338e+09	 2.00000e+04	 4.36000e+06	 2.52280e+04	 5.48658e+06	 1.18467e-02
	     221.000	         387	        1695	 5.51826e+03	 2.65347e+09	 2.00000e+04	 4.42000e+06	 2.52520e+04	 5.56233e+06	 1.17272e-02
	     224.000	         392	        1721	 5.52724e+03	 2.65356e+09	 2.00000e+04	 4.48000e+06	 2.52652e+04	 5.63813e+06	 1.16051e-02
	     227.000	         396	        1743	 5.53618e+03	 2.65365e+09	 2.00000e+04	 4.54000e+06	 2.52754e+04	 5.71395e+06	 1.14833e-02
	     230.000	         400	        1765	 5.54510e+03	 2.65374e+09	 2.00000e+04	 4.60000e+06	 2.52848e+04	 5.78981e+06	 1.13628e-02
	     233.000	         404	        1786	 5.55398e+03	 2.65383e+09	 2.00000e+04	 4.66000e+06	 2.52943e+04	 5.86569e+06	 1.12411e-02
	     236.000	         408	        1811	 5.56284e+03	 2.65392e+09	 2.00000e+04	 4.72000e+06	 2.53071e+04	 5.94161e+06	 1.11203e-02
	     239.000	         412	        1836	 5.57167e+03	 2.65401e+09	 2.00000e+04	 4.78000e+06	 2.53184e+04	 6.01757e+06	 1.10006e-02
	     242.000	         416	        1860	 5.58047e+03	 2.65410e+09	 2.00000e+04	 4.84000e+06	 2.53265e+04	 6.09355e+06	 1.08804e-02
	     245.000	         420	        1888	 5.58924e+03	 2.65419e+09	 2.00000e+04	 4.90000e+06	 2.53380e+04	 6.16956e+06	 1.07629e-02
	     248.000	         424	        1914	 5.59802e+03	 2.65428e+09	 2.00000e+04	 4.96000e+06	 2.53437e+04	 6.24559e+06	 1.06399e-02
	     251.000	         428	        1938	 5.60676e+03	 2.65437e+09	 2.00000e+04	 5.02000e+06	 2.53511e+04	 6.32165e+06	 1.05198e-02
	     254.000	         432	        1961	 5.61544e+03	 2.65445e+09	 2.00000e+04	 5.08000e+06	 2.53562e+04	 6.39771e+06	 1.03989e-02
	     257.000	         436	        1986	 5.62412e+03	 2.65454e+09	 2.00000e+04	 5.14000e+06	 2.53606e+04	 6.47380e+06	 1.02777e-02
	     260.000	         441	        2014	 5.63280e+03	 2.65463e+09	 2.00000e+04	 5.20000e+06	 2.53682e+04	 6.54990e+06	 1.01542e-02
	     263.000	         445	        2039	 5.64144e+03	 2.65472e+09	 2.00000e+04	 5.26000e+06	 2.53795e+04	 6.62604e+06	 1.00330e-02
	     266.000	         449	        2064	 5.65003e+03	 2.65480e+09	 2.00000e+04	 5.32000e+06	 2.53912e+04	 6.70221e+06	 9.91273e-03
	     269.000	         453	        2090	 5.65860e+03	 2.65489e+09	 2.00000e+04	 5.38000e+06	 2.54017e+04	 6.77842e+06	 9.79156e-03
	     272.000	         457	        2114	 5.66716e+03	 2.65498e+09	 2.00000e+04	 5.44000e+06	 2.54105e+04	 6.85465e+06	 9.66934e-03
	     275.000	         461	        2139	 5.67565e+03	 2.65506e+09	 2.00000e+04	 5.50000e+06	 2.54177e+04	 6.93090e+06	 9.54660e-03
	     278.000	         465	        2162	 5.68417e+03	 2.65515e+09	 2.00000e+04	 5.56000e+06	 2.54245e+04	 7.00718e+06	 9.42364e-03
	     281.000	         469	        2190	 5.69265e+03	 2.65523e+09	 2.00000e+04	 5.62000e+06	 2.54305e+04	 7.08347e+06	 9.29915e-03
	     284.000	         473	        2215	 5.70107e+03	 2.65532e+09	 2.00000e+04	 5.68000e+06	 2.54379e+04	 7.15978e+06	 9.17530e-03
	     287.000	         478	        2245	 5.70951e+03	 2.65540e+09	 2.00000e+04	 5.74000e+06	 2.54450e+04	 7.23612e+06	 9.04944e-03
	     290.000	         482	        2269	 5.71786e+03	 2.65549e+09	 2.00000e+04	 5.80000e+06	 2.54540e+04	 7.31248e+06	 8.92310e-03
	     293.000	         487	        2299	 5.72626e+03	 2.65557e+09	 2.00000e+04	 5.86000e+06	 2.54681e+04	 7.38888e+06	 8.79615e-03
	     296.000	         491	        2324	 5.73459e+03	 2.65566e+09	 2.00000e+04	 5.92000e+06	 2.54754e+04	 7.46531e+06	 8.66599e-03
	     299.000	         495	        2347	 5.74290e+03	 2.65574e+09	 2.00000e+04	 5.98000e+06	 2.54814e+04	 7.54175e+06	 8.53141e-03
	     302.000	         500	        2375	 5.75119e+03	 2.65582e+09	 2.00000e+04	 6.04000e+06	 2.54870e+04	 7.61821e+06	 8.39185e-03
	     305.000	         504	        2399	 5.75949e+03	 2.65591e+09	 2.00000e+04	 6.10000e+06	 2.54901e+04	 7.69468e+06	 8.24382e-03
	     308.000	         509	        2428	 5.76779e+03	 2.65599e+09	 2.00000e+04	 6.16000e+06	 2.54920e+04	 7.77116e+06	 8.08665e-03
	     310.000	         513	        2454	 5.77327e+03	 2.65605e+09	 2.00000e+04	 6.20000e+06	 2.54925e+04	 7.82214e+06	 7.97643e-03
	     313.000	         517	        2481	 5.78145e+03	 2.65613e+09	 2.00000e+04	 6.26000e+06	 2.54948e+04	 7.89863e+06	 7.79060e-03
	     315.000	         520	        2501	 5.78685e+03	 2.65618e+09	 2.00000e+04	 6.30000e+06	 2.55033e+04	 7.94964e+06	 7.64997e-03
	     317.000	         525	        2527	 5.79230e+03	 2.65624e+09	 2.00000e+04	 6.34000e+06	 2.55878e+04	 8.00081e+06	 7.48786e-03
	     319.000	         532	        2562	 5.79770e+03	 2.65629e+09	 2.00000e+04	 6.38000e+06	 2.60311e+04	 8.05287e+06	 7.33954e-03
	     321.000	         537	        2591	 5.80293e+03	 2.65635e+09	 2.00000e+04	 6.42000e+06	 2.72612e+04	 8.10740e+06	 7.42721e-03
	     323.000	         541	        2616	 5.80791e+03	 2.65640e+09	 2.00000e+04	 6.46000e+06	 2.88911e+04	 8.16518e+06	 7.74754e-03
	     325.000	         544	        2637	 5.81265e+03	 2.65644e+09	 2.00000e+04	 6.50000e+06	 3.05456e+04	 8.22627e+06	 8.12079e-03
	     327.000	         548	        2662	 5.81717e+03	 2.65649e+09	 2.00000e+04	 6.54000e+06	 3.23021e+04	 8.29087e+06	 8.54470e-03
	     329.000	         551	        2681	 5.82145e+03	 2.65653e+09	 2.00000e+04	 6.58000e+06	 3.40136e+04	 8.35890e+06	 8.93752e-03
	     331.000	         555	        2702	 5.82550e+03	 2.65657e+09	 2.00000e+04	 6.62000e+06	 3.55431e+04	 8.42999e+06	 9.26324e-03
	     333.000	         558	        2724	 5.82936e+03	 2.65661e+09	 2.00000e+04	 6.66000e+06	 3.69841e+04	 8.50396e+06	 9.54928e-03
	     335.000	         562	        2748	 5.83301e+03	 2.65665e+09	 2.00000e+04	 6.70000e+06	 3.84354e+04	 8.58083e+06	 9.82866e-03
	     337.000	         574	        2821	 5.83647e+03	 2.65668e+09	 2.00000e+04	 6.74000e+06	 3.99598e+04	 8.66075e+06	 1.01238e-02
	     338.000	         576	        2834	 5.83814e+03	 2.65670e+09	 2.00000e+04	 6.76000e+06	 4.07849e+04	 8.70153e+06	 1.02873e-02
	     340.000	         578	        2850	 5.84130e+03	 2.65673e+09	 2.00000e+04	 6.80000e+06	 4.24099e+04	 8.78635e+06	 1.06358e-02
	     342.000	         582	        2878	 5.84426e+03	 2.65676e+09	 2.00000e+04	 6.84000e+06	 4.40339e+04	 8.87442e+06	 1.10026e-02
	     344.000	         584	        2893	 5.84702e+03	 2.65679e+09	 2.00000e+04	 6.88000e+06	 4.55775e+04	 8.96557e+06	 1.13669e-02
	     346.000	         586	        2909	 5.84963e+03	 2.65682e+09	 2.00000e+04	 6.92000e+06	 4.69573e+04	 9.05949e+06	 1.17038e-02
	     348.000	         589	        2928	 5.85209e+03	 2.65684e+09	 2.00000e+04	 6.96000e+06	 4.81878e+04	 9.15586e+06	 1.20111e-02
	     350.000	         591	        2943	 5.85441e+03	 2.65686e+09	 2.00000e+04	 7.00000e+06	 4.93074e+04	 9.25448e+06	 1.22845e-02
	     352.000	         593	        2958	 5.85660e+03	 2.65689e+09	 2.00000e+04	 7.04000e+06	 5.03148e+04	 9.35511e+06	 1.25275e-02
	     354.000	         596	        2979	 5.85868e+03	 2.65691e+09	 2.00000e+04	 7.08000e+06	 5.12563e+04	 9.45762e+06	 1.27475e-02
	     356.000	         598	        2994	 5.86065e+03	 2.65693e+09	 2.00000e+04	 7.12000e+06	 5.21280e+04	 9.56188e+06	 1.29438e-02
	     358.000	         600	        3010	 5.86252e+03	 2.65695e+09	 2.00000e+04	 7.16000e+06	 5.29218e+04	 9.66772e+06	 1.31137e-02
	     360.000	         602	        3026	 5.86430e+03	 2.65696e+09	 2.00000e+04	 7.20000e+06	 5.36736e+04	 9.77507e+06	 1.32664e-02
	     362.000	         604	        3042	 5.86602e+03	 2.65698e+09	 2.00000e+04	 7.24000e+06	 5.44051e+04	 9.88388e+06	 1.34101e-02
	     366.000	         611	        3104	 5.86916e+03	 2.65701e+09	 2.00000e+04	 7.32000e+06	 5.58220e+04	 1.01072e+07	 1.36729e-02
	     371.000	         616	        3145	 5.87259e+03	 2.65705e+09	 2.00000e+04	 7.42000e+06	 5.75264e+04	 1.03948e+07	 1.39948e-02
	     372.500	         618	        3158	 5.87359e+03	 2.65706e+09	 2.00000e+04	 7.45000e+06	 5.80292e+04	 1.04818e+07	 1.40890e-02
	     375.500	         620	        3173	 5.87542e+03	 2.65708e+09	 2.00000e+04	 7.51000e+06	 5.90088e+04	 1.06589e+07	 1.42686e-02
	     380.500	         626	        3226	 5.87808e+03	 2.65710e+09	 2.00000e+04	 7.61000e+06	 6.04944e+04	 1.09613e+07	 1.45488e-02
	     385.500	         631	        3267	 5.88028e+03	 2.65712e+09	 2.00000e+04	 7.71000e+06	 6.18843e+04	 1.12708e+07	 1.48121e-02
	     390.500	         634	        3295	 5.88208e+03	 2.65714e+09	 2.00000e+04	 7.81000e+06	 6.32398e+04	 1.15870e+07	 1.50696e-02
	     395.500	         638	        3332	 5.88360e+03	 2.65716e+09	 2.00000e+04	 7.91000e+06	 6.44755e+04	 1.19093e+07	 1.52944e-02
	     400.500	         640	        3350	 5.88481e+03	 2.65717e+09	 2.00000e+04	 8.01000e+06	 6.56284e+04	 1.22375e+07	 1.54997e-02
	     405.500	         643	        3379	 5.88575e+03	 2.65718e+09	 2.00000e+04	 8.11000e+06	 6.67187e+04	 1.25711e+07	 1.56912e-02
	     410.500	         646	        3404	 5.88644e+03	 2.65719e+09	 2.00000e+04	 8.21000e+06	 6.77543e+04	 1.29098e+07	 1.58751e-02
	     415.500	         649	        3426	 5.88685e+03	 2.65719e+09	 2.00000e+04	 8.31000e+06	 6.87567e+04	 1.32536e+07	 1.60539e-02
	     420.500	         652	        3451	 5.88695e+03	 2.65719e+09	 2.00000e+04	 8.41000e+06	 6.97197e+04	 1.36022e+07	 1.62287e-02
	     425.500	         654	        3467	 5.88681e+03	 2.65719e+09	 2.00000e+04	 8.51000e+06	 7.06425e+04	 1.39554e+07	 1.63976e-02
	     430.500	         657	        3488	 5.88641e+03	 2.65719e+09	 2.00000e+04	 8.61000e+06	 7.15266e+04	 1.43131e+07	 1.65581e-02
	     435.500	         659	        3505	 5.88578e+03	 2.65718e+09	 2.00000e+04	 8.71000e+06	 7.24194e+04	 1.46752e+07	 1.67341e-02
	     440.500	         662	        3525	 5.88492e+03	 2.65717e+09	 2.00000e+04	 8.81000e+06	 7.32389e+04	 1.50414e+07	 1.68925e-02
	     445.500	         665	        3546	 5.88388e+03	 2.65716e+09	 2.00000e+04	 8.91000e+06	 7.40309e+04	 1.54115e+07	 1.70464e-02
	     450.500	         667	        3559	 5.88265e+03	 2.65715e+09	 2.00000e+04	 9.01000e+06	 7.47813e+04	 1.57854e+07	 1.71870e-02
	     455.500	         669	        3571	 5.88121e+03	 2.65713e+09	 2.00000e+04	 9.11000e+06	 7.55109e+04	 1.61630e+07	 1.73232e-02
	     460.500	         671	        3584	 5.87959e+03	 2.65712e+09	 2.00000e+04	 9.21000e+06	 7.61628e+04	 1.65438e+07	 1.74433e-02
	     465.500	         673	        3599	 5.87780e+03	 2.65710e+09	 2.00000e+04	 9.31000e+06	 7.68578e+04	 1.69281e+07	 1.75697e-02
	     470.500	         675	        3613	 5.87582e+03	 2.65708e+09	 2.00000e+04	 9.41000e+06	 7.74869e+04	 1.73155e+07	 1.77019e-02
	     475.500	         677	        3627	 5.87369e+03	 2.65706e+09	 2.00000e+04	 9.51000e+06	 7.81495e+04	 1.77063e+07	 1.78356e-02
	     480.500	         679	        3640	 5.87139e+03	 2.65703e+09	 2.00000e+04	 9.61000e+06	 7.87751e+04	 1.81001e+07	 1.79652e-02
	     485.500	         681	        3654	 5.86891e+03	 2.65701e+09	 2.00000e+04	 9.71000e+06	 7.93708e+04	 1.84970e+07	 1.81023e-02
	     490.500	         686	        3684	 5.86630e+03	 2.65698e+09	 2.00000e+04	 9.81000e+06	 8.00846e+04	 1.88974e+07	 1.82501e-02
	     495.500	         688	        3697	 5.86353e+03	 2.65696e+09	 2.00000e+04	 9.91000e+06	 8.05366e+04	 1.93001e+07	 1.83563e-02
	     500.500	         690	        3709	 5.86064e+03	 2.65693e+09	 2.00000e+04	 1.00100e+07	 8.10582e+04	 1.97054e+07	 1.84627e-02
	     505.500	         693	        3728	 5.85766e+03	 2.65690e+09	 2.00000e+04	 1.01100e+07	 8.16069e+04	 2.01134e+07	 1.85795e-02
	     510.500	         695	        3741	 5.85454e+03	 2.65687e+09	 2.00000e+04	 1.02100e+07	 8.21315e+04	 2.05241e+07	 1.86943e-02
	     515.500	         698	        3759	 5.85130e+03	 2.65683e+09	 2.00000e+04	 1.03100e+07	 8.26841e+04	 2.09375e+07	 1.88203e-02
	     520.500	         700	        3772	 5.84788e+03	 2.65680e+09	 2.00000e+04	 1.04100e+07	 8.31634e+04	 2.13533e+07	 1.89366e-02
	     525.500	         702	        3784	 5.84431e+03	 2.65676e+09	 2.00000e+04	 1.05100e+07	 8.36770e+04	 2.17717e+07	 1.90677e-02
	     530.500	         710	        3852	 5.84065e+03	 2.65673e+09	 2.00000e+04	 1.06100e+07	 8.41898e+04	 2.21927e+07	 1.91904e-02
	     535.500	         712	        3871	 5.83689e+03	 2.65669e+09	 2.00000e+04	 1.07100e+07	 8.45672e+04	 2.26155e+07	 1.92855e-02
	     540.500	         714	        3886	 5.83303e+03	 2.65665e+09	 2.00000e+04	 1.08100e+07	 8.50022e+04	 2.30405e+07	 1.93828e-02
	     545.500	         716	        3900	 5.82905e+03	 2.65661e+09	 2.00000e+04	 1.09100e+07	 8.54665e+04	 2.34678e+07	 1.95010e-02
	     550.500	         719	        3920	 5.82497e+03	 2.65657e+09	 2.00000e+04	 1.10100e+07	 8.59478e+04	 2.38976e+07	 1.96140e-02
	     555.500	         722	        3942	 5.82079e+03	 2.65652e+09	 2.00000e+04	 1.11100e+07	 8.64118e+04	 2.43296e+07	 1.97301e-02
	     560.500	         724	        3955	 5.81643e+03	 2.65648e+09	 2.00000e+04	 1.12100e+07	 8.68156e+04	 2.47637e+07	 1.98413e-02
	     565.500	         727	        3974	 5.81208e+03	 2.65644e+09	 1.99605e+04	 1.13098e+07	 8.70685e+04	 2.51991e+07	 1.98371e-02
	     570.500	         730	        3996	 5.80770e+03	 2.65639e+09	 1.99169e+04	 1.14094e+07	 8.73161e+04	 2.56356e+07	 1.98196e-02
	     575.500	         732	        4010	 5.80327e+03	 2.65635e+09	 1.98748e+04	 1.15088e+07	 8.75534e+04	 2.60734e+07	 1.98020e-02
	     577.000	         734	        4021	 5.80194e+03	 2.65633e+09	 1.98633e+04	 1.15386e+07	 8.76270e+04	 2.62048e+07	 1.97964e-02
	     580.000	         737	        4039	 5.79928e+03	 2.65631e+09	 1.98349e+04	 1.15981e+07	 8.77866e+04	 2.64682e+07	 1.97859e-02
	     581.500	         739	        4050	 5.79795e+03	 2.65629e+09	 1.98239e+04	 1.16278e+07	 8.78573e+04	 2.66000e+07	 1.97804e-02
	     584.500	         742	        4068	 5.79527e+03	 2.65627e+09	 1.97961e+04	 1.16872e+07	 8.80103e+04	 2.68640e+07	 1.97700e-02
	     586.000	         744	        4078	 5.79393e+03	 2.65625e+09	 1.97855e+04	 1.17169e+07	 8.80839e+04	 2.69961e+07	 1.97644e-02
	     589.000	         747	        4098	 5.79124e+03	 2.65623e+09	 1.97577e+04	 1.17761e+07	 8.82413e+04	 2.72609e+07	 1.97539e-02
	     590.500	         749	        4108	 5.78989e+03	 2.65621e+09	 1.97482e+04	 1.18058e+07	 8.83064e+04	 2.73933e+07	 1.97483e-02
	     593.500	         753	        4132	 5.78718e+03	 2.65619e+09	 1.97246e+04	 1.18649e+07	 8.84449e+04	 2.76587e+07	 1.97376e-02
	     595.000	         757	        4153	 5.78582e+03	 2.65617e+09	 1.97124e+04	 1.18945e+07	 8.85180e+04	 2.77914e+07	 1.97322e-02
	     598.000	         759	        4166	 5.78307e+03	 2.65614e+09	 1.96884e+04	 1.19536e+07	 8.86648e+04	 2.80574e+07	 1.97215e-02
	     599.500	         763	        4185	 5.78169e+03	 2.65613e+09	 1.96763e+04	 1.19831e+07	 8.87387e+04	 2.81905e+07	 1.97162e-02
	     602.500	         765	        4198	 5.77891e+03	 2.65610e+09	 1.96529e+04	 1.20420e+07	 8.88830e+04	 2.84572e+07	 1.97055e-02
	     604.000	         769	        4218	 5.77752e+03	 2.65609e+09	 1.96417e+04	 1.20715e+07	 8.89553e+04	 2.85906e+07	 1.97000e-02
	     607.000	         771	        4230	 5.77470e+03	 2.65606e+09	 1.96186e+04	 1.21304e+07	 8.90923e+04	 2.88579e+07	 1.96894e-02
	     612.000	         778	        4276	 5.77000e+03	 2.65601e+09	 1.95791e+04	 1.22283e+07	 8.93417e+04	 2.93046e+07	 1.96715e-02
	     617.000	         782	        4309	 5.76526e+03	 2.65596e+09	 1.95408e+04	 1.23260e+07	 8.95898e+04	 2.97526e+07	 1.96532e-02
	     618.500	         784	        4321	 5.76383e+03	 2.65595e+09	 1.95315e+04	 1.23553e+07	 8.96561e+04	 2.98870e+07	 1.96476e-02
	     621.500	         786	        4335	 5.76095e+03	 2.65592e+09	 1.95086e+04	 1.24138e+07	 8.98279e+04	 3.01565e+07	 1.96362e-02
	     626.500	         789	        4356	 5.75608e+03	 2.65587e+09	 1.94420e+04	 1.25110e+07	 9.02822e+04	 3.06079e+07	 1.96181e-02
	     631.500	         793	        4384	 5.75109e+03	 2.65582e+09	 1.93466e+04	 1.26077e+07	 9.09021e+04	 3.10624e+07	 1.96030e-02
	     633.000	         795	        4392	 5.74957e+03	 2.65581e+09	 1.93246e+04	 1.26367e+07	 9.10781e+04	 3.11991e+07	 1.95978e-02
	     636.000	         803	        4434	 5.74652e+03	 2.65578e+09	 1.92759e+04	 1.26945e+07	 9.14617e+04	 3.14734e+07	 1.95872e-02
	     640.500	         805	        4447	 5.74177e+03	 2.65573e+09	 1.91606e+04	 1.27808e+07	 9.22164e+04	 3.18884e+07	 1.95750e-02
	     645.500	         809	        4469	 5.73637e+03	 2.65567e+09	 1.90267e+04	 1.28759e+07	 9.30038e+04	 3.23534e+07	 1.95632e-02
	     650.500	         813	        4496	 5.73081e+03	 2.65562e+09	 1.89072e+04	 1.29704e+07	 9.36461e+04	 3.28217e+07	 1.95519e-02
	     655.500	         815	        4509	 5.72512e+03	 2.65556e+09	 1.88045e+04	 1.30645e+07	 9.41329e+04	 3.32923e+07	 1.95409e-02
	     660.500	         817	        4523	 5.71938e+03	 2.65550e+09	 1.87198e+04	 1.31581e+07	 9.45138e+04	 3.37649e+07	 1.95289e-02
	     665.500	         819	        4537	 5.71360e+03	 2.65544e+09	 1.86486e+04	 1.32513e+07	 9.47925e+04	 3.42389e+07	 1.95168e-02
	     670.500	         828	        4585	 5.70784e+03	 2.65539e+09	 1.85907e+04	 1.33442e+07	 9.50068e+04	 3.47139e+07	 1.95036e-02
	     675.500	         830	        4596	 5.70199e+03	 2.65533e+09	 1.85303e+04	 1.34369e+07	 9.52353e+04	 3.51901e+07	 1.94908e-02
	     680.500	         832	        4608	 5.69615e+03	 2.65527e+09	 1.84701e+04	 1.35292e+07	 9.54733e+04	 3.56674e+07	 1.94780e-02
	     685.500	         834	        4620	 5.69029e+03	 2.65521e+09	 1.84110e+04	 1.36213e+07	 9.56886e+04	 3.61459e+07	 1.94654e-02
	     690.500	         836	        4632	 5.68441e+03	 2.65515e+09	 1.83559e+04	 1.37131e+07	 9.58804e+04	 3.66253e+07	 1.94525e-02
	     695.500	         838	        4646	 5.67849e+03	 2.65509e+09	 1.82953e+04	 1.38046e+07	 9.60788e+04	 3.71057e+07	 1.94408e-02
	     700.500	         840	        4658	 5.67257e+03	 2.65503e+09	 1.82530e+04	 1.38958e+07	 9.62244e+04	 3.75868e+07	 1.94269e-02
	     705.500	         842	        4670	 5.66663e+03	 2.65497e+09	 1.82045e+04	 1.39868e+07	 9.63886e+04	 3.80687e+07	 1.94139e-02
	     710.500	         844	        4682	 5.66065e+03	 2.65491e+09	 1.81559e+04	 1.40776e+07	 9.65628e+04	 3.85516e+07	 1.94008e-02
	     715.500	         847	        4700	 5.65467e+03	 2.65485e+09	 1.81060e+04	 1.41682e+07	 9.67212e+04	 3.90352e+07	 1.93883e-02
	     720.000	         849	        4713	 5.64927e+03	 2.65480e+09	 1.80626e+04	 1.42494e+07	 9.68503e+04	 3.94710e+07	 1.93770e-02
	     725.000	         851	        4725	 5.64325e+03	 2.65473e+09	 1.80157e+04	 1.43395e+07	 9.69823e+04	 3.99559e+07	 1.93645e-02
	     735.000	         854	        4743	 5.63120e+03	 2.65461e+09	 1.79217e+04	 1.45187e+07	 9.72390e+04	 4.09283e+07	 1.93397e-02
	     745.000	         857	        4762	 5.61911e+03	 2.65449e+09	 1.78281e+04	 1.46970e+07	 9.74830e+04	 4.19031e+07	 1.93152e-02
	     755.000	         860	        4780	 5.60699e+03	 2.65437e+09	 1.77362e+04	 1.48744e+07	 9.77094e+04	 4.28802e+07	 1.92910e-02
	     765.000	         863	        4799	 5.59486e+03	 2.65425e+09	 1.76462e+04	 1.50508e+07	 9.79259e+04	 4.38595e+07	 1.92669e-02
	     775.000	         866	        4818	 5.58270e+03	 2.65412e+09	 1.75589e+04	 1.52264e+07	 9.81307e+04	 4.48408e+07	 1.92430e-02
	     785.000	         869	        4838	 5.57051e+03	 2.65400e+09	 1.74746e+04	 1.54012e+07	 9.83213e+04	 4.58240e+07	 1.92192e-02
	     795.000	         872	        4858	 5.55834e+03	 2.65388e+09	 1.73920e+04	 1.55751e+07	 9.85063e+04	 4.68091e+07	 1.91954e-02
	     805.000	         875	        4878	 5.54614e+03	 2.65376e+09	 1.73091e+04	 1.57482e+07	 9.86859e+04	 4.77959e+07	 1.91720e-02
	     815.000	         878	        4897	 5.53395e+03	 2.65363e+09	 1.72271e+04	 1.59205e+07	 9.88550e+04	 4.87845e+07	 1.91489e-02
	     825.000	         881	        4918	 5.52178e+03	 2.65351e+09	 1.71460e+04	 1.60919e+07	 9.90112e+04	 4.97746e+07	 1.91262e-02
	     835.000	         884	        4937	 5.50961e+03	 2.65339e+09	 1.70654e+04	 1.62626e+07	 9.91558e+04	 5.07661e+07	 1.91038e-02
	     845.000	         887	        4958	 5.49743e+03	 2.65326e+09	 1.69838e+04	 1.64324e+07	 9.92998e+04	 5.17591e+07	 1.90818e-02
	     855.000	         890	        4979	 5.48526e+03	 2.65314e+09	 1.69037e+04	 1.66014e+07	 9.94217e+04	 5.27534e+07	 1.90600e-02
	     865.000	         893	        5003	 5.47311e+03	 2.65302e+09	 1.68232e+04	 1.67697e+07	 9.95497e+04	 5.37489e+07	 1.90382e-02
	     875.000	         896	        5028	 5.46102e+03	 2.65290e+09	 1.67425e+04	 1.69371e+07	 9.96788e+04	 5.47456e+07	 1.90166e-02
	     885.000	         899	        5062	 5.44893e+03	 2.65277e+09	 1.66671e+04	 1.71038e+07	 9.97775e+04	 5.57434e+07	 1.89948e-02
	     885.900	         901	        5071	 5.44784e+03	 2.65276e+09	 1.66618e+04	 1.71188e+07	 9.97823e+04	 5.58332e+07	 1.89927e-02
	     887.700	         903	        5082	 5.44567e+03	 2.65274e+09	 1.66504e+04	 1.71487e+07	 9.97774e+04	 5.60128e+07	 1.89887e-02
	     891.300	         905	        5094	 5.44133e+03	 2.65270e+09	 1.66255e+04	 1.72086e+07	 9.98021e+04	 5.63721e+07	 1.89807e-02
	     898.500	         908	        5113	 5.43267e+03	 2.65261e+09	 1.65679e+04	 1.73279e+07	 9.98969e+04	 5.70914e+07	 1.89652e-02
	     908.500	         911	        5132	 5.42064e+03	 2.65249e+09	 1.64908e+04	 1.74928e+07	 9.99898e+04	 5.80913e+07	 1.89440e-02
	     918.500	         914	        5153	 5.40866e+03	 2.65237e+09	 1.64168e+04	 1.76570e+07	 1.00076e+05	 5.90920e+07	 1.89229e-02
	     928.500	         916	        5167	 5.39662e+03	 2.65225e+09	 1.63439e+04	 1.78204e+07	 1.00138e+05	 6.00934e+07	 1.89021e-02
	     938.500	         919	        5188	 5.38469e+03	 2.65213e+09	 1.62723e+04	 1.79831e+07	 1.00227e+05	 6.10957e+07	 1.88809e-02
	     948.500	         922	        5209	 5.37281e+03	 2.65201e+09	 1.62011e+04	 1.81451e+07	 1.00304e+05	 6.20987e+07	 1.88598e-02
	     958.500	         925	        5229	 5.36099e+03	 2.65189e+09	 1.61300e+04	 1.83064e+07	 1.00377e+05	 6.31025e+07	 1.88389e-02
	     968.500	         928	        5250	 5.34920e+03	 2.65177e+09	 1.60597e+04	 1.84670e+07	 1.00432e+05	 6.41068e+07	 1.88182e-02
	     978.500	         931	        5271	 5.33745e+03	 2.65165e+09	 1.59876e+04	 1.86269e+07	 1.00491e+05	 6.51117e+07	 1.87978e-02
	     988.500	         934	        5292	 5.32575e+03	 2.65153e+09	 1.59147e+04	 1.87861e+07	 1.00556e+05	 6.61173e+07	 1.87775e-02
	     998.500	         937	        5313	 5.31410e+03	 2.65142e+09	 1.58434e+04	 1.89445e+07	 1.00611e+05	 6.71234e+07	 1.87574e-02
	    1008.500	         941	        5336	 5.30251e+03	 2.65130e+09	 1.57741e+04	 1.91022e+07	 1.00644e+05	 6.81298e+07	 1.87374e-02
	    1018.500	         944	        5354	 5.29095e+03	 2.65118e+09	 1.57067e+04	 1.92593e+07	 1.00655e+05	 6.91364e+07	 1.87174e-02
	    1028.500	         947	        5374	 5.27950e+03	 2.65107e+09	 1.56405e+04	 1.94157e+07	 1.00664e+05	 7.01430e+07	 1.86974e-02
	    1038.500	         951	        5402	 5.26814e+03	 2.65095e+09	 1.55758e+04	 1.95715e+07	 1.00662e+05	 7.11496e+07	 1.86774e-02
	    1048.500	         955	        5426	 5.25685e+03	 2.65084e+09	 1.55124e+04	 1.97266e+07	 1.00649e+05	 7.21561e+07	 1.86574e-02
	    1058.500	         958	        5447	 5.24564e+03	 2.65073e+09	 1.54492e+04	 1.98811e+07	 1.00636e+05	 7.31625e+07	 1.86375e-02
	    1068.500	         961	        5467	 5.23452e+03	 2.65061e+09	 1.53867e+04	 2.00349e+07	 1.00621e+05	 7.41687e+07	 1.86175e-02
	    1078.500	         965	        5493	 5.22349e+03	 2.65050e+09	 1.53226e+04	 2.01882e+07	 1.00625e+05	 7.51749e+07	 1.85975e-02
	    1080.000	         966	        5498	 5.22179e+03	 2.65048e+09	 1.53125e+04	 2.02111e+07	 1.00621e+05	 7.53259e+07	 1.85946e-02
	    1083.000	         968	        5510	 5.21849e+03	 2.65045e+09	 1.52932e+04	 2.02570e+07	 1.00631e+05	 7.56278e+07	 1.85885e-02
	    1089.000	         970	        5523	 5.21190e+03	 2.65039e+09	 1.52516e+04	 2.03485e+07	 1.00668e+05	 7.62318e+07	 1.85764e-02
	    1101.000	         973	        5543	 5.19876e+03	 2.65025e+09	 1.51593e+04	 2.05304e+07	 1.00796e+05	 7.74413e+07	 1.85527e-02
	    1125.000	         979	        5584	 5.17266e+03	 2.64999e+09	 1.49697e+04	 2.08897e+07	 1.01061e+05	 7.98668e+07	 1.85058e-02
	    1161.000	         986	        5631	 5.13405e+03	 2.64960e+09	 1.47016e+04	 2.14190e+07	 1.01316e+05	 8.35142e+07	 1.84349e-02
	    1201.000	         992	        5676	 5.09215e+03	 2.64918e+09	 1.44345e+04	 2.19963e+07	 1.01477e+05	 8.75732e+07	 1.83549e-02
	    1241.000	         999	        5723	 5.05133e+03	 2.64877e+09	 1.42003e+04	 2.25644e+07	 1.01653e+05	 9.16394e+07	 1.82755e-02
	    1281.000	        1006	        5769	 5.01179e+03	 2.64837e+09	 1.39776e+04	 2.31235e+07	 1.01836e+05	 9.57128e+07	 1.81961e-02
	    1321.000	        1012	        5814	 4.97386e+03	 2.64798e+09	 1.37541e+04	 2.36736e+07	 1.02048e+05	 9.97947e+07	 1.81172e-02
	    1333.000	        1014	        5829	 4.96283e+03	 2.64787e+09	 1.36802e+04	 2.38378e+07	 1.02158e+05	 1.01021e+08	 1.80934e-02
	    1357.000	        1019	        5865	 4.94133e+03	 2.64766e+09	 1.35371e+04	 2.41627e+07	 1.02401e+05	 1.03478e+08	 1.80458e-02
	    1393.000	        1029	        5944	 4.91035e+03	 2.64734e+09	 1.33487e+04	 2.46432e+07	 1.02628e+05	 1.07173e+08	 1.79746e-02
	    1433.000	        1036	        6007	 4.87756e+03	 2.64701e+09	 1.31547e+04	 2.51694e+07	 1.02826e+05	 1.11286e+08	 1.78958e-02
	    1440.000	        1038	        6022	 4.87198e+03	 2.64696e+09	 1.31204e+04	 2.52613e+07	 1.02835e+05	 1.12006e+08	 1.78822e-02
	    1444.200	        1041	        6040	 4.86860e+03	 2.64692e+09	 1.30937e+04	 2.53163e+07	 1.02905e+05	 1.12438e+08	 1.78739e-02
	    1452.600	        1045	        6078	 4.86194e+03	 2.64686e+09	 1.30568e+04	 2.54259e+07	 1.02952e+05	 1.13303e+08	 1.78571e-02
	    1457.640	        1047	        6088	 4.85789e+03	 2.64682e+09	 1.30314e+04	 2.54916e+07	 1.02951e+05	 1.13822e+08	 1.78473e-02
	    1467.720	        1054	        6133	 4.85001e+03	 2.64674e+09	 1.29839e+04	 2.56225e+07	 1.03056e+05	 1.14860e+08	 1.78272e-02
	    1472.256	        1056	        6143	 4.84637e+03	 2.64670e+09	 1.29526e+04	 2.56812e+07	 1.03188e+05	 1.15328e+08	 1.78179e-02
	    1481.328	        1063	        6183	 4.83935e+03	 2.64663e+09	 1.29177e+04	 2.57984e+07	 1.03136e+05	 1.16264e+08	 1.78001e-02
	    1485.410	        1070	        6219	 4.83621e+03	 2.64660e+09	 1.29032e+04	 2.58511e+07	 1.03106e+05	 1.16685e+08	 1.77921e-02
	    1491.534	        1072	        6233	 4.83153e+03	 2.64655e+09	 1.28814e+04	 2.59300e+07	 1.03110e+05	 1.17316e+08	 1.77799e-02
	    1503.781	        1075	        6254	 4.82221e+03	 2.64645e+09	 1.28265e+04	 2.60871e+07	 1.03192e+05	 1.18580e+08	 1.77559e-02
	    1528.276	        1080	        6290	 4.80395e+03	 2.64627e+09	 1.27210e+04	 2.63987e+07	 1.03318e+05	 1.21111e+08	 1.77088e-02
	    1565.017	        1088	        6347	 4.77756e+03	 2.64601e+09	 1.25745e+04	 2.68607e+07	 1.03424e+05	 1.24911e+08	 1.76387e-02
	    1605.017	        1098	        6417	 4.74987e+03	 2.64573e+09	 1.24194e+04	 2.73575e+07	 1.03576e+05	 1.29054e+08	 1.75630e-02
	    1645.017	        1108	        6479	 4.72300e+03	 2.64545e+09	 1.22720e+04	 2.78483e+07	 1.03685e+05	 1.33201e+08	 1.74880e-02
	    1685.017	        1116	        6535	 4.69686e+03	 2.64519e+09	 1.21300e+04	 2.83335e+07	 1.03743e+05	 1.37351e+08	 1.74137e-02
	    1725.017	        1123	        6583	 4.67130e+03	 2.64493e+09	 1.19937e+04	 2.88133e+07	 1.03779e+05	 1.41502e+08	 1.73402e-02
	    1765.017	        1128	        6621	 4.64608e+03	 2.64468e+09	 1.18525e+04	 2.92874e+07	 1.03928e+05	 1.45659e+08	 1.72674e-02
	    1800.000	        1133	        6653	 4.62400e+03	 2.64446e+09	 1.17129e+04	 2.96971e+07	 1.04237e+05	 1.49306e+08	 1.72044e-02
	    1840.000	        1138	        6691	 4.59850e+03	 2.64420e+09	 1.15415e+04	 3.01588e+07	 1.04703e+05	 1.53494e+08	 1.71328e-02
	    1880.000	        1144	        6733	 4.57273e+03	 2.64394e+09	 1.13713e+04	 3.06136e+07	 1.05173e+05	 1.57701e+08	 1.70616e-02
	    1920.000	        1149	        6764	 4.54674e+03	 2.64368e+09	 1.12062e+04	 3.10619e+07	 1.05652e+05	 1.61927e+08	 1.69908e-02
	    1960.000	        1154	        6793	 4.52059e+03	 2.64341e+09	 1.10506e+04	 3.15039e+07	 1.06015e+05	 1.66168e+08	 1.69206e-02
	    2000.000	        1159	        6827	 4.49453e+03	 2.64315e+09	 1.09028e+04	 3.19400e+07	 1.06226e+05	 1.70417e+08	 1.68508e-02
	    2040.000	        1164	        6856	 4.46862e+03	 2.64289e+09	 1.07624e+04	 3.23705e+07	 1.06327e+05	 1.74670e+08	 1.67816e-02
	    2080.000	        1170	        6897	 4.44312e+03	 2.64263e+09	 1.06283e+04	 3.27957e+07	 1.06355e+05	 1.78924e+08	 1.67131e-02
	    2120.000	        1176	        6932	 4.41810e+03	 2.64238e+09	 1.05002e+04	 3.32157e+07	 1.06311e+05	 1.83176e+08	 1.66451e-02
	    2160.000	        1183	        6974	 4.39361e+03	 2.64213e+09	 1.03758e+04	 3.36307e+07	 1.06217e+05	 1.87425e+08	 1.65779e-02
	    2200.000	        1190	        7012	 4.36964e+03	 2.64189e+09	 1.02545e+04	 3.40409e+07	 1.06111e+05	 1.91669e+08	 1.65112e-02
	    2240.000	        1199	        7062	 4.34625e+03	 2.64166e+09	 1.01377e+04	 3.44464e+07	 1.05999e+05	 1.95909e+08	 1.64452e-02
	    2280.000	        1207	        7109	 4.32346e+03	 2.64143e+09	 1.00253e+04	 3.48474e+07	 1.05877e+05	 2.00144e+08	 1.63799e-02
	    2320.000	        1212	        7141	 4.30114e+03	 2.64120e+09	 9.91487e+03	 3.52440e+07	 1.05814e+05	 2.04377e+08	 1.63151e-02
	    2360.000	        1217	        7172	 4.27924e+03	 2.64098e+09	 9.80526e+03	 3.56362e+07	 1.05823e+05	 2.08610e+08	 1.62509e-02
	    2400.000	        1222	        7202	 4.25777e+03	 2.64076e+09	 9.69491e+03	 3.60240e+07	 1.05854e+05	 2.12844e+08	 1.61872e-02
	    2440.000	        1226	        7229	 4.23665e+03	 2.64055e+09	 9.57871e+03	 3.64071e+07	 1.05956e+05	 2.17082e+08	 1.61238e-02
	    2480.000	        1231	        7260	 4.21579e+03	 2.64034e+09	 9.45846e+03	 3.67855e+07	 1.06160e+05	 2.21329e+08	 1.60603e-02
	    2520.000	        1235	        7287	 4.19514e+03	 2.64013e+09	 9.33532e+03	 3.71589e+07	 1.06403e+05	 2.25585e+08	 1.59968e-02
	    2560.000	        1239	        7316	 4.17484e+03	 2.63993e+09	 9.21527e+03	 3.75275e+07	 1.06655e+05	 2.29851e+08	 1.59338e-02
	    2600.000	        1245	        7353	 4.15484e+03	 2.63973e+09	 9.09890e+03	 3.78915e+07	 1.06901e+05	 2.34127e+08	 1.58715e-02
	    2640.000	        1250	        7388	 4.13527e+03	 2.63953e+09	 8.98779e+03	 3.82510e+07	 1.07123e+05	 2.38412e+08	 1.58099e-02
	    2680.000	        1254	        7420	 4.11620e+03	 2.63934e+09	 8.88064e+03	 3.86062e+07	 1.07337e+05	 2.42705e+08	 1.57493e-02
	    2720.000	        1259	        7456	 4.09762e+03	 2.63915e+09	 8.77736e+03	 3.89573e+07	 1.07538e+05	 2.47007e+08	 1.56895e-02
	    2760.000	        1264	        7491	 4.07959e+03	 2.63897e+09	 8.67730e+03	 3.93044e+07	 1.07765e+05	 2.51318e+08	 1.56311e-02
	    2800.000	        1268	        7524	 4.06213e+03	 2.63879e+09	 8.57937e+03	 3.96476e+07	 1.08056e+05	 2.55640e+08	 1.55742e-02
	    2840.000	        1273	        7559	 4.04522e+03	 2.63862e+09	 8.48339e+03	 3.99869e+07	 1.08407e+05	 2.59976e+08	 1.55185e-02
	    2880.000	        1278	        7597	 4.02892e+03	 2.63846e+09	 8.39049e+03	 4.03225e+07	 1.08782e+05	 2.64327e+08	 1.54641e-02
	    2920.000	        1283	        7634	 4.01333e+03	 2.63830e+09	 8.29828e+03	 4.06544e+07	 1.09163e+05	 2.68694e+08	 1.54109e-02
	    2960.000	        1288	        7675	 3.99853e+03	 2.63815e+09	 8.20848e+03	 4.09828e+07	 1.09537e+05	 2.73075e+08	 1.53589e-02
	    3000.000	        1292	        7709	 3.98467e+03	 2.63801e+09	 8.12390e+03	 4.13077e+07	 1.09948e+05	 2.77473e+08	 1.53076e-02
	    3040.000	        1297	        7752	 3.97165e+03	 2.63788e+09	 8.04398e+03	 4.16295e+07	 1.10382e+05	 2.81889e+08	 1.52573e-02
	    3080.000	        1301	        7788	 3.95918e+03	 2.63775e+09	 7.96563e+03	 4.19481e+07	 1.10826e+05	 2.86322e+08	 1.52077e-02
	    3120.000	        1305	        7825	 3.94701e+03	 2.63763e+09	 7.88784e+03	 4.22636e+07	 1.11271e+05	 2.90772e+08	 1.51581e-02
	    3160.000	        1309	        7859	 3.93504e+03	 2.63751e+09	 7.80918e+03	 4.25760e+07	 1.11731e+05	 2.95242e+08	 1.51086e-02
	    3200.000	        1313	        7892	 3.92317e+03	 2.63739e+09	 7.73096e+03	 4.28852e+07	 1.12198e+05	 2.99730e+08	 1.50591e-02
	    3240.000	        1317	        7922	 3.91134e+03	 2.63727e+09	 7.65440e+03	 4.31914e+07	 1.12688e+05	 3.04237e+08	 1.50101e-02
	    3280.000	        1322	        7962	 3.89948e+03	 2.63715e+09	 7.57904e+03	 4.34946e+07	 1.13224e+05	 3.08766e+08	 1.49617e-02
	    3320.000	        1327	        8003	 3.88759e+03	 2.63703e+09	 7.50456e+03	 4.37948e+07	 1.13775e+05	 3.13317e+08	 1.49136e-02
	    3360.000	        1332	        8044	 3.87563e+03	 2.63691e+09	 7.42905e+03	 4.40919e+07	 1.14381e+05	 3.17892e+08	 1.48657e-02
	    3400.000	        1337	        8082	 3.86357e+03	 2.63679e+09	 7.35100e+03	 4.43860e+07	 1.15064e+05	 3.22495e+08	 1.48182e-02
	    3440.000	        1344	        8130	 3.85132e+03	 2.63666e+09	 7.27669e+03	 4.46770e+07	 1.15870e+05	 3.27130e+08	 1.47688e-02
	    3480.000	        1350	        8176	 3.83888e+03	 2.63654e+09	 7.20129e+03	 4.49651e+07	 1.16655e+05	 3.31796e+08	 1.47185e-02
	    3520.000	        1356	        8220	 3.82628e+03	 2.63641e+09	 7.12552e+03	 4.52501e+07	 1.17348e+05	 3.36490e+08	 1.46676e-02
	    3560.000	        1362	        8264	 3.81353e+03	 2.63628e+09	 7.05150e+03	 4.55322e+07	 1.17975e+05	 3.41209e+08	 1.46159e-02
	    3600.000	        1368	        8308	 3.80062e+03	 2.63615e+09	 6.97923e+03	 4.58113e+07	 1.18587e+05	 3.45952e+08	 1.45635e-02

Row 2
	        TIME	        FWPT	        FGIR	        FGIT	        FWIR	        FWIT	        WBHP	        WBHP
	         DAY	         STB	    MSCF/DAY	        MSCF	     STB/DAY	         STB	        PSIA	        PSIA
	           -	           -	           -	           -	           -	           -	       INJE1	       PROD1
	       0.010	 1.75311e-05	 1.00000e+05	 1.00000e+03	 0.00000e+00	 0.00000e+00	 7.88133e+03	 3.39539e+03
	       0.110	 5.31360e-04	 1.00000e+05	 1.10000e+04	 0.00000e+00	 0.00000e+00	 7.43907e+03	 2.89904e+03
	       0.210	 1.14333e-03	 1.00000e+05	 2.10000e+04	 0.00000e+00	 0.00000e+00	 7.29596e+03	 2.75202e+03
	       0.329	 1.97752e-03	 9.99969e+04	 3.28810e+04	 0.00000e+00	 0.00000e+00	 7.15535e+03	 2.61690e+03
	       0.528	 3.63425e-03	 1.00000e+05	 5.28238e+04	 0.00000e+00	 0.00000e+00	 7.06624e+03	 2.43061e+03
	       0.827	 6.51437e-03	 1.00001e+05	 8.27383e+04	 0.00000e+00	 0.00000e+00	 6.97906e+03	 2.24968e+03
	       1.000	 8.25941e-03	 1.00000e+05	 1.00000e+05	 0.00000e+00	 0.00000e+00	 6.92888e+03	 2.18560e+03
	       1.345	 1.19387e-02	 1.00001e+05	 1.34524e+05	 0.00000e+00	 0.00000e+00	 6.88507e+03	 2.11222e+03
	       1.863	 1.77743e-02	 1.00000e+05	 1.86309e+05	 0.00000e+00	 0.00000e+00	 6.86598e+03	 2.03216e+03
	       2.640	 2.71867e-02	 1.00000e+05	 2.63988e+05	 0.00000e+00	 0.00000e+00	 6.84539e+03	 1.92510e+03
	       3.805	 4.23670e-02	 1.00000e+05	 3.80505e+05	 0.00000e+00	 0.00000e+00	 6.84072e+03	 1.81247e+03
	       4.000	 4.49339e-02	 1.00000e+05	 4.00000e+05	 0.00000e+00	 0.00000e+00	 6.83303e+03	 1.79578e+03
	       4.390	 5.01598e-02	 9.99984e+04	 4.38992e+05	 0.00000e+00	 0.00000e+00	 6.81925e+03	 1.76689e+03
	       5.170	 6.09482e-02	 9.99999e+04	 5.16975e+05	 0.00000e+00	 0.00000e+00	 6.80305e+03	 1.71498e+03
	       6.729	 8.37024e-02	 1.00000e+05	 6.72942e+05	 0.00000e+00	 0.00000e+00	 6.78649e+03	 1.62626e+03
	       9.246	 1.22855e-01	 1.00000e+05	 9.24633e+05	 0.00000e+00	 0.00000e+00	 6.77016e+03	 1.51520e+03
	      12.246	 1.72042e-01	 1.00000e+05	 1.22463e+06	 0.00000e+00	 0.00000e+00	 6.74856e+03	 1.42027e+03
	      13.000	 1.84540e-01	 9.99997e+04	 1.30000e+06	 0.00000e+00	 0.00000e+00	 6.74010e+03	 1.39939e+03
	      14.507	 2.10066e-01	 1.00000e+05	 1.45073e+06	 0.00000e+00	 0.00000e+00	 6.72904e+03	 1.36030e+03
	      17.507	 2.62714e-01	 1.00000e+05	 1.75073e+06	 0.00000e+00	 0.00000e+00	 6.71523e+03	 1.29314e+03
	      20.507	 3.16887e-01	 1.00000e+05	 2.05073e+06	 0.00000e+00	 0.00000e+00	 6.69958e+03	 1.23795e+03
	      23.507	 3.72326e-01	 1.00000e+05	 2.35073e+06	 0.00000e+00	 0.00000e+00	 6.68432e+03	 1.19239e+03
	      26.507	 4.28818e-01	 1.00000e+05	 2.65073e+06	 0.00000e+00	 0.00000e+00	 6.66885e+03	 1.15458e+03
	      29.507	 4.86158e-01	 1.00000e+05	 2.95073e+06	 0.00000e+00	 0.00000e+00	 6.65426e+03	 1.12403e+03
	      32.507	 5.44154e-01	 1.00000e+05	 3.25073e+06	 0.00000e+00	 0.00000e+00	 6.63982e+03	 1.10007e+03
	      35.507	 6.02658e-01	 1.00000e+05	 3.55073e+06	 0.00000e+00	 0.00000e+00	 6.62663e+03	 1.08127e+03
	      38.507	 6.61539e-01	 1.00000e+05	 3.85073e+06	 0.00000e+00	 0.00000e+00	 6.61392e+03	 1.06691e+03
	      41.507	 7.20663e-01	 1.00000e+05	 4.15073e+06	 0.00000e+00	 0.00000e+00	 6.60158e+03	 1.05701e+03
	      42.000	 7.30379e-01	 1.00000e+05	 4.20000e+06	 0.00000e+00	 0.00000e+00	 6.59941e+03	 1.05550e+03
	      42.985	 7.49828e-01	 9.99998e+04	 4.29853e+06	 0.00000e+00	 0.00000e+00	 6.59485e+03	 1.05300e+03
	      44.956	 7.88770e-01	 1.00000e+05	 4.49560e+06	 0.00000e+00	 0.00000e+00	 6.58710e+03	 1.04969e+03
	      47.956	 8.48041e-01	 1.00000e+05	 4.79560e+06	 0.00000e+00	 0.00000e+00	 6.57597e+03	 1.04829e+03
	      50.000	 8.88389e-01	 1.00000e+05	 5.00000e+06	 0.00000e+00	 0.00000e+00	 6.56781e+03	 1.04880e+03
	      53.000	 9.47447e-01	 1.00000e+05	 5.30000e+06	 0.00000e+00	 0.00000e+00	 6.55824e+03	 1.05245e+03
	      56.000	 1.00627e+00	 1.00000e+05	 5.60000e+06	 0.00000e+00	 0.00000e+00	 6.54868e+03	 1.05859e+03
	      59.000	 1.06480e+00	 1.00000e+05	 5.90000e+06	 0.00000e+00	 0.00000e+00	 6.53890e+03	 1.06694e+03
	      62.000	 1.12298e+00	 1.00000e+05	 6.20000e+06	 0.00000e+00	 0.00000e+00	 6.52980e+03	 1.07722e+03
	      65.000	 1.18076e+00	 1.00000e+05	 6.50000e+06	 0.00000e+00	 0.00000e+00	 6.52106e+03	 1.08912e+03
	      68.000	 1.23809e+00	 1.00000e+05	 6.80000e+06	 0.00000e+00	 0.00000e+00	 6.51317e+03	 1.10288e+03
	      71.000	 1.29493e+00	 1.00000e+05	 7.10000e+06	 0.00000e+00	 0.00000e+00	 6.50580e+03	 1.11843e+03
	      74.000	 1.35123e+00	 1.00000e+05	 7.40000e+06	 0.00000e+00	 0.00000e+00	 6.49852e+03	 1.13540e+03
	      77.000	 1.40697e+00	 1.00000e+05	 7.70000e+06	 0.00000e+00	 0.00000e+00	 6.49112e+03	 1.15349e+03
	      80.000	 1.46213e+00	 1.00000e+05	 8.00000e+06	 0.00000e+00	 0.00000e+00	 6.48424e+03	 1.17256e+03
	      83.000	 1.51668e+00	 1.00000e+05	 8.30000e+06	 0.00000e+00	 0.00000e+00	 6.47793e+03	 1.19250e+03
	      86.000	 1.57062e+00	 1.00000e+05	 8.60000e+06	 0.00000e+00	 0.00000e+00	 6.47161e+03	 1.21312e+03
	      89.000	 1.62394e+00	 1.00000e+05	 8.90000e+06	 0.00000e+00	 0.00000e+00	 6.46535e+03	 1.23416e+03
	      92.000	 1.67665e+00	 1.00000e+05	 9.20000e+06	 0.00000e+00	 0.00000e+00	 6.45967e+03	 1.25517e+03
	      95.000	 1.72878e+00	 1.00000e+05	 9.50000e+06	 0.00000e+00	 0.00000e+00	 6.45455e+03	 1.27578e+03
	      98.000	 1.78033e+00	 1.00000e+05	 9.80000e+06	 0.00000e+00	 0.00000e+00	 6.44968e+03	 1.29575e+03
	     101.000	 1.83136e+00	 1.00000e+05	 1.01000e+07	 0.00000e+00	 0.00000e+00	 6.44536e+03	 1.31490e+03
	     104.000	 1.88187e+00	 1.00000e+05	 1.04000e+07	 0.00000e+00	 0.00000e+00	 6.44150e+03	 1.33349e+03
	     107.000	 1.93189e+00	 1.00000e+05	 1.07000e+07	 0.00000e+00	 0.00000e+00	 6.43797e+03	 1.35172e+03
	     110.000	 1.98143e+00	 1.00000e+05	 1.10000e+07	 0.00000e+00	 0.00000e+00	 6.43492e+03	 1.36936e+03
	     113.000	 2.03053e+00	 1.00000e+05	 1.13000e+07	 0.00000e+00	 0.00000e+00	 6.43197e+03	 1.38604e+03
	     116.000	 2.07921e+00	 1.00000e+05	 1.16000e+07	 0.00000e+00	 0.00000e+00	 6.42934e+03	 1.40196e+03
	     119.000	 2.12749e+00	 1.00000e+05	 1.19000e+07	 0.00000e+00	 0.00000e+00	 6.42719e+03	 1.41731e+03
	     122.000	 2.17536e+00	 1.00000e+05	 1.22000e+07	 0.00000e+00	 0.00000e+00	 6.42531e+03	 1.43257e+03
	     125.000	 2.22283e+00	 1.00000e+05	 1.25000e+07	 0.00000e+00	 0.00000e+00	 6.42353e+03	 1.44792e+03
	     128.000	 2.26992e+00	 1.00000e+05	 1.28000e+07	 0.00000e+00	 0.00000e+00	 6.42206e+03	 1.46293e+03
	     131.000	 2.31661e+00	 1.00000e+05	 1.31000e+07	 0.00000e+00	 0.00000e+00	 6.42083e+03	 1.47780e+03
	     134.000	 2.36291e+00	 1.00000e+05	 1.34000e+07	 0.00000e+00	 0.00000e+00	 6.41999e+03	 1.49285e+03
	     137.000	 2.40883e+00	 1.00000e+05	 1.37000e+07	 0.00000e+00	 0.00000e+00	 6.41939e+03	 1.50790e+03
	     140.000	 2.45435e+00	 1.00000e+05	 1.40000e+07	 0.00000e+00	 0.00000e+00	 6.41907e+03	 1.52282e+03
	     143.000	 2.49949e+00	 1.00000e+05	 1.43000e+07	 0.00000e+00	 0.00000e+00	 6.41891e+03	 1.53786e+03
	     146.000	 2.54423e+00	 1.00000e+05	 1.46000e+07	 0.00000e+00	 0.00000e+00	 6.41891e+03	 1.55289e+03
	     149.000	 2.58859e+00	 1.00000e+05	 1.49000e+07	 0.00000e+00	 0.00000e+00	 6.41922e+03	 1.56802e+03
	     152.000	 2.63255e+00	 1.00000e+05	 1.52000e+07	 0.00000e+00	 0.00000e+00	 6.41969e+03	 1.58317e+03
	     155.000	 2.67612e+00	 1.00000e+05	 1.55000e+07	 0.00000e+00	 0.00000e+00	 6.42060e+03	 1.59865e+03
	     158.000	 2.71928e+00	 1.00000e+05	 1.58000e+07	 0.00000e+00	 0.00000e+00	 6.42146e+03	 1.61418e+03
	     161.000	 2.76205e+00	 1.00000e+05	 1.61000e+07	 0.00000e+00	 0.00000e+00	 6.42261e+03	 1.62974e+03
	     164.000	 2.80442e+00	 1.00000e+05	 1.64000e+07	 0.00000e+00	 0.00000e+00	 6.42389e+03	 1.64526e+03
	     167.000	 2.84639e+00	 1.00000e+05	 1.67000e+07	 0.00000e+00	 0.00000e+00	 6.42538e+03	 1.66068e+03
	     170.000	 2.88796e+00	 1.00000e+05	 1.70000e+07	 0.00000e+00	 0.00000e+00	 6.42704e+03	 1.67644e+03
	     173.000	 2.92915e+00	 1.00000e+05	 1.73000e+07	 0.00000e+00	 0.00000e+00	 6.42891e+03	 1.69190e+03
	     176.000	 2.96995e+00	 1.00000e+05	 1.76000e+07	 0.00000e+00	 0.00000e+00	 6.43087e+03	 1.70686e+03
	     179.000	 3.01038e+00	 1.00000e+05	 1.79000e+07	 0.00000e+00	 0.00000e+00	 6.43300e+03	 1.72213e+03
	     180.000	 3.02381e+00	 1.00000e+05	 1.80000e+07	 0.00000e+00	 0.00000e+00	 6.43364e+03	 1.72728e+03
	     182.000	 3.05050e+00	 1.00000e+05	 1.82000e+07	 0.00000e+00	 0.00000e+00	 6.43513e+03	 1.73743e+03
	     185.000	 3.09016e+00	 1.00000e+05	 1.85000e+07	 0.00000e+00	 0.00000e+00	 6.43752e+03	 1.75256e+03
	     188.000	 3.12944e+00	 1.00000e+05	 1.88000e+07	 0.00000e+00	 0.00000e+00	 6.44012e+03	 1.76784e+03
	     191.000	 3.16833e+00	 1.00000e+05	 1.91000e+07	 0.00000e+00	 0.00000e+00	 6.44279e+03	 1.78332e+03
	     194.000	 3.20684e+00	 1.00000e+05	 1.94000e+07	 0.00000e+00	 0.00000e+00	 6.44569e+03	 1.79869e+03
	     197.000	 3.24498e+00	 1.00000e+05	 1.97000e+07	 0.00000e+00	 0.00000e+00	 6.44861e+03	 1.81396e+03
	     200.000	 3.28274e+00	 1.00000e+05	 2.00000e+07	 0.00000e+00	 0.00000e+00	 6.45168e+03	 1.82905e+03
	     203.000	 3.32013e+00	 1.00000e+05	 2.03000e+07	 0.00000e+00	 0.00000e+00	 6.45483e+03	 1.84439e+03
	     206.000	 3.35715e+00	 1.00000e+05	 2.06000e+07	 0.00000e+00	 0.00000e+00	 6.45812e+03	 1.85945e+03
	     209.000	 3.39380e+00	 1.00000e+05	 2.09000e+07	 0.00000e+00	 0.00000e+00	 6.46140e+03	 1.87448e+03
	     212.000	 3.43008e+00	 1.00000e+05	 2.12000e+07	 0.00000e+00	 0.00000e+00	 6.46483e+03	 1.88964e+03
	     215.000	 3.46600e+00	 1.00000e+05	 2.15000e+07	 0.00000e+00	 0.00000e+00	 6.46842e+03	 1.90496e+03
	     218.000	 3.50154e+00	 1.00000e+05	 2.18000e+07	 0.00000e+00	 0.00000e+00	 6.47201e+03	 1.92048e+03
	     221.000	 3.53672e+00	 1.00000e+05	 2.21000e+07	 0.00000e+00	 0.00000e+00	 6.47582e+03	 1.93544e+03
	     224.000	 3.57153e+00	 1.00000e+05	 2.24000e+07	 0.00000e+00	 0.00000e+00	 6.47964e+03	 1.95074e+03
	     227.000	 3.60598e+00	 1.00000e+05	 2.27000e+07	 0.00000e+00	 0.00000e+00	 6.48352e+03	 1.96603e+03
	     230.000	 3.64007e+00	 1.00000e+05	 2.30000e+07	 0.00000e+00	 0.00000e+00	 6.48742e+03	 1.98122e+03
	     233.000	 3.67380e+00	 1.00000e+05	 2.33000e+07	 0.00000e+00	 0.00000e+00	 6.49143e+03	 1.99663e+03
	     236.000	 3.70716e+00	 1.00000e+05	 2.36000e+07	 0.00000e+00	 0.00000e+00	 6.49544e+03	 2.01198e+03
	     239.000	 3.74016e+00	 1.00000e+05	 2.39000e+07	 0.00000e+00	 0.00000e+00	 6.49957e+03	 2.02725e+03
	     242.000	 3.77280e+00	 1.00000e+05	 2.42000e+07	 0.00000e+00	 0.00000e+00	 6.50374e+03	 2.04263e+03
	     245.000	 3.80509e+00	 1.00000e+05	 2.45000e+07	 0.00000e+00	 0.00000e+00	 6.50795e+03	 2.05775e+03
	     248.000	 3.83701e+00	 1.00000e+05	 2.48000e+07	 0.00000e+00	 0.00000e+00	 6.51237e+03	 2.07361e+03
	     251.000	 3.86857e+00	 1.00000e+05	 2.51000e+07	 0.00000e+00	 0.00000e+00	 6.51675e+03	 2.08917e+03
	     254.000	 3.89976e+00	 1.00000e+05	 2.54000e+07	 0.00000e+00	 0.00000e+00	 6.52109e+03	 2.10488e+03
	     257.000	 3.93060e+00	 1.00000e+05	 2.57000e+07	 0.00000e+00	 0.00000e+00	 6.52562e+03	 2.12070e+03
	     260.000	 3.96106e+00	 1.00000e+05	 2.60000e+07	 0.00000e+00	 0.00000e+00	 6.53016e+03	 2.13688e+03
	     263.000	 3.99116e+00	 1.00000e+05	 2.63000e+07	 0.00000e+00	 0.00000e+00	 6.53472e+03	 2.15282e+03
	     266.000	 4.02090e+00	 1.00000e+05	 2.66000e+07	 0.00000e+00	 0.00000e+00	 6.53933e+03	 2.16871e+03
	     269.000	 4.05027e+00	 1.00000e+05	 2.69000e+07	 0.00000e+00	 0.00000e+00	 6.54400e+03	 2.18477e+03
	     272.000	 4.07928e+00	 1.00000e+05	 2.72000e+07	 0.00000e+00	 0.00000e+00	 6.54874e+03	 2.20104e+03
	     275.000	 4.10792e+00	 1.00000e+05	 2.75000e+07	 0.00000e+00	 0.00000e+00	 6.55344e+03	 2.21744e+03
	     278.000	 4.13619e+00	 1.00000e+05	 2.78000e+07	 0.00000e+00	 0.00000e+00	 6.55826e+03	 2.23394e+03
	     281.000	 4.16409e+00	 1.00000e+05	 2.81000e+07	 0.00000e+00	 0.00000e+00	 6.56309e+03	 2.25071e+03
	     284.000	 4.19161e+00	 1.00000e+05	 2.84000e+07	 0.00000e+00	 0.00000e+00	 6.56798e+03	 2.26746e+03
	     287.000	 4.21876e+00	 1.00000e+05	 2.87000e+07	 0.00000e+00	 0.00000e+00	 6.57293e+03	 2.28455e+03
	     290.000	 4.24553e+00	 1.00000e+05	 2.90000e+07	 0.00000e+00	 0.00000e+00	 6.57782e+03	 2.30178e+03
	     293.000	 4.27192e+00	 1.00000e+05	 2.93000e+07	 0.00000e+00	 0.00000e+00	 6.58276e+03	 2.31915e+03
	     296.000	 4.29792e+00	 1.00000e+05	 2.96000e+07	 0.00000e+00	 0.00000e+00	 6.58779e+03	 2.33703e+03
	     299.000	 4.32351e+00	 1.00000e+05	 2.99000e+07	 0.00000e+00	 0.00000e+00	 6.59278e+03	 2.35560e+03
	     302.000	 4.34869e+00	 1.00000e+05	 3.02000e+07	 0.00000e+00	 0.00000e+00	 6.59780e+03	 2.37494e+03
	     305.000	 4.37342e+00	 1.00000e+05	 3.05000e+07	 0.00000e+00	 0.00000e+00	 6.60288e+03	 2.39554e+03
	     308.000	 4.39768e+00	 1.00000e+05	 3.08000e+07	 0.00000e+00	 0.00000e+00	 6.60800e+03	 2.41752e+03
	     310.000	 4.41363e+00	 1.00000e+05	 3.10000e+07	 0.00000e+00	 0.00000e+00	 6.61137e+03	 2.43299e+03
	     313.000	 4.43700e+00	 1.00000e+05	 3.13000e+07	 0.00000e+00	 0.00000e+00	 6.61649e+03	 2.45922e+03
	     315.000	 4.45230e+00	 1.00000e+05	 3.15000e+07	 0.00000e+00	 0.00000e+00	 6.61987e+03	 2.47915e+03
	     317.000	 4.46728e+00	 1.00000e+05	 3.17000e+07	 0.00000e+00	 0.00000e+00	 6.62333e+03	 2.50222e+03
	     319.000	 4.48196e+00	 1.00000e+05	 3.19000e+07	 0.00000e+00	 0.00000e+00	 6.62680e+03	 2.52314e+03
	     321.000	 4.49681e+00	 1.00000e+05	 3.21000e+07	 0.00000e+00	 0.00000e+00	 6.63025e+03	 2.50875e+03
	     323.000	 4.51231e+00	 1.00000e+05	 3.23000e+07	 0.00000e+00	 0.00000e+00	 6.63369e+03	 2.45963e+03
	     325.000	 4.52855e+00	 1.00000e+05	 3.25000e+07	 0.00000e+00	 0.00000e+00	 6.63716e+03	 2.40384e+03
	     327.000	 4.54564e+00	 1.00000e+05	 3.27000e+07	 0.00000e+00	 0.00000e+00	 6.64064e+03	 2.34198e+03
	     329.000	 4.56351e+00	 1.00000e+05	 3.29000e+07	 0.00000e+00	 0.00000e+00	 6.64410e+03	 2.28598e+03
	     331.000	 4.58204e+00	 1.00000e+05	 3.31000e+07	 0.00000e+00	 0.00000e+00	 6.64756e+03	 2.24049e+03
	     333.000	 4.60114e+00	 1.00000e+05	 3.33000e+07	 0.00000e+00	 0.00000e+00	 6.65099e+03	 2.20107e+03
	     335.000	 4.62080e+00	 1.00000e+05	 3.35000e+07	 0.00000e+00	 0.00000e+00	 6.65435e+03	 2.16308e+03
	     337.000	 4.64104e+00	 1.00000e+05	 3.37000e+07	 0.00000e+00	 0.00000e+00	 6.65766e+03	 2.12354e+03
	     338.000	 4.65133e+00	 1.00000e+05	 3.38000e+07	 0.00000e+00	 0.00000e+00	 6.65926e+03	 2.10201e+03
	     340.000	 4.67260e+00	 1.00000e+05	 3.40000e+07	 0.00000e+00	 0.00000e+00	 6.66254e+03	 2.05685e+03
	     342.000	 4.69461e+00	 1.00000e+05	 3.42000e+07	 0.00000e+00	 0.00000e+00	 6.66569e+03	 2.01028e+03
	     344.000	 4.71734e+00	 1.00000e+05	 3.44000e+07	 0.00000e+00	 0.00000e+00	 6.66868e+03	 1.96497e+03
	     346.000	 4.74075e+00	 1.00000e+05	 3.46000e+07	 0.00000e+00	 0.00000e+00	 6.67156e+03	 1.92376e+03
	     348.000	 4.76477e+00	 1.00000e+05	 3.48000e+07	 0.00000e+00	 0.00000e+00	 6.67432e+03	 1.88662e+03
	     350.000	 4.78934e+00	 1.00000e+05	 3.50000e+07	 0.00000e+00	 0.00000e+00	 6.67698e+03	 1.85389e+03
	     352.000	 4.81440e+00	 1.00000e+05	 3.52000e+07	 0.00000e+00	 0.00000e+00	 6.67951e+03	 1.82499e+03
	     354.000	 4.83989e+00	 1.00000e+05	 3.54000e+07	 0.00000e+00	 0.00000e+00	 6.68193e+03	 1.79891e+03
	     356.000	 4.86578e+00	 1.00000e+05	 3.56000e+07	 0.00000e+00	 0.00000e+00	 6.68421e+03	 1.77566e+03
	     358.000	 4.89201e+00	 1.00000e+05	 3.58000e+07	 0.00000e+00	 0.00000e+00	 6.68639e+03	 1.75550e+03
	     360.000	 4.91854e+00	 1.00000e+05	 3.60000e+07	 0.00000e+00	 0.00000e+00	 6.68842e+03	 1.73734e+03
	     362.000	 4.94536e+00	 1.00000e+05	 3.62000e+07	 0.00000e+00	 0.00000e+00	 6.69032e+03	 1.72024e+03
	     366.000	 5.00005e+00	 1.00000e+05	 3.66000e+07	 0.00000e+00	 0.00000e+00	 6.69368e+03	 1.68916e+03
	     371.000	 5.07002e+00	 1.00000e+05	 3.71000e+07	 0.00000e+00	 0.00000e+00	 6.69707e+03	 1.65151e+03
	     372.500	 5.09116e+00	 1.00000e+05	 3.72500e+07	 0.00000e+00	 0.00000e+00	 6.69794e+03	 1.64060e+03
	     375.500	 5.13396e+00	 1.00000e+05	 3.75500e+07	 0.00000e+00	 0.00000e+00	 6.69966e+03	 1.61978e+03
	     380.500	 5.20671e+00	 1.00000e+05	 3.80500e+07	 0.00000e+00	 0.00000e+00	 6.70193e+03	 1.58759e+03
	     385.500	 5.28077e+00	 1.00000e+05	 3.85500e+07	 0.00000e+00	 0.00000e+00	 6.70360e+03	 1.55750e+03
	     390.500	 5.35612e+00	 1.00000e+05	 3.90500e+07	 0.00000e+00	 0.00000e+00	 6.70477e+03	 1.52827e+03
	     395.500	 5.43259e+00	 1.00000e+05	 3.95500e+07	 0.00000e+00	 0.00000e+00	 6.70549e+03	 1.50282e+03
	     400.500	 5.51009e+00	 1.00000e+05	 4.00500e+07	 0.00000e+00	 0.00000e+00	 6.70578e+03	 1.47957e+03
	     405.500	 5.58854e+00	 1.00000e+05	 4.05500e+07	 0.00000e+00	 0.00000e+00	 6.70570e+03	 1.45785e+03
	     410.500	 5.66792e+00	 1.00000e+05	 4.10500e+07	 0.00000e+00	 0.00000e+00	 6.70530e+03	 1.43702e+03
	     415.500	 5.74819e+00	 1.00000e+05	 4.15500e+07	 0.00000e+00	 0.00000e+00	 6.70458e+03	 1.41682e+03
	     420.500	 5.82933e+00	 1.00000e+05	 4.20500e+07	 0.00000e+00	 0.00000e+00	 6.70356e+03	 1.39714e+03
	     425.500	 5.91132e+00	 1.00000e+05	 4.25500e+07	 0.00000e+00	 0.00000e+00	 6.70228e+03	 1.37814e+03
	     430.500	 5.99411e+00	 1.00000e+05	 4.30500e+07	 0.00000e+00	 0.00000e+00	 6.70070e+03	 1.36018e+03
	     435.500	 6.07778e+00	 1.00000e+05	 4.35500e+07	 0.00000e+00	 0.00000e+00	 6.69890e+03	 1.34080e+03
	     440.500	 6.16224e+00	 1.00000e+05	 4.40500e+07	 0.00000e+00	 0.00000e+00	 6.69678e+03	 1.32326e+03
	     445.500	 6.24748e+00	 1.00000e+05	 4.45500e+07	 0.00000e+00	 0.00000e+00	 6.69453e+03	 1.30622e+03
	     450.500	 6.33341e+00	 1.00000e+05	 4.50500e+07	 0.00000e+00	 0.00000e+00	 6.69208e+03	 1.29054e+03
	     455.500	 6.42003e+00	 1.00000e+05	 4.55500e+07	 0.00000e+00	 0.00000e+00	 6.68940e+03	 1.27535e+03
	     460.500	 6.50724e+00	 1.00000e+05	 4.60500e+07	 0.00000e+00	 0.00000e+00	 6.68657e+03	 1.26180e+03
	     465.500	 6.59509e+00	 1.00000e+05	 4.65500e+07	 0.00000e+00	 0.00000e+00	 6.68354e+03	 1.24760e+03
	     470.500	 6.68360e+00	 1.00000e+05	 4.70500e+07	 0.00000e+00	 0.00000e+00	 6.68031e+03	 1.23306e+03
	     475.500	 6.77278e+00	 1.00000e+05	 4.75500e+07	 0.00000e+00	 0.00000e+00	 6.67698e+03	 1.21835e+03
	     480.500	 6.86260e+00	 1.00000e+05	 4.80500e+07	 0.00000e+00	 0.00000e+00	 6.67347e+03	 1.20410e+03
	     485.500	 6.95312e+00	 1.00000e+05	 4.85500e+07	 0.00000e+00	 0.00000e+00	 6.66979e+03	 1.18926e+03
	     490.500	 7.04437e+00	 1.00000e+05	 4.90500e+07	 0.00000e+00	 0.00000e+00	 6.66598e+03	 1.17326e+03
	     495.500	 7.13615e+00	 1.00000e+05	 4.95500e+07	 0.00000e+00	 0.00000e+00	 6.66203e+03	 1.16154e+03
	     500.500	 7.22846e+00	 1.00000e+05	 5.00500e+07	 0.00000e+00	 0.00000e+00	 6.65792e+03	 1.14969e+03
	     505.500	 7.32136e+00	 1.00000e+05	 5.05500e+07	 0.00000e+00	 0.00000e+00	 6.65371e+03	 1.13689e+03
	     510.500	 7.41483e+00	 1.00000e+05	 5.10500e+07	 0.00000e+00	 0.00000e+00	 6.64940e+03	 1.12433e+03
	     515.500	 7.50893e+00	 1.00000e+05	 5.15500e+07	 0.00000e+00	 0.00000e+00	 6.64498e+03	 1.11076e+03
	     520.500	 7.60362e+00	 1.00000e+05	 5.20500e+07	 0.00000e+00	 0.00000e+00	 6.64045e+03	 1.09821e+03
	     525.500	 7.69895e+00	 1.00000e+05	 5.25500e+07	 0.00000e+00	 0.00000e+00	 6.63577e+03	 1.08432e+03
	     530.500	 7.79491e+00	 1.00000e+05	 5.30500e+07	 0.00000e+00	 0.00000e+00	 6.63100e+03	 1.07119e+03
	     535.500	 7.89133e+00	 1.00000e+05	 5.35500e+07	 0.00000e+00	 0.00000e+00	 6.62614e+03	 1.06071e+03
	     540.500	 7.98825e+00	 1.00000e+05	 5.40500e+07	 0.00000e+00	 0.00000e+00	 6.62113e+03	 1.04994e+03
	     545.500	 8.08575e+00	 1.00000e+05	 5.45500e+07	 0.00000e+00	 0.00000e+00	 6.61608e+03	 1.03739e+03
	     550.500	 8.18382e+00	 1.00000e+05	 5.50500e+07	 0.00000e+00	 0.00000e+00	 6.61092e+03	 1.02527e+03
	     555.500	 8.28247e+00	 1.00000e+05	 5.55500e+07	 0.00000e+00	 0.00000e+00	 6.60568e+03	 1.01294e+03
	     560.500	 8.38168e+00	 1.00000e+05	 5.60500e+07	 0.00000e+00	 0.00000e+00	 6.60031e+03	 1.00116e+03
	     565.500	 8.48086e+00	 1.00000e+05	 5.65500e+07	 0.00000e+00	 0.00000e+00	 6.59486e+03	 1.00000e+03
	     570.500	 8.57996e+00	 1.00000e+05	 5.70500e+07	 0.00000e+00	 0.00000e+00	 6.58935e+03	 1.00000e+03
	     575.500	 8.67897e+00	 1.00000e+05	 5.75500e+07	 0.00000e+00	 0.00000e+00	 6.58375e+03	 1.00000e+03
	     577.000	 8.70867e+00	 1.00000e+05	 5.77000e+07	 0.00000e+00	 0.00000e+00	 6.58214e+03	 1.00000e+03
	     580.000	 8.76802e+00	 1.00000e+05	 5.80000e+07	 0.00000e+00	 0.00000e+00	 6.57872e+03	 1.00000e+03
	     581.500	 8.79770e+00	 1.00000e+05	 5.81500e+07	 0.00000e+00	 0.00000e+00	 6.57706e+03	 1.00000e+03
	     584.500	 8.85701e+00	 1.00000e+05	 5.84500e+07	 0.00000e+00	 0.00000e+00	 6.57362e+03	 1.00000e+03
	     586.000	 8.88665e+00	 1.00000e+05	 5.86000e+07	 0.00000e+00	 0.00000e+00	 6.57194e+03	 1.00000e+03
	     589.000	 8.94591e+00	 1.00000e+05	 5.89000e+07	 0.00000e+00	 0.00000e+00	 6.56849e+03	 1.00000e+03
	     590.500	 8.97554e+00	 1.00000e+05	 5.90500e+07	 0.00000e+00	 0.00000e+00	 6.56681e+03	 1.00000e+03
	     593.500	 9.03475e+00	 1.00000e+05	 5.93500e+07	 0.00000e+00	 0.00000e+00	 6.56334e+03	 1.00000e+03
	     595.000	 9.06435e+00	 1.00000e+05	 5.95000e+07	 0.00000e+00	 0.00000e+00	 6.56165e+03	 1.00000e+03
	     598.000	 9.12351e+00	 1.00000e+05	 5.98000e+07	 0.00000e+00	 0.00000e+00	 6.55816e+03	 1.00000e+03
	     599.500	 9.15309e+00	 1.00000e+05	 5.99500e+07	 0.00000e+00	 0.00000e+00	 6.55646e+03	 1.00000e+03
	     602.500	 9.21220e+00	 1.00000e+05	 6.02500e+07	 0.00000e+00	 0.00000e+00	 6.55296e+03	 1.00000e+03
	     604.000	 9.24175e+00	 1.00000e+05	 6.04000e+07	 0.00000e+00	 0.00000e+00	 6.55125e+03	 1.00000e+03
	     607.000	 9.30082e+00	 1.00000e+05	 6.07000e+07	 0.00000e+00	 0.00000e+00	 6.54771e+03	 1.00000e+03
	     612.000	 9.39918e+00	 1.00000e+05	 6.12000e+07	 0.00000e+00	 0.00000e+00	 6.54180e+03	 1.00000e+03
	     617.000	 9.49744e+00	 1.00000e+05	 6.17000e+07	 0.00000e+00	 0.00000e+00	 6.53593e+03	 1.00000e+03
	     618.500	 9.52692e+00	 1.00000e+05	 6.18500e+07	 0.00000e+00	 0.00000e+00	 6.53424e+03	 1.00000e+03
	     621.500	 9.58582e+00	 1.00000e+05	 6.21500e+07	 0.00000e+00	 0.00000e+00	 6.53067e+03	 1.00000e+03
	     626.500	 9.68391e+00	 1.00000e+05	 6.26500e+07	 0.00000e+00	 0.00000e+00	 6.52470e+03	 1.00000e+03
	     631.500	 9.78193e+00	 1.00000e+05	 6.31500e+07	 0.00000e+00	 0.00000e+00	 6.51875e+03	 1.00000e+03
	     633.000	 9.81133e+00	 1.00000e+05	 6.33000e+07	 0.00000e+00	 0.00000e+00	 6.51703e+03	 1.00000e+03
	     636.000	 9.87009e+00	 1.00000e+05	 6.36000e+07	 0.00000e+00	 0.00000e+00	 6.51340e+03	 1.00000e+03
	     640.500	 9.95817e+00	 1.00000e+05	 6.40500e+07	 0.00000e+00	 0.00000e+00	 6.50793e+03	 1.00000e+03
	     645.500	 1.00560e+01	 1.00000e+05	 6.45500e+07	 0.00000e+00	 0.00000e+00	 6.50183e+03	 1.00000e+03
	     650.500	 1.01538e+01	 1.00000e+05	 6.50500e+07	 0.00000e+00	 0.00000e+00	 6.49567e+03	 1.00000e+03
	     655.500	 1.02515e+01	 1.00000e+05	 6.55500e+07	 0.00000e+00	 0.00000e+00	 6.48937e+03	 1.00000e+03
	     660.500	 1.03491e+01	 1.00000e+05	 6.60500e+07	 0.00000e+00	 0.00000e+00	 6.48299e+03	 1.00000e+03
	     665.500	 1.04467e+01	 1.00000e+05	 6.65500e+07	 0.00000e+00	 0.00000e+00	 6.47650e+03	 1.00000e+03
	     670.500	 1.05442e+01	 1.00000e+05	 6.70500e+07	 0.00000e+00	 0.00000e+00	 6.46996e+03	 1.00000e+03
	     675.500	 1.06417e+01	 1.00000e+05	 6.75500e+07	 0.00000e+00	 0.00000e+00	 6.46333e+03	 1.00000e+03
	     680.500	 1.07390e+01	 1.00000e+05	 6.80500e+07	 0.00000e+00	 0.00000e+00	 6.45665e+03	 1.00000e+03
	     685.500	 1.08364e+01	 1.00000e+05	 6.85500e+07	 0.00000e+00	 0.00000e+00	 6.44994e+03	 1.00000e+03
	     690.500	 1.09336e+01	 1.00000e+05	 6.90500e+07	 0.00000e+00	 0.00000e+00	 6.44321e+03	 1.00000e+03
	     695.500	 1.10308e+01	 1.00000e+05	 6.95500e+07	 0.00000e+00	 0.00000e+00	 6.43643e+03	 1.00000e+03
	     700.500	 1.11280e+01	 1.00000e+05	 7.00500e+07	 0.00000e+00	 0.00000e+00	 6.42962e+03	 1.00000e+03
	     705.500	 1.12250e+01	 1.00000e+05	 7.05500e+07	 0.00000e+00	 0.00000e+00	 6.42279e+03	 1.00000e+03
	     710.500	 1.13220e+01	 1.00000e+05	 7.10500e+07	 0.00000e+00	 0.00000e+00	 6.41594e+03	 1.00000e+03
	     715.500	 1.14190e+01	 1.00000e+05	 7.15500e+07	 0.00000e+00	 0.00000e+00	 6.40907e+03	 1.00000e+03
	     720.000	 1.15062e+01	 1.00000e+05	 7.20000e+07	 0.00000e+00	 0.00000e+00	 6.40289e+03	 1.00000e+03
	     725.000	 1.16030e+01	 1.00000e+05	 7.25000e+07	 0.00000e+00	 0.00000e+00	 6.39597e+03	 1.00000e+03
	     735.000	 1.17964e+01	 1.00000e+05	 7.35000e+07	 0.00000e+00	 0.00000e+00	 6.38203e+03	 1.00000e+03
	     745.000	 1.19896e+01	 1.00000e+05	 7.45000e+07	 0.00000e+00	 0.00000e+00	 6.36820e+03	 1.00000e+03
	     755.000	 1.21825e+01	 1.00000e+05	 7.55000e+07	 0.00000e+00	 0.00000e+00	 6.35434e+03	 1.00000e+03
	     765.000	 1.23751e+01	 1.00000e+05	 7.65000e+07	 0.00000e+00	 0.00000e+00	 6.34047e+03	 1.00000e+03
	     775.000	 1.25676e+01	 1.00000e+05	 7.75000e+07	 0.00000e+00	 0.00000e+00	 6.32662e+03	 1.00000e+03
	     785.000	 1.27598e+01	 1.00000e+05	 7.85000e+07	 0.00000e+00	 0.00000e+00	 6.31274e+03	 1.00000e+03
	     795.000	 1.29517e+01	 1.00000e+05	 7.95000e+07	 0.00000e+00	 0.00000e+00	 6.29887e+03	 1.00000e+03
	     805.000	 1.31434e+01	 1.00000e+05	 8.05000e+07	 0.00000e+00	 0.00000e+00	 6.28500e+03	 1.00000e+03
	     815.000	 1.33349e+01	 1.00000e+05	 8.15000e+07	 0.00000e+00	 0.00000e+00	 6.27116e+03	 1.00000e+03
	     825.000	 1.35262e+01	 1.00000e+05	 8.25000e+07	 0.00000e+00	 0.00000e+00	 6.25735e+03	 1.00000e+03
	     835.000	 1.37172e+01	 1.00000e+05	 8.35000e+07	 0.00000e+00	 0.00000e+00	 6.24355e+03	 1.00000e+03
	     845.000	 1.39080e+01	 1.00000e+05	 8.45000e+07	 0.00000e+00	 0.00000e+00	 6.22976e+03	 1.00000e+03
	     855.000	 1.40986e+01	 1.00000e+05	 8.55000e+07	 0.00000e+00	 0.00000e+00	 6.21599e+03	 1.00000e+03
	     865.000	 1.42890e+01	 1.00000e+05	 8.65000e+07	 0.00000e+00	 0.00000e+00	 6.20225e+03	 1.00000e+03
	     875.000	 1.44792e+01	 1.00000e+05	 8.75000e+07	 0.00000e+00	 0.00000e+00	 6.18857e+03	 1.00000e+03
	     885.000	 1.46691e+01	 1.00000e+05	 8.85000e+07	 0.00000e+00	 0.00000e+00	 6.17491e+03	 1.00000e+03
	     885.900	 1.46862e+01	 1.00000e+05	 8.85900e+07	 0.00000e+00	 0.00000e+00	 6.17389e+03	 1.00000e+03
	     887.700	 1.47204e+01	 1.00000e+05	 8.87700e+07	 0.00000e+00	 0.00000e+00	 6.17142e+03	 1.00000e+03
	     891.300	 1.47887e+01	 1.00000e+05	 8.91300e+07	 0.00000e+00	 0.00000e+00	 6.16647e+03	 1.00000e+03
	     898.500	 1.49253e+01	 1.00000e+05	 8.98500e+07	 0.00000e+00	 0.00000e+00	 6.15661e+03	 1.00000e+03
	     908.500	 1.51147e+01	 1.00000e+05	 9.08500e+07	 0.00000e+00	 0.00000e+00	 6.14299e+03	 1.00000e+03
	     918.500	 1.53040e+01	 1.00000e+05	 9.18500e+07	 0.00000e+00	 0.00000e+00	 6.12950e+03	 1.00000e+03
	     928.500	 1.54930e+01	 1.00000e+05	 9.28500e+07	 0.00000e+00	 0.00000e+00	 6.11599e+03	 1.00000e+03
	     938.500	 1.56818e+01	 1.00000e+05	 9.38500e+07	 0.00000e+00	 0.00000e+00	 6.10257e+03	 1.00000e+03
	     948.500	 1.58704e+01	 1.00000e+05	 9.48500e+07	 0.00000e+00	 0.00000e+00	 6.08923e+03	 1.00000e+03
	     958.500	 1.60588e+01	 1.00000e+05	 9.58500e+07	 0.00000e+00	 0.00000e+00	 6.07595e+03	 1.00000e+03
	     968.500	 1.62470e+01	 1.00000e+05	 9.68500e+07	 0.00000e+00	 0.00000e+00	 6.06272e+03	 1.00000e+03
	     978.500	 1.64349e+01	 1.00000e+05	 9.78500e+07	 0.00000e+00	 0.00000e+00	 6.04955e+03	 1.00000e+03
	     988.500	 1.66227e+01	 1.00000e+05	 9.88500e+07	 0.00000e+00	 0.00000e+00	 6.03643e+03	 1.00000e+03
	     998.500	 1.68103e+01	 1.00000e+05	 9.98500e+07	 0.00000e+00	 0.00000e+00	 6.02338e+03	 1.00000e+03
	    1008.500	 1.69977e+01	 1.00000e+05	 1.00850e+08	 0.00000e+00	 0.00000e+00	 6.01040e+03	 1.00000e+03
	    1018.500	 1.71848e+01	 1.00000e+05	 1.01850e+08	 0.00000e+00	 0.00000e+00	 5.99746e+03	 1.00000e+03
	    1028.500	 1.73718e+01	 1.00000e+05	 1.02850e+08	 0.00000e+00	 0.00000e+00	 5.98462e+03	 1.00000e+03
	    1038.500	 1.75586e+01	 1.00000e+05	 1.03850e+08	 0.00000e+00	 0.00000e+00	 5.97186e+03	 1.00000e+03
	    1048.500	 1.77452e+01	 1.00000e+05	 1.04850e+08	 0.00000e+00	 0.00000e+00	 5.95918e+03	 1.00000e+03
	    1058.500	 1.79315e+01	 1.00000e+05	 1.05850e+08	 0.00000e+00	 0.00000e+00	 5.94660e+03	 1.00000e+03
	    1068.500	 1.81177e+01	 1.00000e+05	 1.06850e+08	 0.00000e+00	 0.00000e+00	 5.93410e+03	 1.00000e+03
	    1078.500	 1.83037e+01	 1.00000e+05	 1.07850e+08	 0.00000e+00	 0.00000e+00	 5.92171e+03	 1.00000e+03
	    1080.000	 1.83316e+01	 1.00000e+05	 1.08000e+08	 0.00000e+00	 0.00000e+00	 5.92001e+03	 1.00000e+03
	    1083.000	 1.83873e+01	 1.00000e+05	 1.08300e+08	 0.00000e+00	 0.00000e+00	 5.91625e+03	 1.00000e+03
	    1089.000	 1.84988e+01	 1.00000e+05	 1.08900e+08	 0.00000e+00	 0.00000e+00	 5.90881e+03	 1.00000e+03
	    1101.000	 1.87214e+01	 1.00000e+05	 1.10100e+08	 0.00000e+00	 0.00000e+00	 5.89402e+03	 1.00000e+03
	    1125.000	 1.91656e+01	 1.00000e+05	 1.12500e+08	 0.00000e+00	 0.00000e+00	 5.86479e+03	 1.00000e+03
	    1161.000	 1.98292e+01	 1.00000e+05	 1.16100e+08	 0.00000e+00	 0.00000e+00	 5.82168e+03	 1.00000e+03
	    1201.000	 2.05634e+01	 1.00000e+05	 1.20100e+08	 0.00000e+00	 0.00000e+00	 5.77493e+03	 1.00000e+03
	    1241.000	 2.12944e+01	 1.00000e+05	 1.24100e+08	 0.00000e+00	 0.00000e+00	 5.72941e+03	 1.00000e+03
	    1281.000	 2.20223e+01	 1.00000e+05	 1.28100e+08	 0.00000e+00	 0.00000e+00	 5.68524e+03	 1.00000e+03
	    1321.000	 2.27470e+01	 1.00000e+05	 1.32100e+08	 0.00000e+00	 0.00000e+00	 5.64280e+03	 1.00000e+03
	    1333.000	 2.29641e+01	 1.00000e+05	 1.33300e+08	 0.00000e+00	 0.00000e+00	 5.63085e+03	 1.00000e+03
	    1357.000	 2.33972e+01	 1.00000e+05	 1.35700e+08	 0.00000e+00	 0.00000e+00	 5.60660e+03	 1.00000e+03
	    1393.000	 2.40443e+01	 1.00000e+05	 1.39300e+08	 0.00000e+00	 0.00000e+00	 5.57187e+03	 1.00000e+03
	    1433.000	 2.47601e+01	 1.00000e+05	 1.43300e+08	 0.00000e+00	 0.00000e+00	 5.53538e+03	 1.00000e+03
	    1440.000	 2.48853e+01	 1.00000e+05	 1.44000e+08	 0.00000e+00	 0.00000e+00	 5.52968e+03	 1.00000e+03
	    1444.200	 2.49604e+01	 1.00000e+05	 1.44420e+08	 0.00000e+00	 0.00000e+00	 5.52603e+03	 1.00000e+03
	    1452.600	 2.51104e+01	 1.00000e+05	 1.45260e+08	 0.00000e+00	 0.00000e+00	 5.51860e+03	 1.00000e+03
	    1457.640	 2.52003e+01	 1.00000e+05	 1.45764e+08	 0.00000e+00	 0.00000e+00	 5.51423e+03	 1.00000e+03
	    1467.720	 2.53800e+01	 1.00000e+05	 1.46772e+08	 0.00000e+00	 0.00000e+00	 5.50538e+03	 1.00000e+03
	    1472.256	 2.54608e+01	 1.00000e+05	 1.47226e+08	 0.00000e+00	 0.00000e+00	 5.50148e+03	 1.00000e+03
	    1481.328	 2.56223e+01	 1.00000e+05	 1.48133e+08	 0.00000e+00	 0.00000e+00	 5.49359e+03	 1.00000e+03
	    1485.410	 2.56949e+01	 1.00000e+05	 1.48541e+08	 0.00000e+00	 0.00000e+00	 5.49017e+03	 1.00000e+03
	    1491.534	 2.58038e+01	 1.00000e+05	 1.49153e+08	 0.00000e+00	 0.00000e+00	 5.48494e+03	 1.00000e+03
	    1503.781	 2.60213e+01	 1.00000e+05	 1.50378e+08	 0.00000e+00	 0.00000e+00	 5.47454e+03	 1.00000e+03
	    1528.276	 2.64550e+01	 1.00000e+05	 1.52828e+08	 0.00000e+00	 0.00000e+00	 5.45429e+03	 1.00000e+03
	    1565.017	 2.71031e+01	 1.00000e+05	 1.56502e+08	 0.00000e+00	 0.00000e+00	 5.42531e+03	 1.00000e+03
	    1605.017	 2.78056e+01	 1.00000e+05	 1.60502e+08	 0.00000e+00	 0.00000e+00	 5.39511e+03	 1.00000e+03
	    1645.017	 2.85052e+01	 1.00000e+05	 1.64502e+08	 0.00000e+00	 0.00000e+00	 5.36580e+03	 1.00000e+03
	    1685.017	 2.92017e+01	 1.00000e+05	 1.68502e+08	 0.00000e+00	 0.00000e+00	 5.33717e+03	 1.00000e+03
	    1725.017	 2.98953e+01	 1.00000e+05	 1.72502e+08	 0.00000e+00	 0.00000e+00	 5.30912e+03	 1.00000e+03
	    1765.017	 3.05860e+01	 1.00000e+05	 1.76502e+08	 0.00000e+00	 0.00000e+00	 5.28152e+03	 1.00000e+03
	    1800.000	 3.11879e+01	 1.00000e+05	 1.80000e+08	 0.00000e+00	 0.00000e+00	 5.25758e+03	 1.00000e+03
	    1840.000	 3.18732e+01	 1.00000e+05	 1.84000e+08	 0.00000e+00	 0.00000e+00	 5.23005e+03	 1.00000e+03
	    1880.000	 3.25556e+01	 1.00000e+05	 1.88000e+08	 0.00000e+00	 0.00000e+00	 5.20251e+03	 1.00000e+03
	    1920.000	 3.32353e+01	 1.00000e+05	 1.92000e+08	 0.00000e+00	 0.00000e+00	 5.17482e+03	 1.00000e+03
	    1960.000	 3.39121e+01	 1.00000e+05	 1.96000e+08	 0.00000e+00	 0.00000e+00	 5.14708e+03	 1.00000e+03
	    2000.000	 3.45861e+01	 1.00000e+05	 2.00000e+08	 0.00000e+00	 0.00000e+00	 5.11951e+03	 1.00000e+03
	    2040.000	 3.52574e+01	 1.00000e+05	 2.04000e+08	 0.00000e+00	 0.00000e+00	 5.09202e+03	 1.00000e+03
	    2080.000	 3.59259e+01	 1.00000e+05	 2.08000e+08	 0.00000e+00	 0.00000e+00	 5.06489e+03	 1.00000e+03
	    2120.000	 3.65917e+01	 1.00000e+05	 2.12000e+08	 0.00000e+00	 0.00000e+00	 5.03820e+03	 1.00000e+03
	    2160.000	 3.72548e+01	 1.00000e+05	 2.16000e+08	 0.00000e+00	 0.00000e+00	 5.01202e+03	 1.00000e+03
	    2200.000	 3.79153e+01	 1.00000e+05	 2.20000e+08	 0.00000e+00	 0.00000e+00	 4.98640e+03	 1.00000e+03
	    2240.000	 3.85731e+01	 1.00000e+05	 2.24000e+08	 0.00000e+00	 0.00000e+00	 4.96190e+03	 1.00000e+03
	    2280.000	 3.92283e+01	 1.00000e+05	 2.28000e+08	 0.00000e+00	 0.00000e+00	 4.93798e+03	 1.00000e+03
	    2320.000	 3.98809e+01	 9.99999e+04	 2.32000e+08	 0.00000e+00	 0.00000e+00	 4.91460e+03	 1.00000e+03
	    2360.000	 4.05309e+01	 1.00000e+05	 2.36000e+08	 0.00000e+00	 0.00000e+00	 4.89178e+03	 1.00000e+03
	    2400.000	 4.11784e+01	 1.00000e+05	 2.40000e+08	 0.00000e+00	 0.00000e+00	 4.86943e+03	 1.00000e+03
	    2440.000	 4.18234e+01	 1.00000e+05	 2.44000e+08	 0.00000e+00	 0.00000e+00	 4.84748e+03	 1.00000e+03
	    2480.000	 4.24658e+01	 1.00000e+05	 2.48000e+08	 0.00000e+00	 0.00000e+00	 4.82588e+03	 1.00000e+03
	    2520.000	 4.31056e+01	 1.00000e+05	 2.52000e+08	 0.00000e+00	 0.00000e+00	 4.80454e+03	 1.00000e+03
	    2560.000	 4.37430e+01	 1.00000e+05	 2.56000e+08	 0.00000e+00	 0.00000e+00	 4.78359e+03	 1.00000e+03
	    2600.000	 4.43779e+01	 1.00000e+05	 2.60000e+08	 0.00000e+00	 0.00000e+00	 4.76293e+03	 1.00000e+03
	    2640.000	 4.50103e+01	 1.00000e+05	 2.64000e+08	 0.00000e+00	 0.00000e+00	 4.74273e+03	 1.00000e+03
	    2680.000	 4.56402e+01	 1.00000e+05	 2.68000e+08	 0.00000e+00	 0.00000e+00	 4.72303e+03	 1.00000e+03
	    2720.000	 4.62678e+01	 1.00000e+05	 2.72000e+08	 0.00000e+00	 0.00000e+00	 4.70380e+03	 1.00000e+03
	    2760.000	 4.68931e+01	 1.00000e+05	 2.76000e+08	 0.00000e+00	 0.00000e+00	 4.68514e+03	 1.00000e+03
	    2800.000	 4.75160e+01	 1.00000e+05	 2.80000e+08	 0.00000e+00	 0.00000e+00	 4.66709e+03	 1.00000e+03
	    2840.000	 4.81368e+01	 1.00000e+05	 2.84000e+08	 0.00000e+00	 0.00000e+00	 4.64960e+03	 1.00000e+03
	    2880.000	 4.87553e+01	 1.00000e+05	 2.88000e+08	 0.00000e+00	 0.00000e+00	 4.63277e+03	 1.00000e+03
	    2920.000	 4.93718e+01	 1.00000e+05	 2.92000e+08	 0.00000e+00	 0.00000e+00	 4.61667e+03	 1.00000e+03
	    2960.000	 4.99861e+01	 1.00000e+05	 2.96000e+08	 0.00000e+00	 0.00000e+00	 4.60139e+03	 1.00000e+03
	    3000.000	 5.05984e+01	 1.00000e+05	 3.00000e+08	 0.00000e+00	 0.00000e+00	 4.58708e+03	 1.00000e+03
	    3040.000	 5.12087e+01	 1.00000e+05	 3.04000e+08	 0.00000e+00	 0.00000e+00	 4.57369e+03	 1.00000e+03
	    3080.000	 5.18170e+01	 1.00000e+05	 3.08000e+08	 0.00000e+00	 0.00000e+00	 4.56097e+03	 1.00000e+03
	    3120.000	 5.24233e+01	 1.00000e+05	 3.12000e+08	 0.00000e+00	 0.00000e+00	 4.54868e+03	 1.00000e+03
	    3160.000	 5.30277e+01	 1.00000e+05	 3.16000e+08	 0.00000e+00	 0.00000e+00	 4.53667e+03	 1.00000e+03
	    3200.000	 5.36301e+01	 1.00000e+05	 3.20000e+08	 0.00000e+00	 0.00000e+00	 4.52484e+03	 1.00000e+03
	    3240.000	 5.42305e+01	 1.00000e+05	 3.24000e+08	 0.00000e+00	 0.00000e+00	 4.51310e+03	 1.00000e+03
	    3280.000	 5.48289e+01	 1.00000e+05	 3.28000e+08	 0.00000e+00	 0.00000e+00	 4.50138e+03	 1.00000e+03
	    3320.000	 5.54255e+01	 1.00000e+05	 3.32000e+08	 0.00000e+00	 0.00000e+00	 4.48963e+03	 1.00000e+03
	    3360.000	 5.60201e+01	 1.00000e+05	 3.36000e+08	 0.00000e+00	 0.00000e+00	 4.47782e+03	 1.00000e+03
	    3400.000	 5.66128e+01	 1.00000e+05	 3.40000e+08	 0.00000e+00	 0.00000e+00	 4.46595e+03	 1.00000e+03
	    3440.000	 5.72036e+01	 1.00000e+05	 3.44000e+08	 0.00000e+00	 0.00000e+00	 4.45398e+03	 1.00000e+03
	    3480.000	 5.77923e+01	 1.00000e+05	 3.48000e+08	 0.00000e+00	 0.00000e+00	 4.44183e+03	 1.00000e+03
	    3520.000	 5.83790e+01	 1.00000e+05	 3.52000e+08	 0.00000e+00	 0.00000e+00	 4.42948e+03	 1.00000e+03
	    3560.000	 5.89637e+01	 1.00000e+05	 3.56000e+08	 0.00000e+00	 0.00000e+00	 4.41690e+03	 1.00000e+03
	    3600.000	 5.95462e+01	 1.00000e+05	 3.60000e+08	 0.00000e+00	 0.00000e+00	 4.40407e+03	 1.00000e+03

