1 [139854051043200] INFO perfrun.launcher <> - Launcher main begin
2 [139854051043200] INFO perfrun.launcher <> - MessageCatalogInit finished
2 [139854051043200] INFO perfrun.launcher <> - Launcher instance created
3 [139854051043200] INFO perfrun.launcher <> - argc = 6; cmdline = /home/brianlee/intel/oneapi/vtune/2024.1/bin64/amplxe-runss -dump-vdso -r /home/brianlee/Documents/asc/OpenCAEPoro/OpenCAEPoro/OpenCAE/r012tr --tmp-dir /tmp/amplxe-tmp-brianlee 
100 [139854051043200] INFO perfrun.launcher <> - create msngr2::ICliToolContext
100 [139854051043200] INFO perfrun.launcher <> - create file finder object
101 [139853828196032] INFO perfrun.launcher <> - plugin [remoteplug] was disabled because it doesn't support the given collection type.
101 [139853828196032] INFO perfrun.launcher <> - plugin [system] was disabled because it doesn't support the given collection type.
102 [139853828196032] INFO perfrun.vdso <> - dumping [vdso] pseudomodule
102 [139853828196032] INFO perfrun.launcher <> - plugin [itt] was disabled because it doesn't support the given collection type.
102 [139853828196032] INFO perfrun.launcher <> - plugin [ptracecollector] was disabled because it doesn't support the given collection type.
102 [139853828196032] INFO perfrun.launcher <> - plugin [gpu] was disabled because it doesn't support the given collection type.
102 [139853828196032] INFO perfrun.launcher <> - plugin [] was disabled because it doesn't support the given collection type.
102 [139853828196032] INFO perfrun.launcher <> - plugin [] was disabled because it doesn't support the given collection type.
102 [139853828196032] INFO perfrun.launcher <> - plugin [] was disabled because it doesn't support the given collection type.
102 [139853828196032] INFO perfrun.launcher <> - plugin [mrte] was disabled because it doesn't support the given collection type.
102 [139853828196032] INFO perfrun.launcher <> - plugin [emon] was disabled because it doesn't support the given collection type.
102 [139853828196032] INFO perfrun.launcher <> - plugin [cuscol] was disabled because it doesn't support the given collection type.
102 [139853828196032] INFO perfrun.launcher <> - plugin [stdsrc] was disabled because it doesn't support the given collection type.
102 [139853828196032] INFO perfrun.launcher <> - plugin [sep] was disabled because it doesn't support the given collection type.
102 [139853828196032] INFO perfrun.launcher <> - plugin [vtsspp] was disabled because it doesn't support the given collection type.
102 [139853828196032] INFO perfrun.launcher <> - plugin [perf] was disabled because it doesn't support the given collection type.
102 [139853828196032] INFO perfrun.launcher <> - plugin [aoclprofile] was disabled because it doesn't support the given collection type.
102 [139853828196032] INFO perfrun.launcher <> - plugin [tpss] was disabled because it doesn't support the given collection type.
102 [139853828196032] INFO perfrun.launcher <> - plugin [media] was disabled because it doesn't support the given collection type.
102 [139853828196032] INFO perfrun.launcher <> - plugin [] was disabled because it doesn't support the given collection type.
103 [139853828196032] INFO perfrun.launcher <> - plugin [] was disabled because it doesn't support the given collection type.
103 [139853828196032] INFO perfrun.launcher <> - plugin [parallelfs] was disabled because it doesn't support the given collection type.
103 [139853828196032] INFO perfrun.launcher <> - plugin [power] was disabled because it doesn't support the given collection type.
103 [139853828196032] INFO perfrun.launcher <> - plugin [] was disabled because it doesn't support the given collection type.
103 [139853828196032] INFO perfrun.launcher <> - plugin [ipmwatch] was disabled because it doesn't support the given collection type.
103 [139853828196032] INFO perfrun.launcher <> - plugin [os_counters] was disabled because it doesn't support the given collection type.
103 [139853828196032] INFO perfrun.launcher <> - plugin [l0_metrics] was disabled because it doesn't support the given collection type.
103 [139854051043200] INFO perfrun.launcher <> - Application exit code: 0
103 [139854051043200] INFO perfrun.launcher <> - Exit code: 0
