threads_spec: cpu
Using CPUID GenuineIntel-6-9A-4
DEBUGINFOD_URLS=
Compression enabled, disabling build id collection at the end of the session.
nr_threads: 12
thread_masks[0]: 0x563dce2bf990: maps mask[12]: 0
thread_masks[0]: 0x563dce2bf9a0: affinity mask[12]: 0
thread_masks[1]: 0x563dce2bf9b0: maps mask[12]: 1
thread_masks[1]: 0x563dce2bf9c0: affinity mask[12]: 1
thread_masks[2]: 0x563dce2bf9d0: maps mask[12]: 2
thread_masks[2]: 0x563dce2bf9e0: affinity mask[12]: 2
thread_masks[3]: 0x563dce2bf9f0: maps mask[12]: 3
thread_masks[3]: 0x563dce2bfa00: affinity mask[12]: 3
thread_masks[4]: 0x563dce2bfa10: maps mask[12]: 4
thread_masks[4]: 0x563dce2bfa20: affinity mask[12]: 4
thread_masks[5]: 0x563dce2bfa30: maps mask[12]: 5
thread_masks[5]: 0x563dce2bfa40: affinity mask[12]: 5
thread_masks[6]: 0x563dce2bfa50: maps mask[12]: 6
thread_masks[6]: 0x563dce2bfa60: affinity mask[12]: 6
thread_masks[7]: 0x563dce2bfa70: maps mask[12]: 7
thread_masks[7]: 0x563dce2bfa80: affinity mask[12]: 7
thread_masks[8]: 0x563dce2bfa90: maps mask[12]: 8
thread_masks[8]: 0x563dce2bfaa0: affinity mask[12]: 8
thread_masks[9]: 0x563dce2bfab0: maps mask[12]: 9
thread_masks[9]: 0x563dce2bfac0: affinity mask[12]: 9
thread_masks[10]: 0x563dce2bfad0: maps mask[12]: 10
thread_masks[10]: 0x563dce2bfae0: affinity mask[12]: 10
thread_masks[11]: 0x563dce2bfaf0: maps mask[12]: 11
thread_masks[11]: 0x563dce2bfb00: affinity mask[12]: 11
nr_cblocks: 0
affinity: SYS
mmap flush: 1
comp level: 1
mmap size 528384B
couldn't open /proc/1/task/1/maps
couldn't open /proc/677/task/677/maps
couldn't open /proc/711/task/711/maps
couldn't open /proc/749/task/749/maps
couldn't open /proc/1156/task/1156/maps
couldn't open /proc/1157/task/1157/maps
couldn't open /proc/1202/task/1202/maps
couldn't open /proc/1215/task/1215/maps
couldn't open /proc/1216/task/1216/maps
couldn't open /proc/1218/task/1218/maps
couldn't open /proc/1219/task/1219/maps
couldn't open /proc/1222/task/1222/maps
couldn't open /proc/1223/task/1223/maps
couldn't open /proc/1224/task/1224/maps
couldn't open /proc/1225/task/1225/maps
couldn't open /proc/1227/task/1227/maps
couldn't open /proc/1228/task/1228/maps
couldn't open /proc/1232/task/1232/maps
couldn't open /proc/1233/task/1233/maps
couldn't open /proc/1234/task/1234/maps
couldn't open /proc/1235/task/1235/maps
couldn't open /proc/1237/task/1237/maps
couldn't open /proc/1240/task/1240/maps
couldn't open /proc/1241/task/1241/maps
couldn't open /proc/1243/task/1243/maps
couldn't open /proc/1255/task/1255/maps
couldn't open /proc/1274/task/1274/maps
couldn't open /proc/1286/task/1286/maps
couldn't open /proc/1310/task/1310/maps
couldn't open /proc/1341/task/1341/maps
couldn't open /proc/1342/task/1342/maps
couldn't open /proc/1353/task/1353/maps
couldn't open /proc/1426/task/1426/maps
couldn't open /proc/1435/task/1435/maps
couldn't open /proc/1439/task/1439/maps
couldn't open /proc/1444/task/1444/maps
couldn't open /proc/1454/task/1454/maps
couldn't open /proc/1455/task/1455/maps
couldn't open /proc/1456/task/1456/maps
couldn't open /proc/1487/task/1487/maps
couldn't open /proc/1499/task/1499/maps
couldn't open /proc/1506/task/1506/maps
couldn't open /proc/1567/task/1567/maps
couldn't open /proc/1592/task/1592/maps
couldn't open /proc/1903/task/1903/maps
couldn't open /proc/2276/task/2276/maps
couldn't open /proc/2497/task/2497/maps
couldn't open /proc/2526/task/2526/maps
couldn't open /proc/2537/task/2537/maps
couldn't open /proc/2601/task/2601/maps
couldn't open /proc/2653/task/2653/maps
couldn't open /proc/3241/task/3241/maps
couldn't open /proc/3297/task/3297/maps
couldn't open /proc/3510/task/3510/maps
couldn't open /proc/3578/task/3578/maps
couldn't open /proc/4302/task/4302/maps
couldn't open /proc/1711673/task/1711673/maps
couldn't open /proc/2572858/task/2572858/maps
couldn't open /proc/2574541/task/2574541/maps
couldn't open /proc/2575087/task/2575087/maps
couldn't open /proc/2575337/task/2575337/maps
couldn't open /proc/2575481/task/2575481/maps
couldn't open /proc/2575529/task/2575529/maps
couldn't open /proc/2575564/task/2575564/maps
couldn't open /proc/2576111/task/2576111/maps
couldn't open /proc/2576113/task/2576113/maps
threads[2576153]: started on cpu1
threads[2576154]: started on cpu2
threads[2576155]: started on cpu3
threads[2576156]: started on cpu4
threads[2576157]: started on cpu5
threads[2576158]: started on cpu6
threads[2576159]: started on cpu7
threads[2576160]: started on cpu8
threads[2576161]: started on cpu9
threads[2576162]: started on cpu10
threads[2576163]: started on cpu11
threads[2576150]: started on cpu0

2576151:perf-sync:ready:TSC=465493328792157
[ perf record: Woken up 1 times to write data ]
threads[2576150]: samples=1, wakes=1, transferred=109296, compressed=16559
threads[2576153]: samples=1, wakes=2, transferred=127136, compressed=17852
threads[2576154]: samples=3, wakes=2, transferred=70528, compressed=11129
threads[2576155]: samples=1, wakes=2, transferred=22896, compressed=3698
threads[2576156]: samples=3, wakes=2, transferred=56136, compressed=10234
threads[2576157]: samples=1, wakes=2, transferred=18848, compressed=4622
threads[2576158]: samples=3, wakes=2, transferred=14624, compressed=3687
threads[2576159]: samples=3, wakes=2, transferred=30680, compressed=6357
threads[2576160]: samples=3, wakes=2, transferred=14720, compressed=3533
threads[2576161]: samples=3, wakes=2, transferred=28128, compressed=4923
threads[2576162]: samples=3, wakes=2, transferred=33128, compressed=6367
threads[2576163]: samples=3, wakes=2, transferred=12608, compressed=3367
failed to write feature CPU_PMU_CAPS
[ perf record: Captured and wrote 13.228 MB /home/brianlee/Documents/asc/OpenCAEPoro/OpenCAEPoro/OpenCAE/r006io/data.0/system-wide.perf, compressed (original 0.514 MB, ratio is 5.835) ]
